"../../../Engine/Content/EditorResources/S_Actor.ubulk" 0
"../../../Engine/Content/EditorResources/S_Actor.uasset" 1
"../../../Engine/Content/EditorResources/S_Actor.uexp" 2
"../../../Engine/Content/EditorResources/S_BoxReflectionCapture.uasset" 3
"../../../Engine/Content/EditorResources/S_BoxReflectionCapture.uexp" 4
"../../../Engine/Content/EngineResources/DefaultTexture.ubulk" 5
"../../../Engine/Content/EngineResources/DefaultTexture.uasset" 6
"../../../Engine/Content/EngineResources/DefaultTexture.uexp" 7
"../../../Engine/Content/EngineResources/DefaultTextureCube.uasset" 8
"../../../Engine/Content/EngineResources/DefaultTextureCube.uexp" 9
"../../../Engine/Content/EngineResources/DefaultVolumeTexture2D.uasset" 10
"../../../Engine/Content/EngineResources/DefaultVolumeTexture2D.uexp" 11
"../../../Engine/Content/EngineResources/DefaultVolumeTexture.uasset" 12
"../../../Engine/Content/EngineResources/DefaultVolumeTexture.uexp" 13
"../../../Engine/Content/EditorResources/S_Trigger.ubulk" 14
"../../../Engine/Content/EditorResources/S_Trigger.uasset" 15
"../../../Engine/Content/EditorResources/S_Trigger.uexp" 16
"../../../Engine/Content/EditorResources/S_TriggerBox.uasset" 17
"../../../Engine/Content/EditorResources/S_TriggerBox.uexp" 18
"../../../Engine/Content/EditorResources/S_TriggerCapsule.uasset" 19
"../../../Engine/Content/EditorResources/S_TriggerCapsule.uexp" 20
"../../../Engine/Content/EditorResources/S_TriggerSphere.uasset" 21
"../../../Engine/Content/EditorResources/S_TriggerSphere.uexp" 22
"../../../Engine/Content/EngineMeshes/Sphere.ubulk" 23
"../../../Engine/Content/EngineMeshes/Sphere.uasset" 24
"../../../Engine/Content/EngineMeshes/Sphere.uexp" 25
"../../../Engine/Content/EngineResources/GradientTexture0.uasset" 26
"../../../Engine/Content/EngineResources/GradientTexture0.uexp" 27
"../../../Engine/Content/EngineResources/Black.uasset" 28
"../../../Engine/Content/EngineResources/Black.uexp" 29
"../../../Engine/Content/VREditor/LaserPointer/VR_LaserPower_01.ubulk" 30
"../../../Engine/Content/VREditor/LaserPointer/VR_LaserPower_01.uasset" 31
"../../../Engine/Content/VREditor/LaserPointer/VR_LaserPower_01.uexp" 32
"../../../Engine/Content/VREditor/TransformGizmo/TransformGizmoMaterial.uasset" 33
"../../../Engine/Content/VREditor/TransformGizmo/TransformGizmoMaterial.uexp" 34
"../../../Engine/Content/VREditor/TransformGizmo/TranslucentTransformGizmoMaterial.uasset" 35
"../../../Engine/Content/VREditor/TransformGizmo/TranslucentTransformGizmoMaterial.uexp" 36
"../../../Engine/Content/VREditor/TransformGizmo/PlaneTranslationHandle.ubulk" 37
"../../../Engine/Content/VREditor/TransformGizmo/PlaneTranslationHandle.uasset" 38
"../../../Engine/Content/VREditor/TransformGizmo/PlaneTranslationHandle.uexp" 39
"../../../Engine/Content/VREditor/TransformGizmo/BoundingBoxCorner.ubulk" 40
"../../../Engine/Content/VREditor/TransformGizmo/BoundingBoxCorner.uasset" 41
"../../../Engine/Content/VREditor/TransformGizmo/BoundingBoxCorner.uexp" 42
"../../../Engine/Content/VREditor/TransformGizmo/BoundingBoxEdge.ubulk" 43
"../../../Engine/Content/VREditor/TransformGizmo/BoundingBoxEdge.uasset" 44
"../../../Engine/Content/VREditor/TransformGizmo/BoundingBoxEdge.uexp" 45
"../../../Engine/Content/VREditor/TransformGizmo/Main.uasset" 46
"../../../Engine/Content/VREditor/TransformGizmo/Main.uexp" 47
"../../../Engine/Content/VREditor/TransformGizmo/Xray.uasset" 48
"../../../Engine/Content/VREditor/TransformGizmo/Xray.uexp" 49
"../../../Engine/Content/VREditor/TransformGizmo/SM_Sequencer_Node.ubulk" 50
"../../../Engine/Content/VREditor/TransformGizmo/SM_Sequencer_Node.uasset" 51
"../../../Engine/Content/VREditor/TransformGizmo/SM_Sequencer_Node.uexp" 52
"../../../Engine/Content/EditorMaterials/Camera/CineMat.uasset" 53
"../../../Engine/Content/EditorMaterials/Camera/CineMat.uexp" 54
"../../../Engine/Content/EditorMaterials/Camera/MI_CineMat_Rig.uasset" 55
"../../../Engine/Content/EditorMaterials/Camera/MI_CineMat_Rig.uexp" 56
"../../../Engine/Content/EditorMeshes/Camera/SM_CraneRig_Base.ubulk" 57
"../../../Engine/Content/EditorMeshes/Camera/SM_CraneRig_Base.uasset" 58
"../../../Engine/Content/EditorMeshes/Camera/SM_CraneRig_Base.uexp" 59
"../../../Engine/Content/EditorMeshes/Camera/SM_CraneRig_Arm.ubulk" 60
"../../../Engine/Content/EditorMeshes/Camera/SM_CraneRig_Arm.uasset" 61
"../../../Engine/Content/EditorMeshes/Camera/SM_CraneRig_Arm.uexp" 62
"../../../Engine/Content/EditorMeshes/Camera/SM_CraneRig_Mount.ubulk" 63
"../../../Engine/Content/EditorMeshes/Camera/SM_CraneRig_Mount.uasset" 64
"../../../Engine/Content/EditorMeshes/Camera/SM_CraneRig_Mount.uexp" 65
"../../../Engine/Content/EditorMeshes/Camera/SM_CraneRig_Body.ubulk" 66
"../../../Engine/Content/EditorMeshes/Camera/SM_CraneRig_Body.uasset" 67
"../../../Engine/Content/EditorMeshes/Camera/SM_CraneRig_Body.uexp" 68
"../../../Engine/Content/EditorMeshes/Camera/SM_RailRig_Track.ubulk" 69
"../../../Engine/Content/EditorMeshes/Camera/SM_RailRig_Track.uasset" 70
"../../../Engine/Content/EditorMeshes/Camera/SM_RailRig_Track.uexp" 71
"../../../Engine/Content/EditorMeshes/Camera/SM_RailRig_Mount.ubulk" 72
"../../../Engine/Content/EditorMeshes/Camera/SM_RailRig_Mount.uasset" 73
"../../../Engine/Content/EditorMeshes/Camera/SM_RailRig_Mount.uexp" 74
"../../../Engine/Content/EngineMaterials/T_Default_Material_Grid_M.ubulk" 75
"../../../Engine/Content/EngineMaterials/T_Default_Material_Grid_M.uasset" 76
"../../../Engine/Content/EngineMaterials/T_Default_Material_Grid_M.uexp" 77
"../../../Engine/Content/EngineMaterials/T_Default_Material_Grid_N.ubulk" 78
"../../../Engine/Content/EngineMaterials/T_Default_Material_Grid_N.uasset" 79
"../../../Engine/Content/EngineMaterials/T_Default_Material_Grid_N.uexp" 80
"../../../Engine/Content/Functions/Engine_MaterialFunctions01/Opacity/CameraDepthFade.uasset" 81
"../../../Engine/Content/Functions/Engine_MaterialFunctions01/Opacity/CameraDepthFade.uexp" 82
"../../../Engine/Content/EngineMaterials/WorldGridMaterial.uasset" 83
"../../../Engine/Content/EngineMaterials/WorldGridMaterial.uexp" 84
"../../../Engine/Content/ArtTools/RenderToTexture/Meshes/S_1_Unit_Plane.ubulk" 85
"../../../Engine/Content/ArtTools/RenderToTexture/Meshes/S_1_Unit_Plane.uasset" 86
"../../../Engine/Content/ArtTools/RenderToTexture/Meshes/S_1_Unit_Plane.uexp" 87
"../../../Engine/Content/EditorMaterials/ParticleSystems/PSysThumbnail_NoImage.ubulk" 88
"../../../Engine/Content/EditorMaterials/ParticleSystems/PSysThumbnail_NoImage.uasset" 89
"../../../Engine/Content/EditorMaterials/ParticleSystems/PSysThumbnail_NoImage.uexp" 90
"../../../Engine/Content/EditorMaterials/ParticleSystems/PSysThumbnail_OOD.ubulk" 91
"../../../Engine/Content/EditorMaterials/ParticleSystems/PSysThumbnail_OOD.uasset" 92
"../../../Engine/Content/EditorMaterials/ParticleSystems/PSysThumbnail_OOD.uexp" 93
"../../../Engine/Content/EditorLandscapeResources/SplineEditorMeshMat.uasset" 94
"../../../Engine/Content/EditorLandscapeResources/SplineEditorMeshMat.uexp" 95
"../../../Engine/Content/EditorLandscapeResources/SplineEditorMesh.ubulk" 96
"../../../Engine/Content/EditorLandscapeResources/SplineEditorMesh.uasset" 97
"../../../Engine/Content/EditorLandscapeResources/SplineEditorMesh.uexp" 98
"../../../Engine/Content/EditorResources/S_Solver.ubulk" 99
"../../../Engine/Content/EditorResources/S_Solver.uasset" 100
"../../../Engine/Content/EditorResources/S_Solver.uexp" 101
"../../../Engine/Plugins/Media/MediaPlate/Content/SM_MediaPlateScreen.ubulk" 102
"../../../Engine/Plugins/Media/MediaPlate/Content/SM_MediaPlateScreen.uasset" 103
"../../../Engine/Plugins/Media/MediaPlate/Content/SM_MediaPlateScreen.uexp" 104
"../../../Engine/Content/EngineMaterials/Good64x64TilingNoiseHighFreq.uasset" 105
"../../../Engine/Content/EngineMaterials/Good64x64TilingNoiseHighFreq.uexp" 106
"../../../Engine/Content/EngineMaterials/DefaultBokeh.uasset" 107
"../../../Engine/Content/EngineMaterials/DefaultBokeh.uexp" 108
"../../../Engine/Content/EngineMaterials/PreintegratedSkinBRDF.uasset" 109
"../../../Engine/Content/EngineMaterials/PreintegratedSkinBRDF.uexp" 110
"../../../Engine/Content/EngineMaterials/MiniFont.uasset" 111
"../../../Engine/Content/EngineMaterials/MiniFont.uexp" 112
"../../../Engine/Content/EngineMaterials/WeightMapPlaceholderTexture.uasset" 113
"../../../Engine/Content/EngineMaterials/WeightMapPlaceholderTexture.uexp" 114
"../../../Engine/Content/EngineMaterials/DefaultWhiteGrid.ubulk" 115
"../../../Engine/Content/EngineMaterials/DefaultWhiteGrid.uasset" 116
"../../../Engine/Content/EngineMaterials/DefaultWhiteGrid.uexp" 117
"../../../Engine/Plugins/2D/Paper2D/Content/PlaceholderTextures/DummySpriteTexture.ubulk" 118
"../../../Engine/Plugins/2D/Paper2D/Content/PlaceholderTextures/DummySpriteTexture.uasset" 119
"../../../Engine/Plugins/2D/Paper2D/Content/PlaceholderTextures/DummySpriteTexture.uexp" 120
"../../../Engine/Plugins/2D/Paper2D/Content/DefaultSpriteMaterial.uasset" 121
"../../../Engine/Plugins/2D/Paper2D/Content/DefaultSpriteMaterial.uexp" 122
"../../../Engine/Plugins/2D/Paper2D/Content/OpaqueUnlitSpriteMaterial.uasset" 123
"../../../Engine/Plugins/2D/Paper2D/Content/OpaqueUnlitSpriteMaterial.uexp" 124
"../../../Engine/Plugins/2D/Paper2D/Content/MaskedUnlitSpriteMaterial.uasset" 125
"../../../Engine/Plugins/2D/Paper2D/Content/MaskedUnlitSpriteMaterial.uexp" 126
"../../../Engine/Plugins/2D/Paper2D/Content/DummySprite.uasset" 127
"../../../Engine/Plugins/2D/Paper2D/Content/DummySprite.uexp" 128
"../../../Engine/Plugins/2D/Paper2D/Content/DefaultPaperTerrainMaterial.uasset" 129
"../../../Engine/Plugins/2D/Paper2D/Content/DefaultPaperTerrainMaterial.uexp" 130
"../../../Engine/Content/Functions/Engine_MaterialFunctions02/WorldPositionOffset/CameraOffset.uasset" 131
"../../../Engine/Content/Functions/Engine_MaterialFunctions02/WorldPositionOffset/CameraOffset.uexp" 132
"../../../Engine/Plugins/Animation/ControlRig/Content/M_Manip.uasset" 133
"../../../Engine/Plugins/Animation/ControlRig/Content/M_Manip.uexp" 134
"../../../Engine/Content/BasicShapes/Plane.ubulk" 135
"../../../Engine/Content/BasicShapes/Plane.uasset" 136
"../../../Engine/Content/BasicShapes/Plane.uexp" 137
"../../../Engine/Content/EngineMaterials/DefaultMaterial.uasset" 138
"../../../Engine/Content/EngineMaterials/DefaultMaterial.uexp" 139
"../../../Engine/Content/BasicShapes/Cylinder.ubulk" 140
"../../../Engine/Content/BasicShapes/Cylinder.uasset" 141
"../../../Engine/Content/BasicShapes/Cylinder.uexp" 142
"../../../Engine/Content/BasicShapes/Cone.ubulk" 143
"../../../Engine/Content/BasicShapes/Cone.uasset" 144
"../../../Engine/Content/BasicShapes/Cone.uexp" 145
"../../../Engine/Content/Animation/DefaultRecorderBoneCompression.uasset" 146
"../../../Engine/Content/Animation/DefaultRecorderBoneCompression.uexp" 147
"../../../Engine/Content/Animation/DefaultAnimCurveCompressionSettings.uasset" 148
"../../../Engine/Content/Animation/DefaultAnimCurveCompressionSettings.uexp" 149
"../../../Engine/Content/Animation/DefaultAnimBoneCompressionSettings.uasset" 150
"../../../Engine/Content/Animation/DefaultAnimBoneCompressionSettings.uexp" 151
"../../../Engine/Content/Functions/Engine_MaterialFunctions02/Utility/CameraDirectionVector.uasset" 152
"../../../Engine/Content/Functions/Engine_MaterialFunctions02/Utility/CameraDirectionVector.uexp" 153
"../../../Engine/Content/EngineDebugMaterials/VolumeToRender.uasset" 154
"../../../Engine/Content/EngineDebugMaterials/VolumeToRender.uexp" 155
"../../../Engine/Content/EngineDebugMaterials/M_VolumeRenderSphereTracePP.uasset" 156
"../../../Engine/Content/EngineDebugMaterials/M_VolumeRenderSphereTracePP.uexp" 157
"../../../Engine/Content/EngineDebugMaterials/M_SimpleUnlitTranslucent.uasset" 158
"../../../Engine/Content/EngineDebugMaterials/M_SimpleUnlitTranslucent.uexp" 159
"../../../Engine/Content/EngineDebugMaterials/DebugMeshMaterial.uasset" 160
"../../../Engine/Content/EngineDebugMaterials/DebugMeshMaterial.uexp" 161
"../../../Engine/Content/EngineDebugMaterials/DebugEditorMaterial.uasset" 162
"../../../Engine/Content/EngineDebugMaterials/DebugEditorMaterial.uexp" 163
"../../../Engine/Content/EngineDamageTypes/DmgTypeBP_Environmental.uasset" 164
"../../../Engine/Content/EngineDamageTypes/DmgTypeBP_Environmental.uexp" 165
"../../../Engine/Content/EngineSounds/Master.uasset" 166
"../../../Engine/Content/EngineSounds/Master.uexp" 167
"../../../Engine/Plugins/Animation/ControlRig/Content/Controls/DefaultGizmoLibraryNormalized.uasset" 168
"../../../Engine/Plugins/Animation/ControlRig/Content/Controls/DefaultGizmoLibraryNormalized.uexp" 169
"../../../Engine/Plugins/Animation/ControlRig/Content/Controls/ControlRig_Wedge_solid.ubulk" 170
"../../../Engine/Plugins/Animation/ControlRig/Content/Controls/ControlRig_Wedge_solid.uasset" 171
"../../../Engine/Plugins/Animation/ControlRig/Content/Controls/ControlRig_Wedge_solid.uexp" 172
"../../../Engine/Plugins/Animation/ControlRig/Content/Controls/ControlRig_Wedge_3mm.ubulk" 173
"../../../Engine/Plugins/Animation/ControlRig/Content/Controls/ControlRig_Wedge_3mm.uasset" 174
"../../../Engine/Plugins/Animation/ControlRig/Content/Controls/ControlRig_Wedge_3mm.uexp" 175
"../../../Engine/Plugins/Animation/ControlRig/Content/Controls/ControlRig_Wedge_1mm.ubulk" 176
"../../../Engine/Plugins/Animation/ControlRig/Content/Controls/ControlRig_Wedge_1mm.uasset" 177
"../../../Engine/Plugins/Animation/ControlRig/Content/Controls/ControlRig_Wedge_1mm.uexp" 178
"../../../Engine/Plugins/Animation/ControlRig/Content/Controls/ControlRig_Triangle_solid.ubulk" 179
"../../../Engine/Plugins/Animation/ControlRig/Content/Controls/ControlRig_Triangle_solid.uasset" 180
"../../../Engine/Plugins/Animation/ControlRig/Content/Controls/ControlRig_Triangle_solid.uexp" 181
"../../../Engine/Plugins/Animation/ControlRig/Content/Controls/ControlRig_Triangle_3mm.ubulk" 182
"../../../Engine/Plugins/Animation/ControlRig/Content/Controls/ControlRig_Triangle_3mm.uasset" 183
"../../../Engine/Plugins/Animation/ControlRig/Content/Controls/ControlRig_Triangle_3mm.uexp" 184
"../../../Engine/Plugins/Animation/ControlRig/Content/Controls/ControlRig_Triangle_1mm.ubulk" 185
"../../../Engine/Plugins/Animation/ControlRig/Content/Controls/ControlRig_Triangle_1mm.uasset" 186
"../../../Engine/Plugins/Animation/ControlRig/Content/Controls/ControlRig_Triangle_1mm.uexp" 187
"../../../Engine/Plugins/Animation/ControlRig/Content/Controls/ControlRig_Star4_solid.ubulk" 188
"../../../Engine/Plugins/Animation/ControlRig/Content/Controls/ControlRig_Star4_solid.uasset" 189
"../../../Engine/Plugins/Animation/ControlRig/Content/Controls/ControlRig_Star4_solid.uexp" 190
"../../../Engine/Plugins/Animation/ControlRig/Content/Controls/ControlRig_Star4_3mm.ubulk" 191
"../../../Engine/Plugins/Animation/ControlRig/Content/Controls/ControlRig_Star4_3mm.uasset" 192
"../../../Engine/Plugins/Animation/ControlRig/Content/Controls/ControlRig_Star4_3mm.uexp" 193
"../../../Engine/Plugins/Animation/ControlRig/Content/Controls/ControlRig_Star4_1mm.ubulk" 194
"../../../Engine/Plugins/Animation/ControlRig/Content/Controls/ControlRig_Star4_1mm.uasset" 195
"../../../Engine/Plugins/Animation/ControlRig/Content/Controls/ControlRig_Star4_1mm.uexp" 196
"../../../Engine/Plugins/Animation/ControlRig/Content/Controls/ControlRig_Square_solid.ubulk" 197
"../../../Engine/Plugins/Animation/ControlRig/Content/Controls/ControlRig_Square_solid.uasset" 198
"../../../Engine/Plugins/Animation/ControlRig/Content/Controls/ControlRig_Square_solid.uexp" 199
"../../../Engine/Plugins/Animation/ControlRig/Content/Controls/ControlRig_Square_3mm.ubulk" 200
"../../../Engine/Plugins/Animation/ControlRig/Content/Controls/ControlRig_Square_3mm.uasset" 201
"../../../Engine/Plugins/Animation/ControlRig/Content/Controls/ControlRig_Square_3mm.uexp" 202
"../../../Engine/Plugins/Animation/ControlRig/Content/Controls/ControlRig_Square_1mm.ubulk" 203
"../../../Engine/Plugins/Animation/ControlRig/Content/Controls/ControlRig_Square_1mm.uasset" 204
"../../../Engine/Plugins/Animation/ControlRig/Content/Controls/ControlRig_Square_1mm.uexp" 205
"../../../Engine/Plugins/Animation/ControlRig/Content/Controls/ControlRig_Sphere_solid.ubulk" 206
"../../../Engine/Plugins/Animation/ControlRig/Content/Controls/ControlRig_Sphere_solid.uasset" 207
"../../../Engine/Plugins/Animation/ControlRig/Content/Controls/ControlRig_Sphere_solid.uexp" 208
"../../../Engine/Plugins/Animation/ControlRig/Content/Controls/ControlRig_Sphere_3mm.ubulk" 209
"../../../Engine/Plugins/Animation/ControlRig/Content/Controls/ControlRig_Sphere_3mm.uasset" 210
"../../../Engine/Plugins/Animation/ControlRig/Content/Controls/ControlRig_Sphere_3mm.uexp" 211
"../../../Engine/Plugins/Animation/ControlRig/Content/Controls/ControlRig_Sphere_1mm.ubulk" 212
"../../../Engine/Plugins/Animation/ControlRig/Content/Controls/ControlRig_Sphere_1mm.uasset" 213
"../../../Engine/Plugins/Animation/ControlRig/Content/Controls/ControlRig_Sphere_1mm.uexp" 214
"../../../Engine/Plugins/Animation/ControlRig/Content/Controls/ControlRig_RoundedTriangle_solid.ubulk" 215
"../../../Engine/Plugins/Animation/ControlRig/Content/Controls/ControlRig_RoundedTriangle_solid.uasset" 216
"../../../Engine/Plugins/Animation/ControlRig/Content/Controls/ControlRig_RoundedTriangle_solid.uexp" 217
"../../../Engine/Plugins/Animation/ControlRig/Content/Controls/ControlRig_RoundedTriangle_3mm.ubulk" 218
"../../../Engine/Plugins/Animation/ControlRig/Content/Controls/ControlRig_RoundedTriangle_3mm.uasset" 219
"../../../Engine/Plugins/Animation/ControlRig/Content/Controls/ControlRig_RoundedTriangle_3mm.uexp" 220
"../../../Engine/Plugins/Animation/ControlRig/Content/Controls/ControlRig_RoundedTriangle_1mm.ubulk" 221
"../../../Engine/Plugins/Animation/ControlRig/Content/Controls/ControlRig_RoundedTriangle_1mm.uasset" 222
"../../../Engine/Plugins/Animation/ControlRig/Content/Controls/ControlRig_RoundedTriangle_1mm.uexp" 223
"../../../Engine/Plugins/Animation/ControlRig/Content/Controls/ControlRig_RoundedSquare_solid.ubulk" 224
"../../../Engine/Plugins/Animation/ControlRig/Content/Controls/ControlRig_RoundedSquare_solid.uasset" 225
"../../../Engine/Plugins/Animation/ControlRig/Content/Controls/ControlRig_RoundedSquare_solid.uexp" 226
"../../../Engine/Plugins/Animation/ControlRig/Content/Controls/ControlRig_RoundedSquare_3mm.ubulk" 227
"../../../Engine/Plugins/Animation/ControlRig/Content/Controls/ControlRig_RoundedSquare_3mm.uasset" 228
"../../../Engine/Plugins/Animation/ControlRig/Content/Controls/ControlRig_RoundedSquare_3mm.uexp" 229
"../../../Engine/Plugins/Animation/ControlRig/Content/Controls/ControlRig_RoundedSquare_1mm.ubulk" 230
"../../../Engine/Plugins/Animation/ControlRig/Content/Controls/ControlRig_RoundedSquare_1mm.uasset" 231
"../../../Engine/Plugins/Animation/ControlRig/Content/Controls/ControlRig_RoundedSquare_1mm.uexp" 232
"../../../Engine/Plugins/Animation/ControlRig/Content/Controls/ControlRig_QuarterCircle_solid.ubulk" 233
"../../../Engine/Plugins/Animation/ControlRig/Content/Controls/ControlRig_QuarterCircle_solid.uasset" 234
"../../../Engine/Plugins/Animation/ControlRig/Content/Controls/ControlRig_QuarterCircle_solid.uexp" 235
"../../../Engine/Plugins/Animation/ControlRig/Content/Controls/ControlRig_QuarterCircle_3mm.ubulk" 236
"../../../Engine/Plugins/Animation/ControlRig/Content/Controls/ControlRig_QuarterCircle_3mm.uasset" 237
"../../../Engine/Plugins/Animation/ControlRig/Content/Controls/ControlRig_QuarterCircle_3mm.uexp" 238
"../../../Engine/Plugins/Animation/ControlRig/Content/Controls/ControlRig_QuarterCircle_1mm.ubulk" 239
"../../../Engine/Plugins/Animation/ControlRig/Content/Controls/ControlRig_QuarterCircle_1mm.uasset" 240
"../../../Engine/Plugins/Animation/ControlRig/Content/Controls/ControlRig_QuarterCircle_1mm.uexp" 241
"../../../Engine/Plugins/Animation/ControlRig/Content/Controls/ControlRig_Pyramid_solid.ubulk" 242
"../../../Engine/Plugins/Animation/ControlRig/Content/Controls/ControlRig_Pyramid_solid.uasset" 243
"../../../Engine/Plugins/Animation/ControlRig/Content/Controls/ControlRig_Pyramid_solid.uexp" 244
"../../../Engine/Plugins/Animation/ControlRig/Content/Controls/ControlRig_Pyramid_3mm.ubulk" 245
"../../../Engine/Plugins/Animation/ControlRig/Content/Controls/ControlRig_Pyramid_3mm.uasset" 246
"../../../Engine/Plugins/Animation/ControlRig/Content/Controls/ControlRig_Pyramid_3mm.uexp" 247
"../../../Engine/Plugins/Animation/ControlRig/Content/Controls/ControlRig_Pyramid_1mm.ubulk" 248
"../../../Engine/Plugins/Animation/ControlRig/Content/Controls/ControlRig_Pyramid_1mm.uasset" 249
"../../../Engine/Plugins/Animation/ControlRig/Content/Controls/ControlRig_Pyramid_1mm.uexp" 250
"../../../Engine/Plugins/Animation/ControlRig/Content/Controls/ControlRig_Octagon_solid.ubulk" 251
"../../../Engine/Plugins/Animation/ControlRig/Content/Controls/ControlRig_Octagon_solid.uasset" 252
"../../../Engine/Plugins/Animation/ControlRig/Content/Controls/ControlRig_Octagon_solid.uexp" 253
"../../../Engine/Plugins/Animation/ControlRig/Content/Controls/ControlRig_Octagon_3mm.ubulk" 254
"../../../Engine/Plugins/Animation/ControlRig/Content/Controls/ControlRig_Octagon_3mm.uasset" 255
"../../../Engine/Plugins/Animation/ControlRig/Content/Controls/ControlRig_Octagon_3mm.uexp" 256
"../../../Engine/Plugins/Animation/ControlRig/Content/Controls/ControlRig_Octagon_1mm.ubulk" 257
"../../../Engine/Plugins/Animation/ControlRig/Content/Controls/ControlRig_Octagon_1mm.uasset" 258
"../../../Engine/Plugins/Animation/ControlRig/Content/Controls/ControlRig_Octagon_1mm.uexp" 259
"../../../Engine/Plugins/Animation/ControlRig/Content/Controls/ControlRig_Hexagon_solid.ubulk" 260
"../../../Engine/Plugins/Animation/ControlRig/Content/Controls/ControlRig_Hexagon_solid.uasset" 261
"../../../Engine/Plugins/Animation/ControlRig/Content/Controls/ControlRig_Hexagon_solid.uexp" 262
"../../../Engine/Plugins/Animation/ControlRig/Content/Controls/ControlRig_Hexagon_3mm.ubulk" 263
"../../../Engine/Plugins/Animation/ControlRig/Content/Controls/ControlRig_Hexagon_3mm.uasset" 264
"../../../Engine/Plugins/Animation/ControlRig/Content/Controls/ControlRig_Hexagon_3mm.uexp" 265
"../../../Engine/Plugins/Animation/ControlRig/Content/Controls/ControlRig_Hexagon_1mm.ubulk" 266
"../../../Engine/Plugins/Animation/ControlRig/Content/Controls/ControlRig_Hexagon_1mm.uasset" 267
"../../../Engine/Plugins/Animation/ControlRig/Content/Controls/ControlRig_Hexagon_1mm.uexp" 268
"../../../Engine/Plugins/Animation/ControlRig/Content/Controls/ControlRig_HalfCircle_solid.ubulk" 269
"../../../Engine/Plugins/Animation/ControlRig/Content/Controls/ControlRig_HalfCircle_solid.uasset" 270
"../../../Engine/Plugins/Animation/ControlRig/Content/Controls/ControlRig_HalfCircle_solid.uexp" 271
"../../../Engine/Plugins/Animation/ControlRig/Content/Controls/ControlRig_HalfCircle_3mm.ubulk" 272
"../../../Engine/Plugins/Animation/ControlRig/Content/Controls/ControlRig_HalfCircle_3mm.uasset" 273
"../../../Engine/Plugins/Animation/ControlRig/Content/Controls/ControlRig_HalfCircle_3mm.uexp" 274
"../../../Engine/Plugins/Animation/ControlRig/Content/Controls/ControlRig_HalfCircle_1mm.ubulk" 275
"../../../Engine/Plugins/Animation/ControlRig/Content/Controls/ControlRig_HalfCircle_1mm.uasset" 276
"../../../Engine/Plugins/Animation/ControlRig/Content/Controls/ControlRig_HalfCircle_1mm.uexp" 277
"../../../Engine/Plugins/Runtime/MeshModelingToolset/Content/Materials/M_DynamicMeshComponentVtxColor.uasset" 278
"../../../Engine/Plugins/Runtime/MeshModelingToolset/Content/Materials/M_DynamicMeshComponentVtxColor.uexp" 279
"../../../Engine/Plugins/Interchange/Runtime/Content/Pipelines/DefaultTexturePipeline.uasset" 280
"../../../Engine/Plugins/Interchange/Runtime/Content/Pipelines/DefaultTexturePipeline.uexp" 281
"../../../Engine/Plugins/Interchange/Runtime/Content/Pipelines/DefaultSceneLevelPipeline.uasset" 282
"../../../Engine/Plugins/Interchange/Runtime/Content/Pipelines/DefaultSceneLevelPipeline.uexp" 283
"../../../Engine/Plugins/Interchange/Runtime/Content/Pipelines/DefaultSceneAssetsPipeline.uasset" 284
"../../../Engine/Plugins/Interchange/Runtime/Content/Pipelines/DefaultSceneAssetsPipeline.uexp" 285
"../../../Engine/Plugins/Interchange/Runtime/Content/Pipelines/DefaultMaterialPipeline.uasset" 286
"../../../Engine/Plugins/Interchange/Runtime/Content/Pipelines/DefaultMaterialPipeline.uexp" 287
"../../../Engine/Plugins/Interchange/Runtime/Content/Pipelines/DefaultAssetsPipeline.uasset" 288
"../../../Engine/Plugins/Interchange/Runtime/Content/Pipelines/DefaultAssetsPipeline.uexp" 289
"../../../Engine/Plugins/Editor/SpeedTreeImporter/Content/SpeedTree9/game_wind_noise.ubulk" 290
"../../../Engine/Plugins/Editor/SpeedTreeImporter/Content/SpeedTree9/game_wind_noise.uasset" 291
"../../../Engine/Plugins/Editor/SpeedTreeImporter/Content/SpeedTree9/game_wind_noise.uexp" 292
"../../../Engine/Plugins/Editor/SpeedTreeImporter/Content/SpeedTree9/UnpackDirection.uasset" 293
"../../../Engine/Plugins/Editor/SpeedTreeImporter/Content/SpeedTree9/UnpackDirection.uexp" 294
"../../../Engine/Content/Functions/Engine_MaterialFunctions02/ObjectLocalBounds.uasset" 295
"../../../Engine/Content/Functions/Engine_MaterialFunctions02/ObjectLocalBounds.uexp" 296
"../../../Engine/Content/Functions/Engine_MaterialFunctions02/Utility/BreakOutFloat3Components.uasset" 297
"../../../Engine/Content/Functions/Engine_MaterialFunctions02/Utility/BreakOutFloat3Components.uexp" 298
"../../../Engine/Content/Functions/Engine_MaterialFunctions02/UVs/BoundingBoxBased_0-1_UVW.uasset" 299
"../../../Engine/Content/Functions/Engine_MaterialFunctions02/UVs/BoundingBoxBased_0-1_UVW.uexp" 300
"../../../Engine/Content/Functions/Engine_MaterialFunctions02/Utility/VectorLength.uasset" 301
"../../../Engine/Content/Functions/Engine_MaterialFunctions02/Utility/VectorLength.uexp" 302
"../../../Engine/Plugins/Editor/SpeedTreeImporter/Content/SpeedTree9/UnpackInteger3.uasset" 303
"../../../Engine/Plugins/Editor/SpeedTreeImporter/Content/SpeedTree9/UnpackInteger3.uexp" 304
"../../../Engine/Plugins/Editor/SpeedTreeImporter/Content/SpeedTree9/SpeedTreeCameraFacing.uasset" 305
"../../../Engine/Plugins/Editor/SpeedTreeImporter/Content/SpeedTree9/SpeedTreeCameraFacing.uexp" 306
"../../../Engine/Content/Functions/Engine_MaterialFunctions02/WorldPositionOffset/ObjectScale.uasset" 307
"../../../Engine/Content/Functions/Engine_MaterialFunctions02/WorldPositionOffset/ObjectScale.uexp" 308
"../../../Engine/Content/Functions/Engine_MaterialFunctions02/SafeNormalize.uasset" 309
"../../../Engine/Content/Functions/Engine_MaterialFunctions02/SafeNormalize.uexp" 310
"../../../Engine/Plugins/Editor/SpeedTreeImporter/Content/SpeedTree9/SpeedTreeWindMotion.uasset" 311
"../../../Engine/Plugins/Editor/SpeedTreeImporter/Content/SpeedTree9/SpeedTreeWindMotion.uexp" 312
"../../../Engine/Plugins/Editor/SpeedTreeImporter/Content/SpeedTree9/SpeedTreeBranchMotion.uasset" 313
"../../../Engine/Plugins/Editor/SpeedTreeImporter/Content/SpeedTree9/SpeedTreeBranchMotion.uexp" 314
"../../../Engine/Plugins/Editor/SpeedTreeImporter/Content/SpeedTree9/SpeedTreeWind.uasset" 315
"../../../Engine/Plugins/Editor/SpeedTreeImporter/Content/SpeedTree9/SpeedTreeWind.uexp" 316
"../../../Engine/Plugins/Editor/SpeedTreeImporter/Content/SpeedTree9/EmptyNormal.uasset" 317
"../../../Engine/Plugins/Editor/SpeedTreeImporter/Content/SpeedTree9/EmptyNormal.uexp" 318
"../../../Engine/Plugins/Editor/SpeedTreeImporter/Content/SpeedTree9/Empty.uasset" 319
"../../../Engine/Plugins/Editor/SpeedTreeImporter/Content/SpeedTree9/Empty.uexp" 320
"../../../Engine/Plugins/Editor/SpeedTreeImporter/Content/SpeedTree9/SpeedTreeMaster.uasset" 321
"../../../Engine/Plugins/Editor/SpeedTreeImporter/Content/SpeedTree9/SpeedTreeMaster.uexp" 322
"../../../Engine/Plugins/Editor/SpeedTreeImporter/Content/SpeedTree9/SpeedTreeBillboard.uasset" 323
"../../../Engine/Plugins/Editor/SpeedTreeImporter/Content/SpeedTree9/SpeedTreeBillboard.uexp" 324
"../../../Engine/Plugins/Editor/SpeedTreeImporter/Content/SpeedTree9/SpeedTreeBillboardMaster.uasset" 325
"../../../Engine/Plugins/Editor/SpeedTreeImporter/Content/SpeedTree9/SpeedTreeBillboardMaster.uexp" 326
"../../../Engine/Plugins/Animation/ControlRig/Content/Controls/ControlRig_Diamond_solid.ubulk" 327
"../../../Engine/Plugins/Animation/ControlRig/Content/Controls/ControlRig_Diamond_solid.uasset" 328
"../../../Engine/Plugins/Animation/ControlRig/Content/Controls/ControlRig_Diamond_solid.uexp" 329
"../../../Engine/Plugins/Animation/ControlRig/Content/Controls/ControlRig_Diamond_3mm.ubulk" 330
"../../../Engine/Plugins/Animation/ControlRig/Content/Controls/ControlRig_Diamond_3mm.uasset" 331
"../../../Engine/Plugins/Animation/ControlRig/Content/Controls/ControlRig_Diamond_3mm.uexp" 332
"../../../Engine/Plugins/Animation/ControlRig/Content/Controls/ControlRig_Diamond_1mm.ubulk" 333
"../../../Engine/Plugins/Animation/ControlRig/Content/Controls/ControlRig_Diamond_1mm.uasset" 334
"../../../Engine/Plugins/Animation/ControlRig/Content/Controls/ControlRig_Diamond_1mm.uexp" 335
"../../../Engine/Plugins/Animation/ControlRig/Content/Controls/ControlRig_Circle_solid.ubulk" 336
"../../../Engine/Plugins/Animation/ControlRig/Content/Controls/ControlRig_Circle_solid.uasset" 337
"../../../Engine/Plugins/Animation/ControlRig/Content/Controls/ControlRig_Circle_solid.uexp" 338
"../../../Engine/Plugins/Animation/ControlRig/Content/Controls/ControlRig_Circle_3mm.ubulk" 339
"../../../Engine/Plugins/Animation/ControlRig/Content/Controls/ControlRig_Circle_3mm.uasset" 340
"../../../Engine/Plugins/Animation/ControlRig/Content/Controls/ControlRig_Circle_3mm.uexp" 341
"../../../Engine/Plugins/Animation/ControlRig/Content/Controls/ControlRig_Circle_1mm.ubulk" 342
"../../../Engine/Plugins/Animation/ControlRig/Content/Controls/ControlRig_Circle_1mm.uasset" 343
"../../../Engine/Plugins/Animation/ControlRig/Content/Controls/ControlRig_Circle_1mm.uexp" 344
"../../../Engine/Plugins/Animation/ControlRig/Content/Controls/ControlRig_Box_solid.ubulk" 345
"../../../Engine/Plugins/Animation/ControlRig/Content/Controls/ControlRig_Box_solid.uasset" 346
"../../../Engine/Plugins/Animation/ControlRig/Content/Controls/ControlRig_Box_solid.uexp" 347
"../../../Engine/Plugins/Animation/ControlRig/Content/Controls/ControlRig_Box_3mm.ubulk" 348
"../../../Engine/Plugins/Animation/ControlRig/Content/Controls/ControlRig_Box_3mm.uasset" 349
"../../../Engine/Plugins/Animation/ControlRig/Content/Controls/ControlRig_Box_3mm.uexp" 350
"../../../Engine/Plugins/Animation/ControlRig/Content/Controls/ControlRig_Box_1mm.ubulk" 351
"../../../Engine/Plugins/Animation/ControlRig/Content/Controls/ControlRig_Box_1mm.uasset" 352
"../../../Engine/Plugins/Animation/ControlRig/Content/Controls/ControlRig_Box_1mm.uexp" 353
"../../../Engine/Plugins/Animation/ControlRig/Content/Controls/ControlRig_Arrow_solid.ubulk" 354
"../../../Engine/Plugins/Animation/ControlRig/Content/Controls/ControlRig_Arrow_solid.uasset" 355
"../../../Engine/Plugins/Animation/ControlRig/Content/Controls/ControlRig_Arrow_solid.uexp" 356
"../../../Engine/Plugins/Animation/ControlRig/Content/Controls/ControlRig_Arrow_3mm.ubulk" 357
"../../../Engine/Plugins/Animation/ControlRig/Content/Controls/ControlRig_Arrow_3mm.uasset" 358
"../../../Engine/Plugins/Animation/ControlRig/Content/Controls/ControlRig_Arrow_3mm.uexp" 359
"../../../Engine/Plugins/Animation/ControlRig/Content/Controls/ControlRig_Arrow_1mm.ubulk" 360
"../../../Engine/Plugins/Animation/ControlRig/Content/Controls/ControlRig_Arrow_1mm.uasset" 361
"../../../Engine/Plugins/Animation/ControlRig/Content/Controls/ControlRig_Arrow_1mm.uexp" 362
"../../../Engine/Plugins/Animation/ControlRig/Content/Controls/ControlRig_Arrow4_solid.ubulk" 363
"../../../Engine/Plugins/Animation/ControlRig/Content/Controls/ControlRig_Arrow4_solid.uasset" 364
"../../../Engine/Plugins/Animation/ControlRig/Content/Controls/ControlRig_Arrow4_solid.uexp" 365
"../../../Engine/Plugins/Animation/ControlRig/Content/Controls/ControlRig_Arrow4_3mm.ubulk" 366
"../../../Engine/Plugins/Animation/ControlRig/Content/Controls/ControlRig_Arrow4_3mm.uasset" 367
"../../../Engine/Plugins/Animation/ControlRig/Content/Controls/ControlRig_Arrow4_3mm.uexp" 368
"../../../Engine/Plugins/Animation/ControlRig/Content/Controls/ControlRig_Arrow4_1mm.ubulk" 369
"../../../Engine/Plugins/Animation/ControlRig/Content/Controls/ControlRig_Arrow4_1mm.uasset" 370
"../../../Engine/Plugins/Animation/ControlRig/Content/Controls/ControlRig_Arrow4_1mm.uexp" 371
"../../../Engine/Plugins/Animation/ControlRig/Content/Controls/ControlRig_Arrow2_solid.ubulk" 372
"../../../Engine/Plugins/Animation/ControlRig/Content/Controls/ControlRig_Arrow2_solid.uasset" 373
"../../../Engine/Plugins/Animation/ControlRig/Content/Controls/ControlRig_Arrow2_solid.uexp" 374
"../../../Engine/Plugins/Animation/ControlRig/Content/Controls/ControlRig_Arrow2_3mm.ubulk" 375
"../../../Engine/Plugins/Animation/ControlRig/Content/Controls/ControlRig_Arrow2_3mm.uasset" 376
"../../../Engine/Plugins/Animation/ControlRig/Content/Controls/ControlRig_Arrow2_3mm.uexp" 377
"../../../Engine/Plugins/Animation/ControlRig/Content/Controls/ControlRig_Arrow2_1mm.ubulk" 378
"../../../Engine/Plugins/Animation/ControlRig/Content/Controls/ControlRig_Arrow2_1mm.uasset" 379
"../../../Engine/Plugins/Animation/ControlRig/Content/Controls/ControlRig_Arrow2_1mm.uexp" 380
"../../../Engine/Plugins/Animation/ControlRig/Content/Controls/ControlRigXRayMaterial.uasset" 381
"../../../Engine/Plugins/Animation/ControlRig/Content/Controls/ControlRigXRayMaterial.uexp" 382
"../../../Engine/Plugins/Animation/ControlRig/Content/Controls/ControlRigGizmoMaterial.uasset" 383
"../../../Engine/Plugins/Animation/ControlRig/Content/Controls/ControlRigGizmoMaterial.uexp" 384
"../../../Engine/Content/EngineResources/WhiteSquareTexture.uasset" 385
"../../../Engine/Content/EngineResources/WhiteSquareTexture.uexp" 386
"../../../Engine/Content/EngineMaterials/Widget3DPassThrough.uasset" 387
"../../../Engine/Content/EngineMaterials/Widget3DPassThrough.uexp" 388
"../../../Engine/Content/EngineMaterials/Widget3DPassThrough_Translucent.uasset" 389
"../../../Engine/Content/EngineMaterials/Widget3DPassThrough_Translucent.uexp" 390
"../../../Engine/Content/EngineMaterials/Widget3DPassThrough_Translucent_OneSided.uasset" 391
"../../../Engine/Content/EngineMaterials/Widget3DPassThrough_Translucent_OneSided.uexp" 392
"../../../Engine/Content/EngineMaterials/Widget3DPassThrough_Opaque.uasset" 393
"../../../Engine/Content/EngineMaterials/Widget3DPassThrough_Opaque.uexp" 394
"../../../Engine/Content/EngineMaterials/Widget3DPassThrough_Opaque_OneSided.uasset" 395
"../../../Engine/Content/EngineMaterials/Widget3DPassThrough_Opaque_OneSided.uexp" 396
"../../../Engine/Content/EngineMaterials/Widget3DPassThrough_Masked_OneSided.uasset" 397
"../../../Engine/Content/EngineMaterials/Widget3DPassThrough_Masked_OneSided.uexp" 398
"../../../Engine/Content/EngineMaterials/Widget3DPassThrough_Masked.uasset" 399
"../../../Engine/Content/EngineMaterials/Widget3DPassThrough_Masked.uexp" 400
"../../../Engine/Content/EngineMaterials/STBlueNoise_vec2_128x128x64.uasset" 401
"../../../Engine/Content/EngineMaterials/STBlueNoise_vec2_128x128x64.uexp" 402
"../../../Engine/Content/EngineMaterials/STBlueNoise_scalar_128x128x64.uasset" 403
"../../../Engine/Content/EngineMaterials/STBlueNoise_scalar_128x128x64.uexp" 404
"../../../Engine/Content/EngineMaterials/RemoveSurfaceMaterial.uasset" 405
"../../../Engine/Content/EngineMaterials/RemoveSurfaceMaterial.uexp" 406
"../../../Engine/Content/EngineMaterials/DefaultCalibrationGrayscale.uasset" 407
"../../../Engine/Content/EngineMaterials/DefaultCalibrationGrayscale.uexp" 408
"../../../Engine/Content/EngineMaterials/PPM_DefaultCalibrationGrayscale.uasset" 409
"../../../Engine/Content/EngineMaterials/PPM_DefaultCalibrationGrayscale.uexp" 410
"../../../Engine/Content/EngineMaterials/DefaultCalibrationColor.uasset" 411
"../../../Engine/Content/EngineMaterials/DefaultCalibrationColor.uexp" 412
"../../../Engine/Content/EngineMaterials/PPM_DefaultCalibrationColor.uasset" 413
"../../../Engine/Content/EngineMaterials/PPM_DefaultCalibrationColor.uexp" 414
"../../../Engine/Content/EngineMaterials/PhAT_JointLimitMaterial.uasset" 415
"../../../Engine/Content/EngineMaterials/PhAT_JointLimitMaterial.uexp" 416
"../../../Engine/Content/EngineMaterials/NaniteHiddenSectionMaterial.uasset" 417
"../../../Engine/Content/EngineMaterials/NaniteHiddenSectionMaterial.uexp" 418
"../../../Engine/Content/EngineMaterials/InvalidLightmapSettings.ubulk" 419
"../../../Engine/Content/EngineMaterials/InvalidLightmapSettings.uasset" 420
"../../../Engine/Content/EngineMaterials/InvalidLightmapSettings.uexp" 421
"../../../Engine/Content/EngineMaterials/M_InvalidLightmapSettings.uasset" 422
"../../../Engine/Content/EngineMaterials/M_InvalidLightmapSettings.uexp" 423
"../../../Engine/Content/EngineMaterials/GizmoMaterial.uasset" 424
"../../../Engine/Content/EngineMaterials/GizmoMaterial.uexp" 425
"../../../Engine/Content/EngineMaterials/BaseFlattenEmissiveMap_VT.uasset" 426
"../../../Engine/Content/EngineMaterials/BaseFlattenEmissiveMap_VT.uexp" 427
"../../../Engine/Content/EngineMaterials/BaseFlattenGrayscaleMap_VT.uasset" 428
"../../../Engine/Content/EngineMaterials/BaseFlattenGrayscaleMap_VT.uexp" 429
"../../../Engine/Content/EngineMaterials/BaseFlattenLinearColor_VT.uasset" 430
"../../../Engine/Content/EngineMaterials/BaseFlattenLinearColor_VT.uexp" 431
"../../../Engine/Content/EngineMaterials/Black_1x1_EXR_Texture_VT.uasset" 432
"../../../Engine/Content/EngineMaterials/Black_1x1_EXR_Texture_VT.uexp" 433
"../../../Engine/Content/EngineMaterials/BaseFlattenDiffuseMap_VT.uasset" 434
"../../../Engine/Content/EngineMaterials/BaseFlattenDiffuseMap_VT.uexp" 435
"../../../Engine/Content/EngineMaterials/BaseFlattenNormalMap_VT.uasset" 436
"../../../Engine/Content/EngineMaterials/BaseFlattenNormalMap_VT.uexp" 437
"../../../Engine/Content/EngineMaterials/FlattenMaterial_WS_Normal_VT.uasset" 438
"../../../Engine/Content/EngineMaterials/FlattenMaterial_WS_Normal_VT.uexp" 439
"../../../Engine/Content/EngineMaterials/FlattenMaterial_VT.uasset" 440
"../../../Engine/Content/EngineMaterials/FlattenMaterial_VT.uexp" 441
"../../../Engine/Content/EngineMaterials/BaseFlattenNormalMap.uasset" 442
"../../../Engine/Content/EngineMaterials/BaseFlattenNormalMap.uexp" 443
"../../../Engine/Content/EngineMaterials/BaseFlattenGrayscaleMap.uasset" 444
"../../../Engine/Content/EngineMaterials/BaseFlattenGrayscaleMap.uexp" 445
"../../../Engine/Content/EngineMaterials/BaseFlattenDiffuseMap.uasset" 446
"../../../Engine/Content/EngineMaterials/BaseFlattenDiffuseMap.uexp" 447
"../../../Engine/Content/Functions/Engine_MaterialFunctions02/PivotPainter2/Black_1x1_EXR_Texture.uasset" 448
"../../../Engine/Content/Functions/Engine_MaterialFunctions02/PivotPainter2/Black_1x1_EXR_Texture.uexp" 449
"../../../Engine/Content/EngineMaterials/BaseFlattenEmissiveMap.uasset" 450
"../../../Engine/Content/EngineMaterials/BaseFlattenEmissiveMap.uexp" 451
"../../../Engine/Content/EngineMaterials/BaseFlattenLinearColor.uasset" 452
"../../../Engine/Content/EngineMaterials/BaseFlattenLinearColor.uexp" 453
"../../../Engine/Content/EngineMaterials/FlattenMaterial.uasset" 454
"../../../Engine/Content/EngineMaterials/FlattenMaterial.uexp" 455
"../../../Engine/Content/EngineMaterials/DefaultWhiteGrid_Low.uasset" 456
"../../../Engine/Content/EngineMaterials/DefaultWhiteGrid_Low.uexp" 457
"../../../Engine/Content/EngineMaterials/EmissiveMeshMaterial.uasset" 458
"../../../Engine/Content/EngineMaterials/EmissiveMeshMaterial.uexp" 459
"../../../Engine/Content/EngineFonts/RobotoDistanceField.uasset" 460
"../../../Engine/Content/EngineFonts/RobotoDistanceField.uexp" 461
"../../../Engine/Content/EngineMaterials/DefaultTextMaterialOpaque.uasset" 462
"../../../Engine/Content/EngineMaterials/DefaultTextMaterialOpaque.uexp" 463
"../../../Engine/Content/EngineMaterials/DefaultDiffuse.ubulk" 464
"../../../Engine/Content/EngineMaterials/DefaultDiffuse.uasset" 465
"../../../Engine/Content/EngineMaterials/DefaultDiffuse.uexp" 466
"../../../Engine/Content/Functions/Engine_MaterialFunctions02/Utility/BreakOutFloat2Components.uasset" 467
"../../../Engine/Content/Functions/Engine_MaterialFunctions02/Utility/BreakOutFloat2Components.uexp" 468
"../../../Engine/Content/EngineMaterials/DefaultPostProcessMaterial.uasset" 469
"../../../Engine/Content/EngineMaterials/DefaultPostProcessMaterial.uexp" 470
"../../../Engine/Content/EngineMaterials/DefaultPhysicalMaterial.uasset" 471
"../../../Engine/Content/EngineMaterials/DefaultPhysicalMaterial.uexp" 472
"../../../Engine/Content/EngineMaterials/DefaultLightFunctionMaterial.uasset" 473
"../../../Engine/Content/EngineMaterials/DefaultLightFunctionMaterial.uexp" 474
"../../../Engine/Content/EngineMaterials/DefaultDestructiblePhysicalMaterial.uasset" 475
"../../../Engine/Content/EngineMaterials/DefaultDestructiblePhysicalMaterial.uexp" 476
"../../../Engine/Content/EngineMaterials/DefaultDeferredDecalMaterial.uasset" 477
"../../../Engine/Content/EngineMaterials/DefaultDeferredDecalMaterial.uexp" 478
"../../../Engine/Content/EngineMaterials/DefaultBloomKernel.uasset" 479
"../../../Engine/Content/EngineMaterials/DefaultBloomKernel.uexp" 480
"../../../Engine/Content/EngineFonts/Faces/RobotoLight.uexp" 481
"../../../Engine/Content/EngineFonts/Faces/RobotoLight.uasset" 482
"../../../Engine/Content/EngineFonts/Faces/RobotoLight.ufont" 483
"../../../Engine/Content/EngineFonts/Faces/RobotoBold.uexp" 484
"../../../Engine/Content/EngineFonts/Faces/RobotoBold.uasset" 485
"../../../Engine/Content/EngineFonts/Faces/RobotoBold.ufont" 486
"../../../Engine/Content/EngineFonts/Faces/RobotoRegular.uexp" 487
"../../../Engine/Content/EngineFonts/Faces/RobotoRegular.uasset" 488
"../../../Engine/Content/EngineFonts/Faces/RobotoRegular.ufont" 489
"../../../Engine/Content/EngineFonts/Faces/DroidSansFallback.uexp" 490
"../../../Engine/Content/EngineFonts/Faces/DroidSansFallback.uasset" 491
"../../../Engine/Content/EngineFonts/Faces/DroidSansFallback.ufont" 492
"../../../Engine/Content/EngineFonts/Faces/RobotoItalic.uexp" 493
"../../../Engine/Content/EngineFonts/Faces/RobotoItalic.uasset" 494
"../../../Engine/Content/EngineFonts/Faces/RobotoItalic.ufont" 495
"../../../Engine/Content/EngineFonts/Faces/RobotoBoldItalic.uexp" 496
"../../../Engine/Content/EngineFonts/Faces/RobotoBoldItalic.uasset" 497
"../../../Engine/Content/EngineFonts/Faces/RobotoBoldItalic.ufont" 498
"../../../Engine/Content/EngineFonts/Roboto.uasset" 499
"../../../Engine/Content/EngineFonts/Roboto.uexp" 500
"../../../Engine/Content/EditorResources/S_Terrain.ubulk" 501
"../../../Engine/Content/EditorResources/S_Terrain.uasset" 502
"../../../Engine/Content/EditorResources/S_Terrain.uexp" 503
"../../../Engine/Content/EditorResources/EmptyActor.uasset" 504
"../../../Engine/Content/EditorResources/EmptyActor.uexp" 505
"../../../Engine/Content/EditorResources/BSPVertex.uasset" 506
"../../../Engine/Content/EditorResources/BSPVertex.uexp" 507
"../../../Engine/Content/EditorMaterials/PreviewShadowIndicator.ubulk" 508
"../../../Engine/Content/EditorMaterials/PreviewShadowIndicator.uasset" 509
"../../../Engine/Content/EditorMaterials/PreviewShadowIndicator.uexp" 510
"../../../Engine/Content/EditorMaterials/PreviewShadowIndicatorMaterial.uasset" 511
"../../../Engine/Content/EditorMaterials/PreviewShadowIndicatorMaterial.uexp" 512
"../../../Engine/Content/EditorMaterials/PhAT_UnselectedMaterial.uasset" 513
"../../../Engine/Content/EditorMaterials/PhAT_UnselectedMaterial.uexp" 514
"../../../Engine/Content/EditorMaterials/PhAT_NoCollisionMaterial.uasset" 515
"../../../Engine/Content/EditorMaterials/PhAT_NoCollisionMaterial.uexp" 516
"../../../Engine/Content/EditorLandscapeResources/DefaultAlphaTexture.uasset" 517
"../../../Engine/Content/EditorLandscapeResources/DefaultAlphaTexture.uexp" 518
"../../../Engine/Content/EditorLandscapeResources/DataLayer.uasset" 519
"../../../Engine/Content/EditorLandscapeResources/DataLayer.uexp" 520
"../../../Engine/Content/EditorResources/AudioIcons/S_AudioComponent_AutoActivate.uasset" 521
"../../../Engine/Content/EditorResources/AudioIcons/S_AudioComponent_AutoActivate.uexp" 522
"../../../Engine/Content/MobileResources/HUD/VirtualJoystick_Background.uasset" 523
"../../../Engine/Content/MobileResources/HUD/VirtualJoystick_Background.uexp" 524
"../../../Engine/Content/MobileResources/HUD/VirtualJoystick_Thumb.uasset" 525
"../../../Engine/Content/MobileResources/HUD/VirtualJoystick_Thumb.uexp" 526
"../../../Engine/Content/MobileResources/HUD/DefaultVirtualJoysticks.uasset" 527
"../../../Engine/Content/MobileResources/HUD/DefaultVirtualJoysticks.uexp" 528
"C:/Users/hugog/OneDrive/Documents/Unreal Projects/TheMadScientist/Content/TheMadScientist/Core/Inpus/INP_Jump.uasset" 529
"C:/Users/hugog/OneDrive/Documents/Unreal Projects/TheMadScientist/Content/TheMadScientist/Core/Inpus/INP_Jump.uexp" 530
"C:/Users/hugog/OneDrive/Documents/Unreal Projects/TheMadScientist/Content/TheMadScientist/Art/Character/T_Idle.uasset" 531
"C:/Users/hugog/OneDrive/Documents/Unreal Projects/TheMadScientist/Content/TheMadScientist/Art/Character/T_Idle.uexp" 532
"C:/Users/hugog/OneDrive/Documents/Unreal Projects/TheMadScientist/Content/TheMadScientist/Art/Character/T_Idle_Sprite_0.uasset" 533
"C:/Users/hugog/OneDrive/Documents/Unreal Projects/TheMadScientist/Content/TheMadScientist/Art/Character/T_Idle_Sprite_0.uexp" 534
"C:/Users/hugog/OneDrive/Documents/Unreal Projects/TheMadScientist/Content/TheMadScientist/Art/Character/T_Idle_Sprite_1.uasset" 535
"C:/Users/hugog/OneDrive/Documents/Unreal Projects/TheMadScientist/Content/TheMadScientist/Art/Character/T_Idle_Sprite_1.uexp" 536
"C:/Users/hugog/OneDrive/Documents/Unreal Projects/TheMadScientist/Content/TheMadScientist/Art/Character/T_Idle_Sprite_2.uasset" 537
"C:/Users/hugog/OneDrive/Documents/Unreal Projects/TheMadScientist/Content/TheMadScientist/Art/Character/T_Idle_Sprite_2.uexp" 538
"C:/Users/hugog/OneDrive/Documents/Unreal Projects/TheMadScientist/Content/TheMadScientist/Art/Character/T_Idle_Sprite_3.uasset" 539
"C:/Users/hugog/OneDrive/Documents/Unreal Projects/TheMadScientist/Content/TheMadScientist/Art/Character/T_Idle_Sprite_3.uexp" 540
"C:/Users/hugog/OneDrive/Documents/Unreal Projects/TheMadScientist/Content/TheMadScientist/Art/Character/T_Idle_Sprite_4.uasset" 541
"C:/Users/hugog/OneDrive/Documents/Unreal Projects/TheMadScientist/Content/TheMadScientist/Art/Character/T_Idle_Sprite_4.uexp" 542
"C:/Users/hugog/OneDrive/Documents/Unreal Projects/TheMadScientist/Content/TheMadScientist/Art/Character/T_Idle_Sprite_5.uasset" 543
"C:/Users/hugog/OneDrive/Documents/Unreal Projects/TheMadScientist/Content/TheMadScientist/Art/Character/T_Idle_Sprite_5.uexp" 544
"C:/Users/hugog/OneDrive/Documents/Unreal Projects/TheMadScientist/Content/TheMadScientist/Art/Character/T_Idle_Sprite_6.uasset" 545
"C:/Users/hugog/OneDrive/Documents/Unreal Projects/TheMadScientist/Content/TheMadScientist/Art/Character/T_Idle_Sprite_6.uexp" 546
"C:/Users/hugog/OneDrive/Documents/Unreal Projects/TheMadScientist/Content/TheMadScientist/Art/Character/T_Idle_Sprite_7.uasset" 547
"C:/Users/hugog/OneDrive/Documents/Unreal Projects/TheMadScientist/Content/TheMadScientist/Art/Character/T_Idle_Sprite_7.uexp" 548
"C:/Users/hugog/OneDrive/Documents/Unreal Projects/TheMadScientist/Content/TheMadScientist/Art/Character/PFB_Idle.uasset" 549
"C:/Users/hugog/OneDrive/Documents/Unreal Projects/TheMadScientist/Content/TheMadScientist/Art/Character/PFB_Idle.uexp" 550
"C:/Users/hugog/OneDrive/Documents/Unreal Projects/TheMadScientist/Content/TheMadScientist/Core/Inpus/INP_MoveAround.uasset" 551
"C:/Users/hugog/OneDrive/Documents/Unreal Projects/TheMadScientist/Content/TheMadScientist/Core/Inpus/INP_MoveAround.uexp" 552
"C:/Users/hugog/OneDrive/Documents/Unreal Projects/TheMadScientist/Content/TheMadScientist/Audio/A_Shoot.ubulk" 553
"C:/Users/hugog/OneDrive/Documents/Unreal Projects/TheMadScientist/Content/TheMadScientist/Audio/A_Shoot.uasset" 554
"C:/Users/hugog/OneDrive/Documents/Unreal Projects/TheMadScientist/Content/TheMadScientist/Audio/A_Shoot.uexp" 555
"C:/Users/hugog/OneDrive/Documents/Unreal Projects/TheMadScientist/Content/TheMadScientist/Core/Inpus/INP_Crouch.uasset" 556
"C:/Users/hugog/OneDrive/Documents/Unreal Projects/TheMadScientist/Content/TheMadScientist/Core/Inpus/INP_Crouch.uexp" 557
"C:/Users/hugog/OneDrive/Documents/Unreal Projects/TheMadScientist/Content/TheMadScientist/Art/Character/T_CrouchIdle.uasset" 558
"C:/Users/hugog/OneDrive/Documents/Unreal Projects/TheMadScientist/Content/TheMadScientist/Art/Character/T_CrouchIdle.uexp" 559
"C:/Users/hugog/OneDrive/Documents/Unreal Projects/TheMadScientist/Content/TheMadScientist/Art/Character/T_CrouchIdle_Sprite.uasset" 560
"C:/Users/hugog/OneDrive/Documents/Unreal Projects/TheMadScientist/Content/TheMadScientist/Art/Character/T_CrouchIdle_Sprite.uexp" 561
"C:/Users/hugog/OneDrive/Documents/Unreal Projects/TheMadScientist/Content/TheMadScientist/Art/Character/PFB_CrouchIdle.uasset" 562
"C:/Users/hugog/OneDrive/Documents/Unreal Projects/TheMadScientist/Content/TheMadScientist/Art/Character/PFB_CrouchIdle.uexp" 563
"../../../Engine/Plugins/2D/Paper2D/Content/TranslucentUnlitSpriteMaterial.uasset" 564
"../../../Engine/Plugins/2D/Paper2D/Content/TranslucentUnlitSpriteMaterial.uexp" 565
"C:/Users/hugog/OneDrive/Documents/Unreal Projects/TheMadScientist/Content/TheMadScientist/Art/Character/T_Dive.uasset" 566
"C:/Users/hugog/OneDrive/Documents/Unreal Projects/TheMadScientist/Content/TheMadScientist/Art/Character/T_Dive.uexp" 567
"C:/Users/hugog/OneDrive/Documents/Unreal Projects/TheMadScientist/Content/TheMadScientist/Art/Character/T_Dive_Sprite.uasset" 568
"C:/Users/hugog/OneDrive/Documents/Unreal Projects/TheMadScientist/Content/TheMadScientist/Art/Character/T_Dive_Sprite.uexp" 569
"C:/Users/hugog/OneDrive/Documents/Unreal Projects/TheMadScientist/Content/TheMadScientist/Art/Character/PFB_Dive.uasset" 570
"C:/Users/hugog/OneDrive/Documents/Unreal Projects/TheMadScientist/Content/TheMadScientist/Art/Character/PFB_Dive.uexp" 571
"C:/Users/hugog/OneDrive/Documents/Unreal Projects/TheMadScientist/Content/TheMadScientist/Audio/A_Jump.ubulk" 572
"C:/Users/hugog/OneDrive/Documents/Unreal Projects/TheMadScientist/Content/TheMadScientist/Audio/A_Jump.uasset" 573
"C:/Users/hugog/OneDrive/Documents/Unreal Projects/TheMadScientist/Content/TheMadScientist/Audio/A_Jump.uexp" 574
"C:/Users/hugog/OneDrive/Documents/Unreal Projects/TheMadScientist/Content/TheMadScientist/Core/BPI_Damageable.uasset" 575
"C:/Users/hugog/OneDrive/Documents/Unreal Projects/TheMadScientist/Content/TheMadScientist/Core/BPI_Damageable.uexp" 576
"C:/Users/hugog/OneDrive/Documents/Unreal Projects/TheMadScientist/Content/TheMadScientist/Art/Character/T_Jump.uasset" 577
"C:/Users/hugog/OneDrive/Documents/Unreal Projects/TheMadScientist/Content/TheMadScientist/Art/Character/T_Jump.uexp" 578
"C:/Users/hugog/OneDrive/Documents/Unreal Projects/TheMadScientist/Content/TheMadScientist/Art/Character/T_Jump_Sprite.uasset" 579
"C:/Users/hugog/OneDrive/Documents/Unreal Projects/TheMadScientist/Content/TheMadScientist/Art/Character/T_Jump_Sprite.uexp" 580
"C:/Users/hugog/OneDrive/Documents/Unreal Projects/TheMadScientist/Content/TheMadScientist/Art/Character/PFB_Jump.uasset" 581
"C:/Users/hugog/OneDrive/Documents/Unreal Projects/TheMadScientist/Content/TheMadScientist/Art/Character/PFB_Jump.uexp" 582
"C:/Users/hugog/OneDrive/Documents/Unreal Projects/TheMadScientist/Content/TheMadScientist/Core/Inpus/INP_FireProjectile.uasset" 583
"C:/Users/hugog/OneDrive/Documents/Unreal Projects/TheMadScientist/Content/TheMadScientist/Core/Inpus/INP_FireProjectile.uexp" 584
"C:/Users/hugog/OneDrive/Documents/Unreal Projects/TheMadScientist/Content/TheMadScientist/Core/Inpus/IMC_Default.uasset" 585
"C:/Users/hugog/OneDrive/Documents/Unreal Projects/TheMadScientist/Content/TheMadScientist/Core/Inpus/IMC_Default.uexp" 586
"C:/Users/hugog/OneDrive/Documents/Unreal Projects/TheMadScientist/Content/TheMadScientist/Art/Font_GameOver.uexp" 587
"C:/Users/hugog/OneDrive/Documents/Unreal Projects/TheMadScientist/Content/TheMadScientist/Art/Font_GameOver.uasset" 588
"C:/Users/hugog/OneDrive/Documents/Unreal Projects/TheMadScientist/Content/TheMadScientist/Art/Font_GameOver.ufont" 589
"C:/Users/hugog/OneDrive/Documents/Unreal Projects/TheMadScientist/Content/TheMadScientist/Art/Font_GameOver_Font.uasset" 590
"C:/Users/hugog/OneDrive/Documents/Unreal Projects/TheMadScientist/Content/TheMadScientist/Art/Font_GameOver_Font.uexp" 591
"C:/Users/hugog/OneDrive/Documents/Unreal Projects/TheMadScientist/Content/TheMadScientist/UI/WBP_Game_Over.uasset" 592
"C:/Users/hugog/OneDrive/Documents/Unreal Projects/TheMadScientist/Content/TheMadScientist/UI/WBP_Game_Over.uexp" 593
"../../../Engine/Content/BasicShapes/Sphere.ubulk" 594
"../../../Engine/Content/BasicShapes/Sphere.uasset" 595
"../../../Engine/Content/BasicShapes/Sphere.uexp" 596
"../../../Engine/Plugins/FX/Niagara/Content/Enums/SpriteRenderer/ENiagara_ScaleSpriteSize.uasset" 597
"../../../Engine/Plugins/FX/Niagara/Content/Enums/SpriteRenderer/ENiagara_ScaleSpriteSize.uexp" 598
"../../../Engine/Plugins/FX/Niagara/Content/Enums/ENiagaraSphereDistributionMode.uasset" 599
"../../../Engine/Plugins/FX/Niagara/Content/Enums/ENiagaraSphereDistributionMode.uexp" 600
"../../../Engine/Plugins/FX/Niagara/Content/Enums/ENiagaraRandomnessMode.uasset" 601
"../../../Engine/Plugins/FX/Niagara/Content/Enums/ENiagaraRandomnessMode.uexp" 602
"../../../Engine/Plugins/FX/Niagara/Content/Enums/ENiagaraTorusDistributionMode.uasset" 603
"../../../Engine/Plugins/FX/Niagara/Content/Enums/ENiagaraTorusDistributionMode.uexp" 604
"../../../Engine/Plugins/FX/Niagara/Content/Enums/ENiagaraRandomnessEvaluation.uasset" 605
"../../../Engine/Plugins/FX/Niagara/Content/Enums/ENiagaraRandomnessEvaluation.uexp" 606
"../../../Engine/Plugins/FX/Niagara/Content/Enums/Location/ENiagara_LocationShapes.uasset" 607
"../../../Engine/Plugins/FX/Niagara/Content/Enums/Location/ENiagara_LocationShapes.uexp" 608
"../../../Engine/Plugins/FX/Niagara/Content/Enums/ENiagara_MassInitializationMode.uasset" 609
"../../../Engine/Plugins/FX/Niagara/Content/Enums/ENiagara_MassInitializationMode.uexp" 610
"../../../Engine/Plugins/FX/Niagara/Content/Enums/Location/ENiagara_CylinderMode.uasset" 611
"../../../Engine/Plugins/FX/Niagara/Content/Enums/Location/ENiagara_CylinderMode.uexp" 612
"../../../Engine/Plugins/FX/Niagara/Content/Enums/ENiagara_PositionInitializationMode.uasset" 613
"../../../Engine/Plugins/FX/Niagara/Content/Enums/ENiagara_PositionInitializationMode.uexp" 614
"../../../Engine/Plugins/FX/Niagara/Content/Icons/Modules/T_Icon_Solver_LimitSpeed.uasset" 615
"../../../Engine/Plugins/FX/Niagara/Content/Icons/Modules/T_Icon_Solver_LimitSpeed.uexp" 616
"../../../Engine/Plugins/FX/Niagara/Content/Icons/Modules/T_Icon_Solver_RotationalSolve.uasset" 617
"../../../Engine/Plugins/FX/Niagara/Content/Icons/Modules/T_Icon_Solver_RotationalSolve.uexp" 618
"../../../Engine/Plugins/FX/Niagara/Content/Icons/Modules/T_Icon_Solver_LimitAccel.uasset" 619
"../../../Engine/Plugins/FX/Niagara/Content/Icons/Modules/T_Icon_Solver_LimitAccel.uexp" 620
"../../../Engine/Plugins/FX/Niagara/Content/Enums/ENiagara_SizeScaleMode.uasset" 621
"../../../Engine/Plugins/FX/Niagara/Content/Enums/ENiagara_SizeScaleMode.uexp" 622
"../../../Engine/Plugins/FX/Niagara/Content/Enums/ENiagara_UVFlippingMode.uasset" 623
"../../../Engine/Plugins/FX/Niagara/Content/Enums/ENiagara_UVFlippingMode.uexp" 624
"../../../Engine/Plugins/FX/Niagara/Content/Enums/Ribbons/ENiagara_UnsetDirectSetRandom.uasset" 625
"../../../Engine/Plugins/FX/Niagara/Content/Enums/Ribbons/ENiagara_UnsetDirectSetRandom.uexp" 626
"../../../Engine/Plugins/FX/Niagara/Content/Enums/ENiagara_LifetimeMode.uasset" 627
"../../../Engine/Plugins/FX/Niagara/Content/Enums/ENiagara_LifetimeMode.uexp" 628
"../../../Engine/Plugins/FX/Niagara/Content/Enums/Ribbons/ENiagara_UnsetDirectSet.uasset" 629
"../../../Engine/Plugins/FX/Niagara/Content/Enums/Ribbons/ENiagara_UnsetDirectSet.uexp" 630
"../../../Engine/Plugins/FX/Niagara/Content/Enums/ENiagara_SpriteRotationMode.uasset" 631
"../../../Engine/Plugins/FX/Niagara/Content/Enums/ENiagara_SpriteRotationMode.uexp" 632
"../../../Engine/Plugins/FX/Niagara/Content/Enums/ENiagara_ColorInitializationMode.uasset" 633
"../../../Engine/Plugins/FX/Niagara/Content/Enums/ENiagara_ColorInitializationMode.uexp" 634
"../../../Engine/Plugins/FX/Niagara/Content/Enums/ENiagaraChannelCorrelation.uasset" 635
"../../../Engine/Plugins/FX/Niagara/Content/Enums/ENiagaraChannelCorrelation.uexp" 636
"../../../Engine/Plugins/FX/Niagara/Content/Enums/Transforms/ENiagara_ScaleMode.uasset" 637
"../../../Engine/Plugins/FX/Niagara/Content/Enums/Transforms/ENiagara_ScaleMode.uexp" 638
"../../../Engine/Plugins/FX/Niagara/Content/Enums/Angles/ENiagara_AngleInput.uasset" 639
"../../../Engine/Plugins/FX/Niagara/Content/Enums/Angles/ENiagara_AngleInput.uexp" 640
"../../../Engine/Plugins/FX/Niagara/Content/Enums/Utility/ENiagara_VelocityMode.uasset" 641
"../../../Engine/Plugins/FX/Niagara/Content/Enums/Utility/ENiagara_VelocityMode.uexp" 642
"../../../Engine/Plugins/FX/Niagara/Content/Enums/Transforms/ENiagara_RotationMode.uasset" 643
"../../../Engine/Plugins/FX/Niagara/Content/Enums/Transforms/ENiagara_RotationMode.uexp" 644
"../../../Engine/Plugins/FX/Niagara/Content/Enums/ENiagaraEmitterLifeCycleMode.uasset" 645
"../../../Engine/Plugins/FX/Niagara/Content/Enums/ENiagaraEmitterLifeCycleMode.uexp" 646
"../../../Engine/Plugins/FX/Niagara/Content/Enums/ENiagara_InfiniteLoopDuration.uasset" 647
"../../../Engine/Plugins/FX/Niagara/Content/Enums/ENiagara_InfiniteLoopDuration.uexp" 648
"../../../Engine/Plugins/FX/Niagara/Content/Enums/ENiagara_EmitterStateOptions.uasset" 649
"../../../Engine/Plugins/FX/Niagara/Content/Enums/ENiagara_EmitterStateOptions.uexp" 650
"../../../Engine/Plugins/FX/Niagara/Content/Enums/ENiagaraInactiveMode.uasset" 651
"../../../Engine/Plugins/FX/Niagara/Content/Enums/ENiagaraInactiveMode.uexp" 652
"../../../Engine/Plugins/FX/Niagara/Content/Enums/ENiagaraExecutionStateManagement.uasset" 653
"../../../Engine/Plugins/FX/Niagara/Content/Enums/ENiagaraExecutionStateManagement.uexp" 654
"../../../Engine/Plugins/FX/Niagara/Content/Enums/ENiagaraEmitterScalabilityMode_Limited.uasset" 655
"../../../Engine/Plugins/FX/Niagara/Content/Enums/ENiagaraEmitterScalabilityMode_Limited.uexp" 656
"../../../Engine/Plugins/FX/Niagara/Content/Enums/Location/ENiagara_ConeMode.uasset" 657
"../../../Engine/Plugins/FX/Niagara/Content/Enums/Location/ENiagara_ConeMode.uexp" 658
"C:/Users/hugog/OneDrive/Documents/Unreal Projects/TheMadScientist/Content/TheMadScientist/Art/T_GB_Palette.ubulk" 659
"C:/Users/hugog/OneDrive/Documents/Unreal Projects/TheMadScientist/Content/TheMadScientist/Art/T_GB_Palette.uasset" 660
"C:/Users/hugog/OneDrive/Documents/Unreal Projects/TheMadScientist/Content/TheMadScientist/Art/T_GB_Palette.uexp" 661
"C:/Users/hugog/OneDrive/Documents/Unreal Projects/TheMadScientist/Content/TheMadScientist/MaterialLibrary/M_RandomPaletteColor.uasset" 662
"C:/Users/hugog/OneDrive/Documents/Unreal Projects/TheMadScientist/Content/TheMadScientist/MaterialLibrary/M_RandomPaletteColor.uexp" 663
"../../../Engine/Plugins/FX/Niagara/Content/Enums/ENiagaraSystemInactiveMode.uasset" 664
"../../../Engine/Plugins/FX/Niagara/Content/Enums/ENiagaraSystemInactiveMode.uexp" 665
"../../../Engine/Plugins/FX/Niagara/Content/Enums/ENiagara_AttributeSamplingApplyOutput.uasset" 666
"../../../Engine/Plugins/FX/Niagara/Content/Enums/ENiagara_AttributeSamplingApplyOutput.uexp" 667
"../../../Engine/Plugins/FX/Niagara/Content/Enums/Transforms/ENiagara_OffsetMode.uasset" 668
"../../../Engine/Plugins/FX/Niagara/Content/Enums/Transforms/ENiagara_OffsetMode.uexp" 669
"../../../Engine/Plugins/FX/Niagara/Content/Enums/Location/ENiagara_BoxPlaneMode.uasset" 670
"../../../Engine/Plugins/FX/Niagara/Content/Enums/Location/ENiagara_BoxPlaneMode.uexp" 671
"../../../Engine/Plugins/FX/Niagara/Content/Enums/Transforms/ENiagara_TransformOrder.uasset" 672
"../../../Engine/Plugins/FX/Niagara/Content/Enums/Transforms/ENiagara_TransformOrder.uexp" 673
"../../../Engine/Plugins/FX/Niagara/Content/Enums/Location/ENiagaraRingDiscMode.uasset" 674
"../../../Engine/Plugins/FX/Niagara/Content/Enums/Location/ENiagaraRingDiscMode.uexp" 675
"../../../Engine/Plugins/FX/Niagara/Content/Enums/ENiagaraShapeTorusMode.uasset" 676
"../../../Engine/Plugins/FX/Niagara/Content/Enums/ENiagaraShapeTorusMode.uexp" 677
"../../../Engine/Plugins/FX/Niagara/Content/Enums/ENiagaraExpansionMode.uasset" 678
"../../../Engine/Plugins/FX/Niagara/Content/Enums/ENiagaraExpansionMode.uexp" 679
"../../../Engine/Plugins/FX/Niagara/Content/Enums/Transforms/ENiagara_TransformType.uasset" 680
"../../../Engine/Plugins/FX/Niagara/Content/Enums/Transforms/ENiagara_TransformType.uexp" 681
"../../../Engine/Plugins/FX/Niagara/Content/Icons/Modules/T_Icon_Particle_InfiniteLife.uasset" 682
"../../../Engine/Plugins/FX/Niagara/Content/Icons/Modules/T_Icon_Particle_InfiniteLife.uexp" 683
"C:/Users/hugog/OneDrive/Documents/Unreal Projects/TheMadScientist/Content/TheMadScientist/Core/Niagara_System/NS_Projectile.uasset" 684
"C:/Users/hugog/OneDrive/Documents/Unreal Projects/TheMadScientist/Content/TheMadScientist/Core/Niagara_System/NS_Projectile.uexp" 685
"C:/Users/hugog/OneDrive/Documents/Unreal Projects/TheMadScientist/Content/TheMadScientist/Core/Niagara_System/NS_Explosion.uasset" 686
"C:/Users/hugog/OneDrive/Documents/Unreal Projects/TheMadScientist/Content/TheMadScientist/Core/Niagara_System/NS_Explosion.uexp" 687
"C:/Users/hugog/OneDrive/Documents/Unreal Projects/TheMadScientist/Content/TheMadScientist/Audio/A_Projectile_Hit.ubulk" 688
"C:/Users/hugog/OneDrive/Documents/Unreal Projects/TheMadScientist/Content/TheMadScientist/Audio/A_Projectile_Hit.uasset" 689
"C:/Users/hugog/OneDrive/Documents/Unreal Projects/TheMadScientist/Content/TheMadScientist/Audio/A_Projectile_Hit.uexp" 690
"C:/Users/hugog/OneDrive/Documents/Unreal Projects/TheMadScientist/Content/TheMadScientist/MaterialLibrary/MPC_ColorPalette.uasset" 691
"C:/Users/hugog/OneDrive/Documents/Unreal Projects/TheMadScientist/Content/TheMadScientist/MaterialLibrary/MPC_ColorPalette.uexp" 692
"C:/Users/hugog/OneDrive/Documents/Unreal Projects/TheMadScientist/Content/TheMadScientist/MaterialLibrary/M_LighterGreen.uasset" 693
"C:/Users/hugog/OneDrive/Documents/Unreal Projects/TheMadScientist/Content/TheMadScientist/MaterialLibrary/M_LighterGreen.uexp" 694
"C:/Users/hugog/OneDrive/Documents/Unreal Projects/TheMadScientist/Content/TheMadScientist/Core/BP_Projectile.uasset" 695
"C:/Users/hugog/OneDrive/Documents/Unreal Projects/TheMadScientist/Content/TheMadScientist/Core/BP_Projectile.uexp" 696
"C:/Users/hugog/OneDrive/Documents/Unreal Projects/TheMadScientist/Content/TheMadScientist/Core/BPI_diveable.uasset" 697
"C:/Users/hugog/OneDrive/Documents/Unreal Projects/TheMadScientist/Content/TheMadScientist/Core/BPI_diveable.uexp" 698
"C:/Users/hugog/OneDrive/Documents/Unreal Projects/TheMadScientist/Content/TheMadScientist/Art/Character/Walk.uasset" 699
"C:/Users/hugog/OneDrive/Documents/Unreal Projects/TheMadScientist/Content/TheMadScientist/Art/Character/Walk.uexp" 700
"C:/Users/hugog/OneDrive/Documents/Unreal Projects/TheMadScientist/Content/TheMadScientist/Art/Character/Walk_Sprite_0.uasset" 701
"C:/Users/hugog/OneDrive/Documents/Unreal Projects/TheMadScientist/Content/TheMadScientist/Art/Character/Walk_Sprite_0.uexp" 702
"C:/Users/hugog/OneDrive/Documents/Unreal Projects/TheMadScientist/Content/TheMadScientist/Art/Character/Walk_Sprite_1.uasset" 703
"C:/Users/hugog/OneDrive/Documents/Unreal Projects/TheMadScientist/Content/TheMadScientist/Art/Character/Walk_Sprite_1.uexp" 704
"C:/Users/hugog/OneDrive/Documents/Unreal Projects/TheMadScientist/Content/TheMadScientist/Art/Character/Walk_Sprite_2.uasset" 705
"C:/Users/hugog/OneDrive/Documents/Unreal Projects/TheMadScientist/Content/TheMadScientist/Art/Character/Walk_Sprite_2.uexp" 706
"C:/Users/hugog/OneDrive/Documents/Unreal Projects/TheMadScientist/Content/TheMadScientist/Art/Character/PFB_Walk.uasset" 707
"C:/Users/hugog/OneDrive/Documents/Unreal Projects/TheMadScientist/Content/TheMadScientist/Art/Character/PFB_Walk.uexp" 708
"../../../Engine/Content/EditorBlueprintResources/StandardMacros.uasset" 709
"../../../Engine/Content/EditorBlueprintResources/StandardMacros.uexp" 710
"C:/Users/hugog/OneDrive/Documents/Unreal Projects/TheMadScientist/Content/TheMadScientist/Art/Character/T_CrouchWalk.uasset" 711
"C:/Users/hugog/OneDrive/Documents/Unreal Projects/TheMadScientist/Content/TheMadScientist/Art/Character/T_CrouchWalk.uexp" 712
"C:/Users/hugog/OneDrive/Documents/Unreal Projects/TheMadScientist/Content/TheMadScientist/Art/Character/T_CrouchWalk_Sprite_0.uasset" 713
"C:/Users/hugog/OneDrive/Documents/Unreal Projects/TheMadScientist/Content/TheMadScientist/Art/Character/T_CrouchWalk_Sprite_0.uexp" 714
"C:/Users/hugog/OneDrive/Documents/Unreal Projects/TheMadScientist/Content/TheMadScientist/Art/Character/T_CrouchWalk_Sprite_1.uasset" 715
"C:/Users/hugog/OneDrive/Documents/Unreal Projects/TheMadScientist/Content/TheMadScientist/Art/Character/T_CrouchWalk_Sprite_1.uexp" 716
"C:/Users/hugog/OneDrive/Documents/Unreal Projects/TheMadScientist/Content/TheMadScientist/Art/Character/T_CrouchWalk_Sprite_2.uasset" 717
"C:/Users/hugog/OneDrive/Documents/Unreal Projects/TheMadScientist/Content/TheMadScientist/Art/Character/T_CrouchWalk_Sprite_2.uexp" 718
"C:/Users/hugog/OneDrive/Documents/Unreal Projects/TheMadScientist/Content/TheMadScientist/Art/Character/PFB_CrouchWalk.uasset" 719
"C:/Users/hugog/OneDrive/Documents/Unreal Projects/TheMadScientist/Content/TheMadScientist/Art/Character/PFB_CrouchWalk.uexp" 720
"C:/Users/hugog/OneDrive/Documents/Unreal Projects/TheMadScientist/Content/TheMadScientist/Core/BP_Scientist.uasset" 721
"C:/Users/hugog/OneDrive/Documents/Unreal Projects/TheMadScientist/Content/TheMadScientist/Core/BP_Scientist.uexp" 722
"C:/Users/hugog/OneDrive/Documents/Unreal Projects/TheMadScientist/Content/TheMadScientist/Core/BP_GameMode.uasset" 723
"C:/Users/hugog/OneDrive/Documents/Unreal Projects/TheMadScientist/Content/TheMadScientist/Core/BP_GameMode.uexp" 724
"C:/Users/hugog/OneDrive/Documents/Unreal Projects/TheMadScientist/Content/TheMadScientist/Core/AIC_Enemy.uasset" 725
"C:/Users/hugog/OneDrive/Documents/Unreal Projects/TheMadScientist/Content/TheMadScientist/Core/AIC_Enemy.uexp" 726
"C:/Users/hugog/OneDrive/Documents/Unreal Projects/TheMadScientist/Content/TheMadScientist/Core/BP_Enemy1.uasset" 727
"C:/Users/hugog/OneDrive/Documents/Unreal Projects/TheMadScientist/Content/TheMadScientist/Core/BP_Enemy1.uexp" 728
"../../../Engine/Content/Functions/Engine_MaterialFunctions01/Shading/PowerToRoughness.uasset" 729
"../../../Engine/Content/Functions/Engine_MaterialFunctions01/Shading/PowerToRoughness.uexp" 730
"../../../Engine/Content/Functions/Engine_MaterialFunctions01/Shading/ConvertFromDiffSpec.uasset" 731
"../../../Engine/Content/Functions/Engine_MaterialFunctions01/Shading/ConvertFromDiffSpec.uexp" 732
"../../../Engine/Content/EngineSky/VolumetricClouds/CloudWeatherTexture.uasset" 733
"../../../Engine/Content/EngineSky/VolumetricClouds/CloudWeatherTexture.uexp" 734
"../../../Engine/Content/Functions/Engine_MaterialFunctions02/Utility/MakeFloat2.uasset" 735
"../../../Engine/Content/Functions/Engine_MaterialFunctions02/Utility/MakeFloat2.uexp" 736
"../../../Engine/Content/EngineSky/VolumetricClouds/CloudGradientTexture.uasset" 737
"../../../Engine/Content/EngineSky/VolumetricClouds/CloudGradientTexture.uexp" 738
"../../../Engine/Content/EngineSky/VolumetricClouds/T_NoiseShape64.ubulk" 739
"../../../Engine/Content/EngineSky/VolumetricClouds/T_NoiseShape64.uasset" 740
"../../../Engine/Content/EngineSky/VolumetricClouds/T_NoiseShape64.uexp" 741
"../../../Engine/Content/EngineSky/VolumetricClouds/T_VolumeNoiseShape64.uasset" 742
"../../../Engine/Content/EngineSky/VolumetricClouds/T_VolumeNoiseShape64.uexp" 743
"../../../Engine/Content/EngineSky/VolumetricClouds/T_NoiseErosion.ubulk" 744
"../../../Engine/Content/EngineSky/VolumetricClouds/T_NoiseErosion.uasset" 745
"../../../Engine/Content/EngineSky/VolumetricClouds/T_NoiseErosion.uexp" 746
"../../../Engine/Content/EngineSky/VolumetricClouds/T_VolumeNoiseErosion32.uasset" 747
"../../../Engine/Content/EngineSky/VolumetricClouds/T_VolumeNoiseErosion32.uexp" 748
"../../../Engine/Content/EngineSky/VolumetricClouds/m_SimpleVolumetricCloud.uasset" 749
"../../../Engine/Content/EngineSky/VolumetricClouds/m_SimpleVolumetricCloud.uexp" 750
"../../../Engine/Content/EngineSky/VolumetricClouds/m_SimpleVolumetricCloud_Inst.uasset" 751
"../../../Engine/Content/EngineSky/VolumetricClouds/m_SimpleVolumetricCloud_Inst.uexp" 752
"../../../Engine/Content/EngineResources/FilmGrains/Marcie_Grain_v3_128_M2_000.uasset" 753
"../../../Engine/Content/EngineResources/FilmGrains/Marcie_Grain_v3_128_M2_000.uexp" 754
"../../../Engine/Content/EditorResources/SequenceRecorder/RecordingIndicator.uasset" 755
"../../../Engine/Content/EditorResources/SequenceRecorder/RecordingIndicator.uexp" 756
"../../../Engine/Content/EditorResources/SequenceRecorder/Countdown.uasset" 757
"../../../Engine/Content/EditorResources/SequenceRecorder/Countdown.uexp" 758
"C:/Users/hugog/OneDrive/Documents/Unreal Projects/TheMadScientist/Content/TheMadScientist/Art/Interactables/ShiftBlock/T_ShiftBlock_Right.uasset" 759
"C:/Users/hugog/OneDrive/Documents/Unreal Projects/TheMadScientist/Content/TheMadScientist/Art/Interactables/ShiftBlock/T_ShiftBlock_Right.uexp" 760
"../../../Engine/Content/Maps/Entry_BuiltData.uasset" 761
"../../../Engine/Content/Maps/Entry_BuiltData.uexp" 762
"../../../Engine/Content/Maps/Entry.uexp" 763
"../../../Engine/Content/Maps/Entry.umap" 764
"../../../Engine/Content/BasicShapes/Cube.ubulk" 765
"../../../Engine/Content/BasicShapes/Cube.uasset" 766
"../../../Engine/Content/BasicShapes/Cube.uexp" 767
"C:/Users/hugog/OneDrive/Documents/Unreal Projects/TheMadScientist/Content/TheMadScientist/Audio/A_BG_Music.ubulk" 768
"C:/Users/hugog/OneDrive/Documents/Unreal Projects/TheMadScientist/Content/TheMadScientist/Audio/A_BG_Music.uasset" 769
"C:/Users/hugog/OneDrive/Documents/Unreal Projects/TheMadScientist/Content/TheMadScientist/Audio/A_BG_Music.uexp" 770
"C:/Users/hugog/OneDrive/Documents/Unreal Projects/TheMadScientist/Content/TheMadScientist/Art/Interactables/Crate/T_Crate_Idle.uasset" 771
"C:/Users/hugog/OneDrive/Documents/Unreal Projects/TheMadScientist/Content/TheMadScientist/Art/Interactables/Crate/T_Crate_Idle.uexp" 772
"C:/Users/hugog/OneDrive/Documents/Unreal Projects/TheMadScientist/Content/TheMadScientist/Art/Interactables/PowButton/T_PowBlock.uasset" 773
"C:/Users/hugog/OneDrive/Documents/Unreal Projects/TheMadScientist/Content/TheMadScientist/Art/Interactables/PowButton/T_PowBlock.uexp" 774
"C:/Users/hugog/OneDrive/Documents/Unreal Projects/TheMadScientist/Content/TheMadScientist/MaterialLibrary/M_Block.uasset" 775
"C:/Users/hugog/OneDrive/Documents/Unreal Projects/TheMadScientist/Content/TheMadScientist/MaterialLibrary/M_Block.uexp" 776
"C:/Users/hugog/OneDrive/Documents/Unreal Projects/TheMadScientist/Content/TheMadScientist/Core/Block/BP_Block_Master.uasset" 777
"C:/Users/hugog/OneDrive/Documents/Unreal Projects/TheMadScientist/Content/TheMadScientist/Core/Block/BP_Block_Master.uexp" 778
"C:/Users/hugog/OneDrive/Documents/Unreal Projects/TheMadScientist/Content/TheMadScientist/Art/Interactables/Crate/T_Crate_Cracked.uasset" 779
"C:/Users/hugog/OneDrive/Documents/Unreal Projects/TheMadScientist/Content/TheMadScientist/Art/Interactables/Crate/T_Crate_Cracked.uexp" 780
"C:/Users/hugog/OneDrive/Documents/Unreal Projects/TheMadScientist/Content/TheMadScientist/Core/Block/BP_block_Crate.uasset" 781
"C:/Users/hugog/OneDrive/Documents/Unreal Projects/TheMadScientist/Content/TheMadScientist/Core/Block/BP_block_Crate.uexp" 782
"C:/Users/hugog/OneDrive/Documents/Unreal Projects/TheMadScientist/Content/TheMadScientist/MaterialLibrary/MI_powerBlock.uasset" 783
"C:/Users/hugog/OneDrive/Documents/Unreal Projects/TheMadScientist/Content/TheMadScientist/MaterialLibrary/MI_powerBlock.uexp" 784
"C:/Users/hugog/OneDrive/Documents/Unreal Projects/TheMadScientist/Content/TheMadScientist/Audio/A_Explode.ubulk" 785
"C:/Users/hugog/OneDrive/Documents/Unreal Projects/TheMadScientist/Content/TheMadScientist/Audio/A_Explode.uasset" 786
"C:/Users/hugog/OneDrive/Documents/Unreal Projects/TheMadScientist/Content/TheMadScientist/Audio/A_Explode.uexp" 787
"C:/Users/hugog/OneDrive/Documents/Unreal Projects/TheMadScientist/Content/TheMadScientist/Core/Block/BP_PowerBlocks.uasset" 788
"C:/Users/hugog/OneDrive/Documents/Unreal Projects/TheMadScientist/Content/TheMadScientist/Core/Block/BP_PowerBlocks.uexp" 789
"C:/Users/hugog/OneDrive/Documents/Unreal Projects/TheMadScientist/Content/TheMadScientist/Audio/A_Shift.ubulk" 790
"C:/Users/hugog/OneDrive/Documents/Unreal Projects/TheMadScientist/Content/TheMadScientist/Audio/A_Shift.uasset" 791
"C:/Users/hugog/OneDrive/Documents/Unreal Projects/TheMadScientist/Content/TheMadScientist/Audio/A_Shift.uexp" 792
"C:/Users/hugog/OneDrive/Documents/Unreal Projects/TheMadScientist/Content/TheMadScientist/Art/Interactables/ShiftBlock/T_ShiftBlock_Left.uasset" 793
"C:/Users/hugog/OneDrive/Documents/Unreal Projects/TheMadScientist/Content/TheMadScientist/Art/Interactables/ShiftBlock/T_ShiftBlock_Left.uexp" 794
"C:/Users/hugog/OneDrive/Documents/Unreal Projects/TheMadScientist/Content/TheMadScientist/Core/Block/BP_Block_Shift.uasset" 795
"C:/Users/hugog/OneDrive/Documents/Unreal Projects/TheMadScientist/Content/TheMadScientist/Core/Block/BP_Block_Shift.uexp" 796
"C:/Users/hugog/OneDrive/Documents/Unreal Projects/TheMadScientist/Content/TheMadScientist/UI/WBP_InGameHowTo.uasset" 797
"C:/Users/hugog/OneDrive/Documents/Unreal Projects/TheMadScientist/Content/TheMadScientist/UI/WBP_InGameHowTo.uexp" 798
"C:/Users/hugog/OneDrive/Documents/Unreal Projects/TheMadScientist/Content/TheMadScientist/UI/BP_InGameHowTo.uasset" 799
"C:/Users/hugog/OneDrive/Documents/Unreal Projects/TheMadScientist/Content/TheMadScientist/UI/BP_InGameHowTo.uexp" 800
"C:/Users/hugog/OneDrive/Documents/Unreal Projects/TheMadScientist/Content/TheMadScientist/UI/WPB_Menu_Endgame_Lvl2.uasset" 801
"C:/Users/hugog/OneDrive/Documents/Unreal Projects/TheMadScientist/Content/TheMadScientist/UI/WPB_Menu_Endgame_Lvl2.uexp" 802
"C:/Users/hugog/OneDrive/Documents/Unreal Projects/TheMadScientist/Content/TheMadScientist/MaterialLibrary/M_DarkGreen.uasset" 803
"C:/Users/hugog/OneDrive/Documents/Unreal Projects/TheMadScientist/Content/TheMadScientist/MaterialLibrary/M_DarkGreen.uexp" 804
"C:/Users/hugog/OneDrive/Documents/Unreal Projects/TheMadScientist/Content/TheMadScientist/Core/BP_GoalDoor_Lvl2.uasset" 805
"C:/Users/hugog/OneDrive/Documents/Unreal Projects/TheMadScientist/Content/TheMadScientist/Core/BP_GoalDoor_Lvl2.uexp" 806
"C:/Users/hugog/OneDrive/Documents/Unreal Projects/TheMadScientist/Content/TheMadScientist/UI/WBP_GameTitle.uasset" 807
"C:/Users/hugog/OneDrive/Documents/Unreal Projects/TheMadScientist/Content/TheMadScientist/UI/WBP_GameTitle.uexp" 808
"C:/Users/hugog/OneDrive/Documents/Unreal Projects/TheMadScientist/Content/TheMadScientist/UI/BP_GameTitle.uasset" 809
"C:/Users/hugog/OneDrive/Documents/Unreal Projects/TheMadScientist/Content/TheMadScientist/UI/BP_GameTitle.uexp" 810
"C:/Users/hugog/OneDrive/Documents/Unreal Projects/TheMadScientist/Content/TheMadScientist/Art/LevelProps/T_LevelBlock_1.uasset" 811
"C:/Users/hugog/OneDrive/Documents/Unreal Projects/TheMadScientist/Content/TheMadScientist/Art/LevelProps/T_LevelBlock_1.uexp" 812
"C:/Users/hugog/OneDrive/Documents/Unreal Projects/TheMadScientist/Content/TheMadScientist/Art/LevelProps/T_LevelBlock_2.uasset" 813
"C:/Users/hugog/OneDrive/Documents/Unreal Projects/TheMadScientist/Content/TheMadScientist/Art/LevelProps/T_LevelBlock_2.uexp" 814
"C:/Users/hugog/OneDrive/Documents/Unreal Projects/TheMadScientist/Content/TheMadScientist/MaterialLibrary/M_DarkerGreen.uasset" 815
"C:/Users/hugog/OneDrive/Documents/Unreal Projects/TheMadScientist/Content/TheMadScientist/MaterialLibrary/M_DarkerGreen.uexp" 816
"C:/Users/hugog/OneDrive/Documents/Unreal Projects/TheMadScientist/Content/TheMadScientist/Core/Block/BP_Block_Level.uasset" 817
"C:/Users/hugog/OneDrive/Documents/Unreal Projects/TheMadScientist/Content/TheMadScientist/Core/Block/BP_Block_Level.uexp" 818
"C:/Users/hugog/OneDrive/Documents/Unreal Projects/TheMadScientist/Content/TheMadScientist/Art/Interactables/PowButton/T_PowButton.uasset" 819
"C:/Users/hugog/OneDrive/Documents/Unreal Projects/TheMadScientist/Content/TheMadScientist/Art/Interactables/PowButton/T_PowButton.uexp" 820
"C:/Users/hugog/OneDrive/Documents/Unreal Projects/TheMadScientist/Content/TheMadScientist/Art/Interactables/PowButton/SPR_PowButton_Pressed.uasset" 821
"C:/Users/hugog/OneDrive/Documents/Unreal Projects/TheMadScientist/Content/TheMadScientist/Art/Interactables/PowButton/SPR_PowButton_Pressed.uexp" 822
"C:/Users/hugog/OneDrive/Documents/Unreal Projects/TheMadScientist/Content/TheMadScientist/Art/Interactables/PowButton/SPR_PowButton_Idle.uasset" 823
"C:/Users/hugog/OneDrive/Documents/Unreal Projects/TheMadScientist/Content/TheMadScientist/Art/Interactables/PowButton/SPR_PowButton_Idle.uexp" 824
"C:/Users/hugog/OneDrive/Documents/Unreal Projects/TheMadScientist/Content/TheMadScientist/Core/BP_PowerButton.uasset" 825
"C:/Users/hugog/OneDrive/Documents/Unreal Projects/TheMadScientist/Content/TheMadScientist/Core/BP_PowerButton.uexp" 826
"C:/Users/hugog/OneDrive/Documents/Unreal Projects/TheMadScientist/Content/TheMadScientist/Audio/A_Powerup.ubulk" 827
"C:/Users/hugog/OneDrive/Documents/Unreal Projects/TheMadScientist/Content/TheMadScientist/Audio/A_Powerup.uasset" 828
"C:/Users/hugog/OneDrive/Documents/Unreal Projects/TheMadScientist/Content/TheMadScientist/Audio/A_Powerup.uexp" 829
"C:/Users/hugog/OneDrive/Documents/Unreal Projects/TheMadScientist/Content/TheMadScientist/Art/Interactables/Potion/T_Potion.uasset" 830
"C:/Users/hugog/OneDrive/Documents/Unreal Projects/TheMadScientist/Content/TheMadScientist/Art/Interactables/Potion/T_Potion.uexp" 831
"C:/Users/hugog/OneDrive/Documents/Unreal Projects/TheMadScientist/Content/TheMadScientist/Art/Interactables/Potion/T_Potion_Sprite_0.uasset" 832
"C:/Users/hugog/OneDrive/Documents/Unreal Projects/TheMadScientist/Content/TheMadScientist/Art/Interactables/Potion/T_Potion_Sprite_0.uexp" 833
"C:/Users/hugog/OneDrive/Documents/Unreal Projects/TheMadScientist/Content/TheMadScientist/Art/Interactables/Potion/T_Potion_Sprite_1.uasset" 834
"C:/Users/hugog/OneDrive/Documents/Unreal Projects/TheMadScientist/Content/TheMadScientist/Art/Interactables/Potion/T_Potion_Sprite_1.uexp" 835
"C:/Users/hugog/OneDrive/Documents/Unreal Projects/TheMadScientist/Content/TheMadScientist/Art/Interactables/Potion/T_Potion_Sprite_2.uasset" 836
"C:/Users/hugog/OneDrive/Documents/Unreal Projects/TheMadScientist/Content/TheMadScientist/Art/Interactables/Potion/T_Potion_Sprite_2.uexp" 837
"C:/Users/hugog/OneDrive/Documents/Unreal Projects/TheMadScientist/Content/TheMadScientist/Art/Interactables/Potion/T_Potion_Sprite_3.uasset" 838
"C:/Users/hugog/OneDrive/Documents/Unreal Projects/TheMadScientist/Content/TheMadScientist/Art/Interactables/Potion/T_Potion_Sprite_3.uexp" 839
"C:/Users/hugog/OneDrive/Documents/Unreal Projects/TheMadScientist/Content/TheMadScientist/Art/Interactables/Potion/T_Potion_Sprite_4.uasset" 840
"C:/Users/hugog/OneDrive/Documents/Unreal Projects/TheMadScientist/Content/TheMadScientist/Art/Interactables/Potion/T_Potion_Sprite_4.uexp" 841
"C:/Users/hugog/OneDrive/Documents/Unreal Projects/TheMadScientist/Content/TheMadScientist/Art/Interactables/Potion/T_Potion_Sprite_5.uasset" 842
"C:/Users/hugog/OneDrive/Documents/Unreal Projects/TheMadScientist/Content/TheMadScientist/Art/Interactables/Potion/T_Potion_Sprite_5.uexp" 843
"C:/Users/hugog/OneDrive/Documents/Unreal Projects/TheMadScientist/Content/TheMadScientist/Art/Interactables/Potion/T_Potion_Sprite_6.uasset" 844
"C:/Users/hugog/OneDrive/Documents/Unreal Projects/TheMadScientist/Content/TheMadScientist/Art/Interactables/Potion/T_Potion_Sprite_6.uexp" 845
"C:/Users/hugog/OneDrive/Documents/Unreal Projects/TheMadScientist/Content/TheMadScientist/Art/Interactables/Potion/T_Potion_Sprite_7.uasset" 846
"C:/Users/hugog/OneDrive/Documents/Unreal Projects/TheMadScientist/Content/TheMadScientist/Art/Interactables/Potion/T_Potion_Sprite_7.uexp" 847
"C:/Users/hugog/OneDrive/Documents/Unreal Projects/TheMadScientist/Content/TheMadScientist/Art/Interactables/Potion/T_Potion_Sprite_8.uasset" 848
"C:/Users/hugog/OneDrive/Documents/Unreal Projects/TheMadScientist/Content/TheMadScientist/Art/Interactables/Potion/T_Potion_Sprite_8.uexp" 849
"C:/Users/hugog/OneDrive/Documents/Unreal Projects/TheMadScientist/Content/TheMadScientist/Art/Interactables/Potion/T_Potion_Sprite_9.uasset" 850
"C:/Users/hugog/OneDrive/Documents/Unreal Projects/TheMadScientist/Content/TheMadScientist/Art/Interactables/Potion/T_Potion_Sprite_9.uexp" 851
"C:/Users/hugog/OneDrive/Documents/Unreal Projects/TheMadScientist/Content/TheMadScientist/Art/Interactables/Potion/T_Potion_Sprite_10.uasset" 852
"C:/Users/hugog/OneDrive/Documents/Unreal Projects/TheMadScientist/Content/TheMadScientist/Art/Interactables/Potion/T_Potion_Sprite_10.uexp" 853
"C:/Users/hugog/OneDrive/Documents/Unreal Projects/TheMadScientist/Content/TheMadScientist/Art/Interactables/Potion/T_Potion_Sprite_11.uasset" 854
"C:/Users/hugog/OneDrive/Documents/Unreal Projects/TheMadScientist/Content/TheMadScientist/Art/Interactables/Potion/T_Potion_Sprite_11.uexp" 855
"C:/Users/hugog/OneDrive/Documents/Unreal Projects/TheMadScientist/Content/TheMadScientist/Art/Interactables/Potion/PFB_Potion.uasset" 856
"C:/Users/hugog/OneDrive/Documents/Unreal Projects/TheMadScientist/Content/TheMadScientist/Art/Interactables/Potion/PFB_Potion.uexp" 857
"C:/Users/hugog/OneDrive/Documents/Unreal Projects/TheMadScientist/Content/TheMadScientist/Core/BP_Potion.uasset" 858
"C:/Users/hugog/OneDrive/Documents/Unreal Projects/TheMadScientist/Content/TheMadScientist/Core/BP_Potion.uexp" 859
"C:/Users/hugog/OneDrive/Documents/Unreal Projects/TheMadScientist/Content/TheMadScientist/maps/MaybeLevel2.uexp" 860
"C:/Users/hugog/OneDrive/Documents/Unreal Projects/TheMadScientist/Content/TheMadScientist/maps/MaybeLevel2.umap" 861
"C:/Users/hugog/OneDrive/Documents/Unreal Projects/TheMadScientist/Content/TheMadScientist/UI/WBP_Menu_EndGame_Lvl1.uasset" 862
"C:/Users/hugog/OneDrive/Documents/Unreal Projects/TheMadScientist/Content/TheMadScientist/UI/WBP_Menu_EndGame_Lvl1.uexp" 863
"C:/Users/hugog/OneDrive/Documents/Unreal Projects/TheMadScientist/Content/TheMadScientist/Core/BP_GoalDoor.uasset" 864
"C:/Users/hugog/OneDrive/Documents/Unreal Projects/TheMadScientist/Content/TheMadScientist/Core/BP_GoalDoor.uexp" 865
"C:/Users/hugog/OneDrive/Documents/Unreal Projects/TheMadScientist/Content/TheMadScientist/maps/MaybeLevel1.uexp" 866
"C:/Users/hugog/OneDrive/Documents/Unreal Projects/TheMadScientist/Content/TheMadScientist/maps/MaybeLevel1.umap" 867
