"../../../Engine/Content/EditorResources/S_Actor.ubulk" 0
"../../../Engine/Content/EditorResources/S_Actor.uasset" 1
"../../../Engine/Content/EditorResources/S_Actor.uexp" 2
"../../../Engine/Content/EditorResources/S_BoxReflectionCapture.uasset" 3
"../../../Engine/Content/EditorResources/S_BoxReflectionCapture.uexp" 4
"../../../Engine/Content/EngineResources/DefaultTexture.ubulk" 5
"../../../Engine/Content/EngineResources/DefaultTexture.uasset" 6
"../../../Engine/Content/EngineResources/DefaultTexture.uexp" 7
"../../../Engine/Content/EngineResources/DefaultTextureCube.uasset" 8
"../../../Engine/Content/EngineResources/DefaultTextureCube.uexp" 9
"../../../Engine/Content/EngineResources/DefaultVolumeTexture2D.uasset" 10
"../../../Engine/Content/EngineResources/DefaultVolumeTexture2D.uexp" 11
"../../../Engine/Content/EngineResources/DefaultVolumeTexture.uasset" 12
"../../../Engine/Content/EngineResources/DefaultVolumeTexture.uexp" 13
"../../../Engine/Content/EditorResources/S_Trigger.ubulk" 14
"../../../Engine/Content/EditorResources/S_Trigger.uasset" 15
"../../../Engine/Content/EditorResources/S_Trigger.uexp" 16
"../../../Engine/Content/EditorResources/S_TriggerBox.uasset" 17
"../../../Engine/Content/EditorResources/S_TriggerBox.uexp" 18
"../../../Engine/Content/EditorResources/S_TriggerCapsule.uasset" 19
"../../../Engine/Content/EditorResources/S_TriggerCapsule.uexp" 20
"../../../Engine/Content/EditorResources/S_TriggerSphere.uasset" 21
"../../../Engine/Content/EditorResources/S_TriggerSphere.uexp" 22
"../../../Engine/Content/EngineMeshes/Sphere.ubulk" 23
"../../../Engine/Content/EngineMeshes/Sphere.uasset" 24
"../../../Engine/Content/EngineMeshes/Sphere.uexp" 25
"../../../Engine/Content/EngineResources/GradientTexture0.uasset" 26
"../../../Engine/Content/EngineResources/GradientTexture0.uexp" 27
"../../../Engine/Content/EngineResources/Black.uasset" 28
"../../../Engine/Content/EngineResources/Black.uexp" 29
"../../../Engine/Content/VREditor/LaserPointer/VR_LaserPower_01.ubulk" 30
"../../../Engine/Content/VREditor/LaserPointer/VR_LaserPower_01.uasset" 31
"../../../Engine/Content/VREditor/LaserPointer/VR_LaserPower_01.uexp" 32
"../../../Engine/Content/VREditor/TransformGizmo/TransformGizmoMaterial.uasset" 33
"../../../Engine/Content/VREditor/TransformGizmo/TransformGizmoMaterial.uexp" 34
"../../../Engine/Content/VREditor/TransformGizmo/TranslucentTransformGizmoMaterial.uasset" 35
"../../../Engine/Content/VREditor/TransformGizmo/TranslucentTransformGizmoMaterial.uexp" 36
"../../../Engine/Content/VREditor/TransformGizmo/PlaneTranslationHandle.ubulk" 37
"../../../Engine/Content/VREditor/TransformGizmo/PlaneTranslationHandle.uasset" 38
"../../../Engine/Content/VREditor/TransformGizmo/PlaneTranslationHandle.uexp" 39
"../../../Engine/Content/VREditor/TransformGizmo/BoundingBoxCorner.ubulk" 40
"../../../Engine/Content/VREditor/TransformGizmo/BoundingBoxCorner.uasset" 41
"../../../Engine/Content/VREditor/TransformGizmo/BoundingBoxCorner.uexp" 42
"../../../Engine/Content/VREditor/TransformGizmo/BoundingBoxEdge.ubulk" 43
"../../../Engine/Content/VREditor/TransformGizmo/BoundingBoxEdge.uasset" 44
"../../../Engine/Content/VREditor/TransformGizmo/BoundingBoxEdge.uexp" 45
"../../../Engine/Content/VREditor/TransformGizmo/Main.uasset" 46
"../../../Engine/Content/VREditor/TransformGizmo/Main.uexp" 47
"../../../Engine/Content/VREditor/TransformGizmo/Xray.uasset" 48
"../../../Engine/Content/VREditor/TransformGizmo/Xray.uexp" 49
"../../../Engine/Content/VREditor/TransformGizmo/SM_Sequencer_Node.ubulk" 50
"../../../Engine/Content/VREditor/TransformGizmo/SM_Sequencer_Node.uasset" 51
"../../../Engine/Content/VREditor/TransformGizmo/SM_Sequencer_Node.uexp" 52
"../../../Engine/Content/EditorMaterials/Camera/CineMat.uasset" 53
"../../../Engine/Content/EditorMaterials/Camera/CineMat.uexp" 54
"../../../Engine/Content/EditorMaterials/Camera/MI_CineMat_Rig.uasset" 55
"../../../Engine/Content/EditorMaterials/Camera/MI_CineMat_Rig.uexp" 56
"../../../Engine/Content/EditorMeshes/Camera/SM_CraneRig_Base.ubulk" 57
"../../../Engine/Content/EditorMeshes/Camera/SM_CraneRig_Base.uasset" 58
"../../../Engine/Content/EditorMeshes/Camera/SM_CraneRig_Base.uexp" 59
"../../../Engine/Content/EditorMeshes/Camera/SM_CraneRig_Arm.ubulk" 60
"../../../Engine/Content/EditorMeshes/Camera/SM_CraneRig_Arm.uasset" 61
"../../../Engine/Content/EditorMeshes/Camera/SM_CraneRig_Arm.uexp" 62
"../../../Engine/Content/EditorMeshes/Camera/SM_CraneRig_Mount.ubulk" 63
"../../../Engine/Content/EditorMeshes/Camera/SM_CraneRig_Mount.uasset" 64
"../../../Engine/Content/EditorMeshes/Camera/SM_CraneRig_Mount.uexp" 65
"../../../Engine/Content/EditorMeshes/Camera/SM_CraneRig_Body.ubulk" 66
"../../../Engine/Content/EditorMeshes/Camera/SM_CraneRig_Body.uasset" 67
"../../../Engine/Content/EditorMeshes/Camera/SM_CraneRig_Body.uexp" 68
"../../../Engine/Content/EditorMeshes/Camera/SM_RailRig_Track.ubulk" 69
"../../../Engine/Content/EditorMeshes/Camera/SM_RailRig_Track.uasset" 70
"../../../Engine/Content/EditorMeshes/Camera/SM_RailRig_Track.uexp" 71
"../../../Engine/Content/EditorMeshes/Camera/SM_RailRig_Mount.ubulk" 72
"../../../Engine/Content/EditorMeshes/Camera/SM_RailRig_Mount.uasset" 73
"../../../Engine/Content/EditorMeshes/Camera/SM_RailRig_Mount.uexp" 74
"../../../Engine/Content/EngineMaterials/T_Default_Material_Grid_M.ubulk" 75
"../../../Engine/Content/EngineMaterials/T_Default_Material_Grid_M.uasset" 76
"../../../Engine/Content/EngineMaterials/T_Default_Material_Grid_M.uexp" 77
"../../../Engine/Content/EngineMaterials/T_Default_Material_Grid_N.ubulk" 78
"../../../Engine/Content/EngineMaterials/T_Default_Material_Grid_N.uasset" 79
"../../../Engine/Content/EngineMaterials/T_Default_Material_Grid_N.uexp" 80
"../../../Engine/Content/Functions/Engine_MaterialFunctions01/Opacity/CameraDepthFade.uasset" 81
"../../../Engine/Content/Functions/Engine_MaterialFunctions01/Opacity/CameraDepthFade.uexp" 82
"../../../Engine/Content/EngineMaterials/WorldGridMaterial.uasset" 83
"../../../Engine/Content/EngineMaterials/WorldGridMaterial.uexp" 84
"../../../Engine/Content/ArtTools/RenderToTexture/Meshes/S_1_Unit_Plane.ubulk" 85
"../../../Engine/Content/ArtTools/RenderToTexture/Meshes/S_1_Unit_Plane.uasset" 86
"../../../Engine/Content/ArtTools/RenderToTexture/Meshes/S_1_Unit_Plane.uexp" 87
"../../../Engine/Content/EditorMaterials/ParticleSystems/PSysThumbnail_NoImage.ubulk" 88
"../../../Engine/Content/EditorMaterials/ParticleSystems/PSysThumbnail_NoImage.uasset" 89
"../../../Engine/Content/EditorMaterials/ParticleSystems/PSysThumbnail_NoImage.uexp" 90
"../../../Engine/Content/EditorMaterials/ParticleSystems/PSysThumbnail_OOD.ubulk" 91
"../../../Engine/Content/EditorMaterials/ParticleSystems/PSysThumbnail_OOD.uasset" 92
"../../../Engine/Content/EditorMaterials/ParticleSystems/PSysThumbnail_OOD.uexp" 93
"../../../Engine/Content/EditorLandscapeResources/SplineEditorMeshMat.uasset" 94
"../../../Engine/Content/EditorLandscapeResources/SplineEditorMeshMat.uexp" 95
"../../../Engine/Content/EditorLandscapeResources/SplineEditorMesh.ubulk" 96
"../../../Engine/Content/EditorLandscapeResources/SplineEditorMesh.uasset" 97
"../../../Engine/Content/EditorLandscapeResources/SplineEditorMesh.uexp" 98
"../../../Engine/Content/EditorResources/S_Solver.ubulk" 99
"../../../Engine/Content/EditorResources/S_Solver.uasset" 100
"../../../Engine/Content/EditorResources/S_Solver.uexp" 101
"../../../Engine/Plugins/Media/MediaPlate/Content/SM_MediaPlateScreen.ubulk" 102
"../../../Engine/Plugins/Media/MediaPlate/Content/SM_MediaPlateScreen.uasset" 103
"../../../Engine/Plugins/Media/MediaPlate/Content/SM_MediaPlateScreen.uexp" 104
"../../../Engine/Content/EngineMaterials/Good64x64TilingNoiseHighFreq.uasset" 105
"../../../Engine/Content/EngineMaterials/Good64x64TilingNoiseHighFreq.uexp" 106
"../../../Engine/Content/EngineMaterials/DefaultBokeh.uasset" 107
"../../../Engine/Content/EngineMaterials/DefaultBokeh.uexp" 108
"../../../Engine/Content/EngineMaterials/PreintegratedSkinBRDF.uasset" 109
"../../../Engine/Content/EngineMaterials/PreintegratedSkinBRDF.uexp" 110
"../../../Engine/Content/EngineMaterials/MiniFont.uasset" 111
"../../../Engine/Content/EngineMaterials/MiniFont.uexp" 112
"../../../Engine/Content/EngineMaterials/WeightMapPlaceholderTexture.uasset" 113
"../../../Engine/Content/EngineMaterials/WeightMapPlaceholderTexture.uexp" 114
"../../../Engine/Content/EngineMaterials/DefaultWhiteGrid.ubulk" 115
"../../../Engine/Content/EngineMaterials/DefaultWhiteGrid.uasset" 116
"../../../Engine/Content/EngineMaterials/DefaultWhiteGrid.uexp" 117
"../../../Engine/Plugins/2D/Paper2D/Content/PlaceholderTextures/DummySpriteTexture.ubulk" 118
"../../../Engine/Plugins/2D/Paper2D/Content/PlaceholderTextures/DummySpriteTexture.uasset" 119
"../../../Engine/Plugins/2D/Paper2D/Content/PlaceholderTextures/DummySpriteTexture.uexp" 120
"../../../Engine/Plugins/2D/Paper2D/Content/DefaultSpriteMaterial.uasset" 121
"../../../Engine/Plugins/2D/Paper2D/Content/DefaultSpriteMaterial.uexp" 122
"../../../Engine/Plugins/2D/Paper2D/Content/OpaqueUnlitSpriteMaterial.uasset" 123
"../../../Engine/Plugins/2D/Paper2D/Content/OpaqueUnlitSpriteMaterial.uexp" 124
"../../../Engine/Plugins/2D/Paper2D/Content/MaskedUnlitSpriteMaterial.uasset" 125
"../../../Engine/Plugins/2D/Paper2D/Content/MaskedUnlitSpriteMaterial.uexp" 126
"../../../Engine/Plugins/2D/Paper2D/Content/DummySprite.uasset" 127
"../../../Engine/Plugins/2D/Paper2D/Content/DummySprite.uexp" 128
"../../../Engine/Plugins/2D/Paper2D/Content/DefaultPaperTerrainMaterial.uasset" 129
"../../../Engine/Plugins/2D/Paper2D/Content/DefaultPaperTerrainMaterial.uexp" 130
"../../../Engine/Content/Functions/Engine_MaterialFunctions02/WorldPositionOffset/CameraOffset.uasset" 131
"../../../Engine/Content/Functions/Engine_MaterialFunctions02/WorldPositionOffset/CameraOffset.uexp" 132
"../../../Engine/Plugins/Animation/ControlRig/Content/M_Manip.uasset" 133
"../../../Engine/Plugins/Animation/ControlRig/Content/M_Manip.uexp" 134
"../../../Engine/Content/Animation/DefaultRecorderBoneCompression.uasset" 135
"../../../Engine/Content/Animation/DefaultRecorderBoneCompression.uexp" 136
"../../../Engine/Content/Animation/DefaultAnimCurveCompressionSettings.uasset" 137
"../../../Engine/Content/Animation/DefaultAnimCurveCompressionSettings.uexp" 138
"../../../Engine/Content/Animation/DefaultAnimBoneCompressionSettings.uasset" 139
"../../../Engine/Content/Animation/DefaultAnimBoneCompressionSettings.uexp" 140
"../../../Engine/Content/BasicShapes/Plane.ubulk" 141
"../../../Engine/Content/BasicShapes/Plane.uasset" 142
"../../../Engine/Content/BasicShapes/Plane.uexp" 143
"../../../Engine/Content/EngineMaterials/DefaultMaterial.uasset" 144
"../../../Engine/Content/EngineMaterials/DefaultMaterial.uexp" 145
"../../../Engine/Content/BasicShapes/Cylinder.ubulk" 146
"../../../Engine/Content/BasicShapes/Cylinder.uasset" 147
"../../../Engine/Content/BasicShapes/Cylinder.uexp" 148
"../../../Engine/Content/BasicShapes/Cone.ubulk" 149
"../../../Engine/Content/BasicShapes/Cone.uasset" 150
"../../../Engine/Content/BasicShapes/Cone.uexp" 151
"../../../Engine/Content/EditorResources/S_Terrain.ubulk" 152
"../../../Engine/Content/EditorResources/S_Terrain.uasset" 153
"../../../Engine/Content/EditorResources/S_Terrain.uexp" 154
"../../../Engine/Content/EditorResources/EmptyActor.uasset" 155
"../../../Engine/Content/EditorResources/EmptyActor.uexp" 156
"../../../Engine/Content/EditorResources/BSPVertex.uasset" 157
"../../../Engine/Content/EditorResources/BSPVertex.uexp" 158
"../../../Engine/Content/EngineFonts/Faces/RobotoLight.uexp" 159
"../../../Engine/Content/EngineFonts/Faces/RobotoLight.uasset" 160
"../../../Engine/Content/EngineFonts/Faces/RobotoLight.ufont" 161
"../../../Engine/Content/EngineFonts/Faces/RobotoBold.uexp" 162
"../../../Engine/Content/EngineFonts/Faces/RobotoBold.uasset" 163
"../../../Engine/Content/EngineFonts/Faces/RobotoBold.ufont" 164
"../../../Engine/Content/EngineFonts/Faces/RobotoRegular.uexp" 165
"../../../Engine/Content/EngineFonts/Faces/RobotoRegular.uasset" 166
"../../../Engine/Content/EngineFonts/Faces/RobotoRegular.ufont" 167
"../../../Engine/Content/EngineFonts/Faces/DroidSansFallback.uexp" 168
"../../../Engine/Content/EngineFonts/Faces/DroidSansFallback.uasset" 169
"../../../Engine/Content/EngineFonts/Faces/DroidSansFallback.ufont" 170
"../../../Engine/Content/EngineFonts/Faces/RobotoItalic.uexp" 171
"../../../Engine/Content/EngineFonts/Faces/RobotoItalic.uasset" 172
"../../../Engine/Content/EngineFonts/Faces/RobotoItalic.ufont" 173
"../../../Engine/Content/EngineFonts/Faces/RobotoBoldItalic.uexp" 174
"../../../Engine/Content/EngineFonts/Faces/RobotoBoldItalic.uasset" 175
"../../../Engine/Content/EngineFonts/Faces/RobotoBoldItalic.ufont" 176
"../../../Engine/Content/EngineFonts/Roboto.uasset" 177
"../../../Engine/Content/EngineFonts/Roboto.uexp" 178
"../../../Engine/Content/Functions/Engine_MaterialFunctions02/Utility/CameraDirectionVector.uasset" 179
"../../../Engine/Content/Functions/Engine_MaterialFunctions02/Utility/CameraDirectionVector.uexp" 180
"../../../Engine/Content/EngineDebugMaterials/VolumeToRender.uasset" 181
"../../../Engine/Content/EngineDebugMaterials/VolumeToRender.uexp" 182
"../../../Engine/Content/EngineDebugMaterials/M_VolumeRenderSphereTracePP.uasset" 183
"../../../Engine/Content/EngineDebugMaterials/M_VolumeRenderSphereTracePP.uexp" 184
"../../../Engine/Content/EngineDebugMaterials/M_SimpleUnlitTranslucent.uasset" 185
"../../../Engine/Content/EngineDebugMaterials/M_SimpleUnlitTranslucent.uexp" 186
"../../../Engine/Content/EngineDebugMaterials/DebugMeshMaterial.uasset" 187
"../../../Engine/Content/EngineDebugMaterials/DebugMeshMaterial.uexp" 188
"../../../Engine/Content/EngineDebugMaterials/DebugEditorMaterial.uasset" 189
"../../../Engine/Content/EngineDebugMaterials/DebugEditorMaterial.uexp" 190
"../../../Engine/Plugins/Runtime/MeshModelingToolset/Content/Materials/M_DynamicMeshComponentVtxColor.uasset" 191
"../../../Engine/Plugins/Runtime/MeshModelingToolset/Content/Materials/M_DynamicMeshComponentVtxColor.uexp" 192
"../../../Engine/Plugins/Interchange/Runtime/Content/Pipelines/DefaultTexturePipeline.uasset" 193
"../../../Engine/Plugins/Interchange/Runtime/Content/Pipelines/DefaultTexturePipeline.uexp" 194
"../../../Engine/Plugins/Interchange/Runtime/Content/Pipelines/DefaultSceneLevelPipeline.uasset" 195
"../../../Engine/Plugins/Interchange/Runtime/Content/Pipelines/DefaultSceneLevelPipeline.uexp" 196
"../../../Engine/Plugins/Interchange/Runtime/Content/Pipelines/DefaultSceneAssetsPipeline.uasset" 197
"../../../Engine/Plugins/Interchange/Runtime/Content/Pipelines/DefaultSceneAssetsPipeline.uexp" 198
"../../../Engine/Plugins/Interchange/Runtime/Content/Pipelines/DefaultMaterialPipeline.uasset" 199
"../../../Engine/Plugins/Interchange/Runtime/Content/Pipelines/DefaultMaterialPipeline.uexp" 200
"../../../Engine/Plugins/Interchange/Runtime/Content/Pipelines/DefaultAssetsPipeline.uasset" 201
"../../../Engine/Plugins/Interchange/Runtime/Content/Pipelines/DefaultAssetsPipeline.uexp" 202
"../../../Engine/Plugins/Editor/SpeedTreeImporter/Content/SpeedTree9/game_wind_noise.ubulk" 203
"../../../Engine/Plugins/Editor/SpeedTreeImporter/Content/SpeedTree9/game_wind_noise.uasset" 204
"../../../Engine/Plugins/Editor/SpeedTreeImporter/Content/SpeedTree9/game_wind_noise.uexp" 205
"../../../Engine/Plugins/Editor/SpeedTreeImporter/Content/SpeedTree9/UnpackDirection.uasset" 206
"../../../Engine/Plugins/Editor/SpeedTreeImporter/Content/SpeedTree9/UnpackDirection.uexp" 207
"../../../Engine/Content/Functions/Engine_MaterialFunctions02/ObjectLocalBounds.uasset" 208
"../../../Engine/Content/Functions/Engine_MaterialFunctions02/ObjectLocalBounds.uexp" 209
"../../../Engine/Content/Functions/Engine_MaterialFunctions02/Utility/BreakOutFloat3Components.uasset" 210
"../../../Engine/Content/Functions/Engine_MaterialFunctions02/Utility/BreakOutFloat3Components.uexp" 211
"../../../Engine/Content/Functions/Engine_MaterialFunctions02/UVs/BoundingBoxBased_0-1_UVW.uasset" 212
"../../../Engine/Content/Functions/Engine_MaterialFunctions02/UVs/BoundingBoxBased_0-1_UVW.uexp" 213
"../../../Engine/Content/Functions/Engine_MaterialFunctions02/Utility/VectorLength.uasset" 214
"../../../Engine/Content/Functions/Engine_MaterialFunctions02/Utility/VectorLength.uexp" 215
"../../../Engine/Plugins/Editor/SpeedTreeImporter/Content/SpeedTree9/UnpackInteger3.uasset" 216
"../../../Engine/Plugins/Editor/SpeedTreeImporter/Content/SpeedTree9/UnpackInteger3.uexp" 217
"../../../Engine/Plugins/Editor/SpeedTreeImporter/Content/SpeedTree9/SpeedTreeCameraFacing.uasset" 218
"../../../Engine/Plugins/Editor/SpeedTreeImporter/Content/SpeedTree9/SpeedTreeCameraFacing.uexp" 219
"../../../Engine/Content/Functions/Engine_MaterialFunctions02/WorldPositionOffset/ObjectScale.uasset" 220
"../../../Engine/Content/Functions/Engine_MaterialFunctions02/WorldPositionOffset/ObjectScale.uexp" 221
"../../../Engine/Content/Functions/Engine_MaterialFunctions02/SafeNormalize.uasset" 222
"../../../Engine/Content/Functions/Engine_MaterialFunctions02/SafeNormalize.uexp" 223
"../../../Engine/Plugins/Editor/SpeedTreeImporter/Content/SpeedTree9/SpeedTreeWindMotion.uasset" 224
"../../../Engine/Plugins/Editor/SpeedTreeImporter/Content/SpeedTree9/SpeedTreeWindMotion.uexp" 225
"../../../Engine/Plugins/Editor/SpeedTreeImporter/Content/SpeedTree9/SpeedTreeBranchMotion.uasset" 226
"../../../Engine/Plugins/Editor/SpeedTreeImporter/Content/SpeedTree9/SpeedTreeBranchMotion.uexp" 227
"../../../Engine/Plugins/Editor/SpeedTreeImporter/Content/SpeedTree9/SpeedTreeWind.uasset" 228
"../../../Engine/Plugins/Editor/SpeedTreeImporter/Content/SpeedTree9/SpeedTreeWind.uexp" 229
"../../../Engine/Plugins/Editor/SpeedTreeImporter/Content/SpeedTree9/EmptyNormal.uasset" 230
"../../../Engine/Plugins/Editor/SpeedTreeImporter/Content/SpeedTree9/EmptyNormal.uexp" 231
"../../../Engine/Plugins/Editor/SpeedTreeImporter/Content/SpeedTree9/Empty.uasset" 232
"../../../Engine/Plugins/Editor/SpeedTreeImporter/Content/SpeedTree9/Empty.uexp" 233
"../../../Engine/Plugins/Editor/SpeedTreeImporter/Content/SpeedTree9/SpeedTreeMaster.uasset" 234
"../../../Engine/Plugins/Editor/SpeedTreeImporter/Content/SpeedTree9/SpeedTreeMaster.uexp" 235
"../../../Engine/Plugins/Editor/SpeedTreeImporter/Content/SpeedTree9/SpeedTreeBillboard.uasset" 236
"../../../Engine/Plugins/Editor/SpeedTreeImporter/Content/SpeedTree9/SpeedTreeBillboard.uexp" 237
"../../../Engine/Plugins/Editor/SpeedTreeImporter/Content/SpeedTree9/SpeedTreeBillboardMaster.uasset" 238
"../../../Engine/Plugins/Editor/SpeedTreeImporter/Content/SpeedTree9/SpeedTreeBillboardMaster.uexp" 239
"../../../Engine/Plugins/Animation/ControlRig/Content/Controls/DefaultGizmoLibraryNormalized.uasset" 240
"../../../Engine/Plugins/Animation/ControlRig/Content/Controls/DefaultGizmoLibraryNormalized.uexp" 241
"../../../Engine/Plugins/Animation/ControlRig/Content/Controls/ControlRig_Wedge_solid.ubulk" 242
"../../../Engine/Plugins/Animation/ControlRig/Content/Controls/ControlRig_Wedge_solid.uasset" 243
"../../../Engine/Plugins/Animation/ControlRig/Content/Controls/ControlRig_Wedge_solid.uexp" 244
"../../../Engine/Plugins/Animation/ControlRig/Content/Controls/ControlRig_Wedge_3mm.ubulk" 245
"../../../Engine/Plugins/Animation/ControlRig/Content/Controls/ControlRig_Wedge_3mm.uasset" 246
"../../../Engine/Plugins/Animation/ControlRig/Content/Controls/ControlRig_Wedge_3mm.uexp" 247
"../../../Engine/Plugins/Animation/ControlRig/Content/Controls/ControlRig_Wedge_1mm.ubulk" 248
"../../../Engine/Plugins/Animation/ControlRig/Content/Controls/ControlRig_Wedge_1mm.uasset" 249
"../../../Engine/Plugins/Animation/ControlRig/Content/Controls/ControlRig_Wedge_1mm.uexp" 250
"../../../Engine/Plugins/Animation/ControlRig/Content/Controls/ControlRig_Triangle_solid.ubulk" 251
"../../../Engine/Plugins/Animation/ControlRig/Content/Controls/ControlRig_Triangle_solid.uasset" 252
"../../../Engine/Plugins/Animation/ControlRig/Content/Controls/ControlRig_Triangle_solid.uexp" 253
"../../../Engine/Plugins/Animation/ControlRig/Content/Controls/ControlRig_Triangle_3mm.ubulk" 254
"../../../Engine/Plugins/Animation/ControlRig/Content/Controls/ControlRig_Triangle_3mm.uasset" 255
"../../../Engine/Plugins/Animation/ControlRig/Content/Controls/ControlRig_Triangle_3mm.uexp" 256
"../../../Engine/Plugins/Animation/ControlRig/Content/Controls/ControlRig_Triangle_1mm.ubulk" 257
"../../../Engine/Plugins/Animation/ControlRig/Content/Controls/ControlRig_Triangle_1mm.uasset" 258
"../../../Engine/Plugins/Animation/ControlRig/Content/Controls/ControlRig_Triangle_1mm.uexp" 259
"../../../Engine/Plugins/Animation/ControlRig/Content/Controls/ControlRig_Star4_solid.ubulk" 260
"../../../Engine/Plugins/Animation/ControlRig/Content/Controls/ControlRig_Star4_solid.uasset" 261
"../../../Engine/Plugins/Animation/ControlRig/Content/Controls/ControlRig_Star4_solid.uexp" 262
"../../../Engine/Plugins/Animation/ControlRig/Content/Controls/ControlRig_Star4_3mm.ubulk" 263
"../../../Engine/Plugins/Animation/ControlRig/Content/Controls/ControlRig_Star4_3mm.uasset" 264
"../../../Engine/Plugins/Animation/ControlRig/Content/Controls/ControlRig_Star4_3mm.uexp" 265
"../../../Engine/Plugins/Animation/ControlRig/Content/Controls/ControlRig_Star4_1mm.ubulk" 266
"../../../Engine/Plugins/Animation/ControlRig/Content/Controls/ControlRig_Star4_1mm.uasset" 267
"../../../Engine/Plugins/Animation/ControlRig/Content/Controls/ControlRig_Star4_1mm.uexp" 268
"../../../Engine/Plugins/Animation/ControlRig/Content/Controls/ControlRig_Square_solid.ubulk" 269
"../../../Engine/Plugins/Animation/ControlRig/Content/Controls/ControlRig_Square_solid.uasset" 270
"../../../Engine/Plugins/Animation/ControlRig/Content/Controls/ControlRig_Square_solid.uexp" 271
"../../../Engine/Plugins/Animation/ControlRig/Content/Controls/ControlRig_Square_3mm.ubulk" 272
"../../../Engine/Plugins/Animation/ControlRig/Content/Controls/ControlRig_Square_3mm.uasset" 273
"../../../Engine/Plugins/Animation/ControlRig/Content/Controls/ControlRig_Square_3mm.uexp" 274
"../../../Engine/Plugins/Animation/ControlRig/Content/Controls/ControlRig_Square_1mm.ubulk" 275
"../../../Engine/Plugins/Animation/ControlRig/Content/Controls/ControlRig_Square_1mm.uasset" 276
"../../../Engine/Plugins/Animation/ControlRig/Content/Controls/ControlRig_Square_1mm.uexp" 277
"../../../Engine/Plugins/Animation/ControlRig/Content/Controls/ControlRig_Sphere_solid.ubulk" 278
"../../../Engine/Plugins/Animation/ControlRig/Content/Controls/ControlRig_Sphere_solid.uasset" 279
"../../../Engine/Plugins/Animation/ControlRig/Content/Controls/ControlRig_Sphere_solid.uexp" 280
"../../../Engine/Plugins/Animation/ControlRig/Content/Controls/ControlRig_Sphere_3mm.ubulk" 281
"../../../Engine/Plugins/Animation/ControlRig/Content/Controls/ControlRig_Sphere_3mm.uasset" 282
"../../../Engine/Plugins/Animation/ControlRig/Content/Controls/ControlRig_Sphere_3mm.uexp" 283
"../../../Engine/Plugins/Animation/ControlRig/Content/Controls/ControlRig_Sphere_1mm.ubulk" 284
"../../../Engine/Plugins/Animation/ControlRig/Content/Controls/ControlRig_Sphere_1mm.uasset" 285
"../../../Engine/Plugins/Animation/ControlRig/Content/Controls/ControlRig_Sphere_1mm.uexp" 286
"../../../Engine/Plugins/Animation/ControlRig/Content/Controls/ControlRig_RoundedTriangle_solid.ubulk" 287
"../../../Engine/Plugins/Animation/ControlRig/Content/Controls/ControlRig_RoundedTriangle_solid.uasset" 288
"../../../Engine/Plugins/Animation/ControlRig/Content/Controls/ControlRig_RoundedTriangle_solid.uexp" 289
"../../../Engine/Plugins/Animation/ControlRig/Content/Controls/ControlRig_RoundedTriangle_3mm.ubulk" 290
"../../../Engine/Plugins/Animation/ControlRig/Content/Controls/ControlRig_RoundedTriangle_3mm.uasset" 291
"../../../Engine/Plugins/Animation/ControlRig/Content/Controls/ControlRig_RoundedTriangle_3mm.uexp" 292
"../../../Engine/Plugins/Animation/ControlRig/Content/Controls/ControlRig_RoundedTriangle_1mm.ubulk" 293
"../../../Engine/Plugins/Animation/ControlRig/Content/Controls/ControlRig_RoundedTriangle_1mm.uasset" 294
"../../../Engine/Plugins/Animation/ControlRig/Content/Controls/ControlRig_RoundedTriangle_1mm.uexp" 295
"../../../Engine/Plugins/Animation/ControlRig/Content/Controls/ControlRig_RoundedSquare_solid.ubulk" 296
"../../../Engine/Plugins/Animation/ControlRig/Content/Controls/ControlRig_RoundedSquare_solid.uasset" 297
"../../../Engine/Plugins/Animation/ControlRig/Content/Controls/ControlRig_RoundedSquare_solid.uexp" 298
"../../../Engine/Plugins/Animation/ControlRig/Content/Controls/ControlRig_RoundedSquare_3mm.ubulk" 299
"../../../Engine/Plugins/Animation/ControlRig/Content/Controls/ControlRig_RoundedSquare_3mm.uasset" 300
"../../../Engine/Plugins/Animation/ControlRig/Content/Controls/ControlRig_RoundedSquare_3mm.uexp" 301
"../../../Engine/Plugins/Animation/ControlRig/Content/Controls/ControlRig_RoundedSquare_1mm.ubulk" 302
"../../../Engine/Plugins/Animation/ControlRig/Content/Controls/ControlRig_RoundedSquare_1mm.uasset" 303
"../../../Engine/Plugins/Animation/ControlRig/Content/Controls/ControlRig_RoundedSquare_1mm.uexp" 304
"../../../Engine/Plugins/Animation/ControlRig/Content/Controls/ControlRig_QuarterCircle_solid.ubulk" 305
"../../../Engine/Plugins/Animation/ControlRig/Content/Controls/ControlRig_QuarterCircle_solid.uasset" 306
"../../../Engine/Plugins/Animation/ControlRig/Content/Controls/ControlRig_QuarterCircle_solid.uexp" 307
"../../../Engine/Plugins/Animation/ControlRig/Content/Controls/ControlRig_QuarterCircle_3mm.ubulk" 308
"../../../Engine/Plugins/Animation/ControlRig/Content/Controls/ControlRig_QuarterCircle_3mm.uasset" 309
"../../../Engine/Plugins/Animation/ControlRig/Content/Controls/ControlRig_QuarterCircle_3mm.uexp" 310
"../../../Engine/Plugins/Animation/ControlRig/Content/Controls/ControlRig_QuarterCircle_1mm.ubulk" 311
"../../../Engine/Plugins/Animation/ControlRig/Content/Controls/ControlRig_QuarterCircle_1mm.uasset" 312
"../../../Engine/Plugins/Animation/ControlRig/Content/Controls/ControlRig_QuarterCircle_1mm.uexp" 313
"../../../Engine/Plugins/Animation/ControlRig/Content/Controls/ControlRig_Pyramid_solid.ubulk" 314
"../../../Engine/Plugins/Animation/ControlRig/Content/Controls/ControlRig_Pyramid_solid.uasset" 315
"../../../Engine/Plugins/Animation/ControlRig/Content/Controls/ControlRig_Pyramid_solid.uexp" 316
"../../../Engine/Plugins/Animation/ControlRig/Content/Controls/ControlRig_Pyramid_3mm.ubulk" 317
"../../../Engine/Plugins/Animation/ControlRig/Content/Controls/ControlRig_Pyramid_3mm.uasset" 318
"../../../Engine/Plugins/Animation/ControlRig/Content/Controls/ControlRig_Pyramid_3mm.uexp" 319
"../../../Engine/Plugins/Animation/ControlRig/Content/Controls/ControlRig_Pyramid_1mm.ubulk" 320
"../../../Engine/Plugins/Animation/ControlRig/Content/Controls/ControlRig_Pyramid_1mm.uasset" 321
"../../../Engine/Plugins/Animation/ControlRig/Content/Controls/ControlRig_Pyramid_1mm.uexp" 322
"../../../Engine/Plugins/Animation/ControlRig/Content/Controls/ControlRig_Octagon_solid.ubulk" 323
"../../../Engine/Plugins/Animation/ControlRig/Content/Controls/ControlRig_Octagon_solid.uasset" 324
"../../../Engine/Plugins/Animation/ControlRig/Content/Controls/ControlRig_Octagon_solid.uexp" 325
"../../../Engine/Plugins/Animation/ControlRig/Content/Controls/ControlRig_Octagon_3mm.ubulk" 326
"../../../Engine/Plugins/Animation/ControlRig/Content/Controls/ControlRig_Octagon_3mm.uasset" 327
"../../../Engine/Plugins/Animation/ControlRig/Content/Controls/ControlRig_Octagon_3mm.uexp" 328
"../../../Engine/Plugins/Animation/ControlRig/Content/Controls/ControlRig_Octagon_1mm.ubulk" 329
"../../../Engine/Plugins/Animation/ControlRig/Content/Controls/ControlRig_Octagon_1mm.uasset" 330
"../../../Engine/Plugins/Animation/ControlRig/Content/Controls/ControlRig_Octagon_1mm.uexp" 331
"../../../Engine/Plugins/Animation/ControlRig/Content/Controls/ControlRig_Hexagon_solid.ubulk" 332
"../../../Engine/Plugins/Animation/ControlRig/Content/Controls/ControlRig_Hexagon_solid.uasset" 333
"../../../Engine/Plugins/Animation/ControlRig/Content/Controls/ControlRig_Hexagon_solid.uexp" 334
"../../../Engine/Plugins/Animation/ControlRig/Content/Controls/ControlRig_Hexagon_3mm.ubulk" 335
"../../../Engine/Plugins/Animation/ControlRig/Content/Controls/ControlRig_Hexagon_3mm.uasset" 336
"../../../Engine/Plugins/Animation/ControlRig/Content/Controls/ControlRig_Hexagon_3mm.uexp" 337
"../../../Engine/Plugins/Animation/ControlRig/Content/Controls/ControlRig_Hexagon_1mm.ubulk" 338
"../../../Engine/Plugins/Animation/ControlRig/Content/Controls/ControlRig_Hexagon_1mm.uasset" 339
"../../../Engine/Plugins/Animation/ControlRig/Content/Controls/ControlRig_Hexagon_1mm.uexp" 340
"../../../Engine/Plugins/Animation/ControlRig/Content/Controls/ControlRig_HalfCircle_solid.ubulk" 341
"../../../Engine/Plugins/Animation/ControlRig/Content/Controls/ControlRig_HalfCircle_solid.uasset" 342
"../../../Engine/Plugins/Animation/ControlRig/Content/Controls/ControlRig_HalfCircle_solid.uexp" 343
"../../../Engine/Plugins/Animation/ControlRig/Content/Controls/ControlRig_HalfCircle_3mm.ubulk" 344
"../../../Engine/Plugins/Animation/ControlRig/Content/Controls/ControlRig_HalfCircle_3mm.uasset" 345
"../../../Engine/Plugins/Animation/ControlRig/Content/Controls/ControlRig_HalfCircle_3mm.uexp" 346
"../../../Engine/Plugins/Animation/ControlRig/Content/Controls/ControlRig_HalfCircle_1mm.ubulk" 347
"../../../Engine/Plugins/Animation/ControlRig/Content/Controls/ControlRig_HalfCircle_1mm.uasset" 348
"../../../Engine/Plugins/Animation/ControlRig/Content/Controls/ControlRig_HalfCircle_1mm.uexp" 349
"../../../Engine/Plugins/Animation/ControlRig/Content/Controls/ControlRig_Diamond_solid.ubulk" 350
"../../../Engine/Plugins/Animation/ControlRig/Content/Controls/ControlRig_Diamond_solid.uasset" 351
"../../../Engine/Plugins/Animation/ControlRig/Content/Controls/ControlRig_Diamond_solid.uexp" 352
"../../../Engine/Plugins/Animation/ControlRig/Content/Controls/ControlRig_Diamond_3mm.ubulk" 353
"../../../Engine/Plugins/Animation/ControlRig/Content/Controls/ControlRig_Diamond_3mm.uasset" 354
"../../../Engine/Plugins/Animation/ControlRig/Content/Controls/ControlRig_Diamond_3mm.uexp" 355
"../../../Engine/Plugins/Animation/ControlRig/Content/Controls/ControlRig_Diamond_1mm.ubulk" 356
"../../../Engine/Plugins/Animation/ControlRig/Content/Controls/ControlRig_Diamond_1mm.uasset" 357
"../../../Engine/Plugins/Animation/ControlRig/Content/Controls/ControlRig_Diamond_1mm.uexp" 358
"../../../Engine/Plugins/Animation/ControlRig/Content/Controls/ControlRig_Circle_solid.ubulk" 359
"../../../Engine/Plugins/Animation/ControlRig/Content/Controls/ControlRig_Circle_solid.uasset" 360
"../../../Engine/Plugins/Animation/ControlRig/Content/Controls/ControlRig_Circle_solid.uexp" 361
"../../../Engine/Plugins/Animation/ControlRig/Content/Controls/ControlRig_Circle_3mm.ubulk" 362
"../../../Engine/Plugins/Animation/ControlRig/Content/Controls/ControlRig_Circle_3mm.uasset" 363
"../../../Engine/Plugins/Animation/ControlRig/Content/Controls/ControlRig_Circle_3mm.uexp" 364
"../../../Engine/Plugins/Animation/ControlRig/Content/Controls/ControlRig_Circle_1mm.ubulk" 365
"../../../Engine/Plugins/Animation/ControlRig/Content/Controls/ControlRig_Circle_1mm.uasset" 366
"../../../Engine/Plugins/Animation/ControlRig/Content/Controls/ControlRig_Circle_1mm.uexp" 367
"../../../Engine/Plugins/Animation/ControlRig/Content/Controls/ControlRig_Box_solid.ubulk" 368
"../../../Engine/Plugins/Animation/ControlRig/Content/Controls/ControlRig_Box_solid.uasset" 369
"../../../Engine/Plugins/Animation/ControlRig/Content/Controls/ControlRig_Box_solid.uexp" 370
"../../../Engine/Plugins/Animation/ControlRig/Content/Controls/ControlRig_Box_3mm.ubulk" 371
"../../../Engine/Plugins/Animation/ControlRig/Content/Controls/ControlRig_Box_3mm.uasset" 372
"../../../Engine/Plugins/Animation/ControlRig/Content/Controls/ControlRig_Box_3mm.uexp" 373
"../../../Engine/Plugins/Animation/ControlRig/Content/Controls/ControlRig_Box_1mm.ubulk" 374
"../../../Engine/Plugins/Animation/ControlRig/Content/Controls/ControlRig_Box_1mm.uasset" 375
"../../../Engine/Plugins/Animation/ControlRig/Content/Controls/ControlRig_Box_1mm.uexp" 376
"../../../Engine/Plugins/Animation/ControlRig/Content/Controls/ControlRig_Arrow_solid.ubulk" 377
"../../../Engine/Plugins/Animation/ControlRig/Content/Controls/ControlRig_Arrow_solid.uasset" 378
"../../../Engine/Plugins/Animation/ControlRig/Content/Controls/ControlRig_Arrow_solid.uexp" 379
"../../../Engine/Plugins/Animation/ControlRig/Content/Controls/ControlRig_Arrow_3mm.ubulk" 380
"../../../Engine/Plugins/Animation/ControlRig/Content/Controls/ControlRig_Arrow_3mm.uasset" 381
"../../../Engine/Plugins/Animation/ControlRig/Content/Controls/ControlRig_Arrow_3mm.uexp" 382
"../../../Engine/Plugins/Animation/ControlRig/Content/Controls/ControlRig_Arrow_1mm.ubulk" 383
"../../../Engine/Plugins/Animation/ControlRig/Content/Controls/ControlRig_Arrow_1mm.uasset" 384
"../../../Engine/Plugins/Animation/ControlRig/Content/Controls/ControlRig_Arrow_1mm.uexp" 385
"../../../Engine/Plugins/Animation/ControlRig/Content/Controls/ControlRig_Arrow4_solid.ubulk" 386
"../../../Engine/Plugins/Animation/ControlRig/Content/Controls/ControlRig_Arrow4_solid.uasset" 387
"../../../Engine/Plugins/Animation/ControlRig/Content/Controls/ControlRig_Arrow4_solid.uexp" 388
"../../../Engine/Plugins/Animation/ControlRig/Content/Controls/ControlRig_Arrow4_3mm.ubulk" 389
"../../../Engine/Plugins/Animation/ControlRig/Content/Controls/ControlRig_Arrow4_3mm.uasset" 390
"../../../Engine/Plugins/Animation/ControlRig/Content/Controls/ControlRig_Arrow4_3mm.uexp" 391
"../../../Engine/Plugins/Animation/ControlRig/Content/Controls/ControlRig_Arrow4_1mm.ubulk" 392
"../../../Engine/Plugins/Animation/ControlRig/Content/Controls/ControlRig_Arrow4_1mm.uasset" 393
"../../../Engine/Plugins/Animation/ControlRig/Content/Controls/ControlRig_Arrow4_1mm.uexp" 394
"../../../Engine/Plugins/Animation/ControlRig/Content/Controls/ControlRig_Arrow2_solid.ubulk" 395
"../../../Engine/Plugins/Animation/ControlRig/Content/Controls/ControlRig_Arrow2_solid.uasset" 396
"../../../Engine/Plugins/Animation/ControlRig/Content/Controls/ControlRig_Arrow2_solid.uexp" 397
"../../../Engine/Plugins/Animation/ControlRig/Content/Controls/ControlRig_Arrow2_3mm.ubulk" 398
"../../../Engine/Plugins/Animation/ControlRig/Content/Controls/ControlRig_Arrow2_3mm.uasset" 399
"../../../Engine/Plugins/Animation/ControlRig/Content/Controls/ControlRig_Arrow2_3mm.uexp" 400
"../../../Engine/Plugins/Animation/ControlRig/Content/Controls/ControlRig_Arrow2_1mm.ubulk" 401
"../../../Engine/Plugins/Animation/ControlRig/Content/Controls/ControlRig_Arrow2_1mm.uasset" 402
"../../../Engine/Plugins/Animation/ControlRig/Content/Controls/ControlRig_Arrow2_1mm.uexp" 403
"../../../Engine/Plugins/Animation/ControlRig/Content/Controls/ControlRigXRayMaterial.uasset" 404
"../../../Engine/Plugins/Animation/ControlRig/Content/Controls/ControlRigXRayMaterial.uexp" 405
"../../../Engine/Plugins/Animation/ControlRig/Content/Controls/ControlRigGizmoMaterial.uasset" 406
"../../../Engine/Plugins/Animation/ControlRig/Content/Controls/ControlRigGizmoMaterial.uexp" 407
"../../../Engine/Content/EngineSounds/Master.uasset" 408
"../../../Engine/Content/EngineSounds/Master.uexp" 409
"../../../Engine/Content/EngineResources/WhiteSquareTexture.uasset" 410
"../../../Engine/Content/EngineResources/WhiteSquareTexture.uexp" 411
"../../../Engine/Content/EngineMaterials/Widget3DPassThrough.uasset" 412
"../../../Engine/Content/EngineMaterials/Widget3DPassThrough.uexp" 413
"../../../Engine/Content/EngineMaterials/Widget3DPassThrough_Translucent.uasset" 414
"../../../Engine/Content/EngineMaterials/Widget3DPassThrough_Translucent.uexp" 415
"../../../Engine/Content/EngineMaterials/Widget3DPassThrough_Translucent_OneSided.uasset" 416
"../../../Engine/Content/EngineMaterials/Widget3DPassThrough_Translucent_OneSided.uexp" 417
"../../../Engine/Content/EngineMaterials/Widget3DPassThrough_Opaque.uasset" 418
"../../../Engine/Content/EngineMaterials/Widget3DPassThrough_Opaque.uexp" 419
"../../../Engine/Content/EngineMaterials/Widget3DPassThrough_Opaque_OneSided.uasset" 420
"../../../Engine/Content/EngineMaterials/Widget3DPassThrough_Opaque_OneSided.uexp" 421
"../../../Engine/Content/EngineMaterials/Widget3DPassThrough_Masked_OneSided.uasset" 422
"../../../Engine/Content/EngineMaterials/Widget3DPassThrough_Masked_OneSided.uexp" 423
"../../../Engine/Content/EngineMaterials/Widget3DPassThrough_Masked.uasset" 424
"../../../Engine/Content/EngineMaterials/Widget3DPassThrough_Masked.uexp" 425
"../../../Engine/Content/EngineMaterials/STBlueNoise_vec2_128x128x64.uasset" 426
"../../../Engine/Content/EngineMaterials/STBlueNoise_vec2_128x128x64.uexp" 427
"../../../Engine/Content/EngineMaterials/STBlueNoise_scalar_128x128x64.uasset" 428
"../../../Engine/Content/EngineMaterials/STBlueNoise_scalar_128x128x64.uexp" 429
"../../../Engine/Content/EngineMaterials/RemoveSurfaceMaterial.uasset" 430
"../../../Engine/Content/EngineMaterials/RemoveSurfaceMaterial.uexp" 431
"../../../Engine/Content/EngineMaterials/DefaultCalibrationGrayscale.uasset" 432
"../../../Engine/Content/EngineMaterials/DefaultCalibrationGrayscale.uexp" 433
"../../../Engine/Content/EngineMaterials/PPM_DefaultCalibrationGrayscale.uasset" 434
"../../../Engine/Content/EngineMaterials/PPM_DefaultCalibrationGrayscale.uexp" 435
"../../../Engine/Content/EngineMaterials/DefaultCalibrationColor.uasset" 436
"../../../Engine/Content/EngineMaterials/DefaultCalibrationColor.uexp" 437
"../../../Engine/Content/EngineMaterials/PPM_DefaultCalibrationColor.uasset" 438
"../../../Engine/Content/EngineMaterials/PPM_DefaultCalibrationColor.uexp" 439
"../../../Engine/Content/EngineMaterials/PhAT_JointLimitMaterial.uasset" 440
"../../../Engine/Content/EngineMaterials/PhAT_JointLimitMaterial.uexp" 441
"../../../Engine/Content/EngineMaterials/NaniteHiddenSectionMaterial.uasset" 442
"../../../Engine/Content/EngineMaterials/NaniteHiddenSectionMaterial.uexp" 443
"../../../Engine/Content/EngineMaterials/InvalidLightmapSettings.ubulk" 444
"../../../Engine/Content/EngineMaterials/InvalidLightmapSettings.uasset" 445
"../../../Engine/Content/EngineMaterials/InvalidLightmapSettings.uexp" 446
"../../../Engine/Content/EngineMaterials/M_InvalidLightmapSettings.uasset" 447
"../../../Engine/Content/EngineMaterials/M_InvalidLightmapSettings.uexp" 448
"../../../Engine/Content/EngineMaterials/GizmoMaterial.uasset" 449
"../../../Engine/Content/EngineMaterials/GizmoMaterial.uexp" 450
"../../../Engine/Content/EngineMaterials/BaseFlattenEmissiveMap_VT.uasset" 451
"../../../Engine/Content/EngineMaterials/BaseFlattenEmissiveMap_VT.uexp" 452
"../../../Engine/Content/EngineMaterials/BaseFlattenGrayscaleMap_VT.uasset" 453
"../../../Engine/Content/EngineMaterials/BaseFlattenGrayscaleMap_VT.uexp" 454
"../../../Engine/Content/EngineMaterials/BaseFlattenLinearColor_VT.uasset" 455
"../../../Engine/Content/EngineMaterials/BaseFlattenLinearColor_VT.uexp" 456
"../../../Engine/Content/EngineMaterials/Black_1x1_EXR_Texture_VT.uasset" 457
"../../../Engine/Content/EngineMaterials/Black_1x1_EXR_Texture_VT.uexp" 458
"../../../Engine/Content/EngineMaterials/BaseFlattenDiffuseMap_VT.uasset" 459
"../../../Engine/Content/EngineMaterials/BaseFlattenDiffuseMap_VT.uexp" 460
"../../../Engine/Content/EngineMaterials/BaseFlattenNormalMap_VT.uasset" 461
"../../../Engine/Content/EngineMaterials/BaseFlattenNormalMap_VT.uexp" 462
"../../../Engine/Content/EngineMaterials/FlattenMaterial_WS_Normal_VT.uasset" 463
"../../../Engine/Content/EngineMaterials/FlattenMaterial_WS_Normal_VT.uexp" 464
"../../../Engine/Content/EngineMaterials/FlattenMaterial_VT.uasset" 465
"../../../Engine/Content/EngineMaterials/FlattenMaterial_VT.uexp" 466
"../../../Engine/Content/EngineMaterials/BaseFlattenNormalMap.uasset" 467
"../../../Engine/Content/EngineMaterials/BaseFlattenNormalMap.uexp" 468
"../../../Engine/Content/EngineMaterials/BaseFlattenGrayscaleMap.uasset" 469
"../../../Engine/Content/EngineMaterials/BaseFlattenGrayscaleMap.uexp" 470
"../../../Engine/Content/EngineMaterials/BaseFlattenDiffuseMap.uasset" 471
"../../../Engine/Content/EngineMaterials/BaseFlattenDiffuseMap.uexp" 472
"../../../Engine/Content/Functions/Engine_MaterialFunctions02/PivotPainter2/Black_1x1_EXR_Texture.uasset" 473
"../../../Engine/Content/Functions/Engine_MaterialFunctions02/PivotPainter2/Black_1x1_EXR_Texture.uexp" 474
"../../../Engine/Content/EngineMaterials/BaseFlattenEmissiveMap.uasset" 475
"../../../Engine/Content/EngineMaterials/BaseFlattenEmissiveMap.uexp" 476
"../../../Engine/Content/EngineMaterials/BaseFlattenLinearColor.uasset" 477
"../../../Engine/Content/EngineMaterials/BaseFlattenLinearColor.uexp" 478
"../../../Engine/Content/EngineMaterials/FlattenMaterial.uasset" 479
"../../../Engine/Content/EngineMaterials/FlattenMaterial.uexp" 480
"../../../Engine/Content/EngineMaterials/DefaultWhiteGrid_Low.uasset" 481
"../../../Engine/Content/EngineMaterials/DefaultWhiteGrid_Low.uexp" 482
"../../../Engine/Content/EngineMaterials/EmissiveMeshMaterial.uasset" 483
"../../../Engine/Content/EngineMaterials/EmissiveMeshMaterial.uexp" 484
"../../../Engine/Content/EngineFonts/RobotoDistanceField.uasset" 485
"../../../Engine/Content/EngineFonts/RobotoDistanceField.uexp" 486
"../../../Engine/Content/EngineMaterials/DefaultTextMaterialOpaque.uasset" 487
"../../../Engine/Content/EngineMaterials/DefaultTextMaterialOpaque.uexp" 488
"../../../Engine/Content/EngineMaterials/DefaultDiffuse.ubulk" 489
"../../../Engine/Content/EngineMaterials/DefaultDiffuse.uasset" 490
"../../../Engine/Content/EngineMaterials/DefaultDiffuse.uexp" 491
"../../../Engine/Content/Functions/Engine_MaterialFunctions02/Utility/BreakOutFloat2Components.uasset" 492
"../../../Engine/Content/Functions/Engine_MaterialFunctions02/Utility/BreakOutFloat2Components.uexp" 493
"../../../Engine/Content/EngineMaterials/DefaultPostProcessMaterial.uasset" 494
"../../../Engine/Content/EngineMaterials/DefaultPostProcessMaterial.uexp" 495
"../../../Engine/Content/EngineMaterials/DefaultPhysicalMaterial.uasset" 496
"../../../Engine/Content/EngineMaterials/DefaultPhysicalMaterial.uexp" 497
"../../../Engine/Content/EngineMaterials/DefaultLightFunctionMaterial.uasset" 498
"../../../Engine/Content/EngineMaterials/DefaultLightFunctionMaterial.uexp" 499
"../../../Engine/Content/EngineMaterials/DefaultDestructiblePhysicalMaterial.uasset" 500
"../../../Engine/Content/EngineMaterials/DefaultDestructiblePhysicalMaterial.uexp" 501
"../../../Engine/Content/EngineMaterials/DefaultDeferredDecalMaterial.uasset" 502
"../../../Engine/Content/EngineMaterials/DefaultDeferredDecalMaterial.uexp" 503
"../../../Engine/Content/EngineMaterials/DefaultBloomKernel.uasset" 504
"../../../Engine/Content/EngineMaterials/DefaultBloomKernel.uexp" 505
"../../../Engine/Content/EngineDamageTypes/DmgTypeBP_Environmental.uasset" 506
"../../../Engine/Content/EngineDamageTypes/DmgTypeBP_Environmental.uexp" 507
"../../../Engine/Content/EditorMaterials/PreviewShadowIndicator.ubulk" 508
"../../../Engine/Content/EditorMaterials/PreviewShadowIndicator.uasset" 509
"../../../Engine/Content/EditorMaterials/PreviewShadowIndicator.uexp" 510
"../../../Engine/Content/EditorMaterials/PreviewShadowIndicatorMaterial.uasset" 511
"../../../Engine/Content/EditorMaterials/PreviewShadowIndicatorMaterial.uexp" 512
"../../../Engine/Content/EditorMaterials/PhAT_UnselectedMaterial.uasset" 513
"../../../Engine/Content/EditorMaterials/PhAT_UnselectedMaterial.uexp" 514
"../../../Engine/Content/EditorMaterials/PhAT_NoCollisionMaterial.uasset" 515
"../../../Engine/Content/EditorMaterials/PhAT_NoCollisionMaterial.uexp" 516
"../../../Engine/Content/EditorLandscapeResources/DefaultAlphaTexture.uasset" 517
"../../../Engine/Content/EditorLandscapeResources/DefaultAlphaTexture.uexp" 518
"../../../Engine/Content/EditorLandscapeResources/DataLayer.uasset" 519
"../../../Engine/Content/EditorLandscapeResources/DataLayer.uexp" 520
"../../../Engine/Content/EditorResources/AudioIcons/S_AudioComponent_AutoActivate.uasset" 521
"../../../Engine/Content/EditorResources/AudioIcons/S_AudioComponent_AutoActivate.uexp" 522
"../../../Engine/Content/BasicShapes/Cube.ubulk" 523
"../../../Engine/Content/BasicShapes/Cube.uasset" 524
"../../../Engine/Content/BasicShapes/Cube.uexp" 525
"C:/Users/hugog/OneDrive/Documents/Unreal Projects/TheMadScientist/Content/TheMadScientist/Art/Interactables/PowButton/T_PowBlock.uasset" 526
"C:/Users/hugog/OneDrive/Documents/Unreal Projects/TheMadScientist/Content/TheMadScientist/Art/Interactables/PowButton/T_PowBlock.uexp" 527
"C:/Users/hugog/OneDrive/Documents/Unreal Projects/TheMadScientist/Content/TheMadScientist/MaterialLibrary/MPC_ColorPalette.uasset" 528
"C:/Users/hugog/OneDrive/Documents/Unreal Projects/TheMadScientist/Content/TheMadScientist/MaterialLibrary/MPC_ColorPalette.uexp" 529
"C:/Users/hugog/OneDrive/Documents/Unreal Projects/TheMadScientist/Content/TheMadScientist/MaterialLibrary/M_Block.uasset" 530
"C:/Users/hugog/OneDrive/Documents/Unreal Projects/TheMadScientist/Content/TheMadScientist/MaterialLibrary/M_Block.uexp" 531
"C:/Users/hugog/OneDrive/Documents/Unreal Projects/TheMadScientist/Content/TheMadScientist/MaterialLibrary/MI_powerBlock.uasset" 532
"C:/Users/hugog/OneDrive/Documents/Unreal Projects/TheMadScientist/Content/TheMadScientist/MaterialLibrary/MI_powerBlock.uexp" 533
"../../../Engine/Plugins/FX/Niagara/Content/Enums/ENiagaraSphereDistributionMode.uasset" 534
"../../../Engine/Plugins/FX/Niagara/Content/Enums/ENiagaraSphereDistributionMode.uexp" 535
"../../../Engine/Plugins/FX/Niagara/Content/Enums/ENiagaraTorusDistributionMode.uasset" 536
"../../../Engine/Plugins/FX/Niagara/Content/Enums/ENiagaraTorusDistributionMode.uexp" 537
"../../../Engine/Plugins/FX/Niagara/Content/Enums/ENiagaraRandomnessMode.uasset" 538
"../../../Engine/Plugins/FX/Niagara/Content/Enums/ENiagaraRandomnessMode.uexp" 539
"../../../Engine/Plugins/FX/Niagara/Content/Enums/ENiagaraRandomnessEvaluation.uasset" 540
"../../../Engine/Plugins/FX/Niagara/Content/Enums/ENiagaraRandomnessEvaluation.uexp" 541
"../../../Engine/Plugins/FX/Niagara/Content/Enums/Location/ENiagara_LocationShapes.uasset" 542
"../../../Engine/Plugins/FX/Niagara/Content/Enums/Location/ENiagara_LocationShapes.uexp" 543
"../../../Engine/Plugins/FX/Niagara/Content/Enums/ENiagara_MassInitializationMode.uasset" 544
"../../../Engine/Plugins/FX/Niagara/Content/Enums/ENiagara_MassInitializationMode.uexp" 545
"../../../Engine/Plugins/FX/Niagara/Content/Enums/Location/ENiagara_CylinderMode.uasset" 546
"../../../Engine/Plugins/FX/Niagara/Content/Enums/Location/ENiagara_CylinderMode.uexp" 547
"../../../Engine/Plugins/FX/Niagara/Content/Enums/ENiagara_PositionInitializationMode.uasset" 548
"../../../Engine/Plugins/FX/Niagara/Content/Enums/ENiagara_PositionInitializationMode.uexp" 549
"../../../Engine/Plugins/FX/Niagara/Content/Icons/Modules/T_Icon_Solver_LimitSpeed.uasset" 550
"../../../Engine/Plugins/FX/Niagara/Content/Icons/Modules/T_Icon_Solver_LimitSpeed.uexp" 551
"../../../Engine/Plugins/FX/Niagara/Content/Icons/Modules/T_Icon_Solver_RotationalSolve.uasset" 552
"../../../Engine/Plugins/FX/Niagara/Content/Icons/Modules/T_Icon_Solver_RotationalSolve.uexp" 553
"../../../Engine/Plugins/FX/Niagara/Content/Icons/Modules/T_Icon_Solver_LimitAccel.uasset" 554
"../../../Engine/Plugins/FX/Niagara/Content/Icons/Modules/T_Icon_Solver_LimitAccel.uexp" 555
"../../../Engine/Plugins/FX/Niagara/Content/Enums/ENiagara_SizeScaleMode.uasset" 556
"../../../Engine/Plugins/FX/Niagara/Content/Enums/ENiagara_SizeScaleMode.uexp" 557
"../../../Engine/Plugins/FX/Niagara/Content/Enums/ENiagara_UVFlippingMode.uasset" 558
"../../../Engine/Plugins/FX/Niagara/Content/Enums/ENiagara_UVFlippingMode.uexp" 559
"../../../Engine/Plugins/FX/Niagara/Content/Enums/Ribbons/ENiagara_UnsetDirectSetRandom.uasset" 560
"../../../Engine/Plugins/FX/Niagara/Content/Enums/Ribbons/ENiagara_UnsetDirectSetRandom.uexp" 561
"../../../Engine/Plugins/FX/Niagara/Content/Enums/ENiagara_LifetimeMode.uasset" 562
"../../../Engine/Plugins/FX/Niagara/Content/Enums/ENiagara_LifetimeMode.uexp" 563
"../../../Engine/Plugins/FX/Niagara/Content/Enums/Ribbons/ENiagara_UnsetDirectSet.uasset" 564
"../../../Engine/Plugins/FX/Niagara/Content/Enums/Ribbons/ENiagara_UnsetDirectSet.uexp" 565
"../../../Engine/Plugins/FX/Niagara/Content/Enums/ENiagara_SpriteRotationMode.uasset" 566
"../../../Engine/Plugins/FX/Niagara/Content/Enums/ENiagara_SpriteRotationMode.uexp" 567
"../../../Engine/Plugins/FX/Niagara/Content/Enums/ENiagara_ColorInitializationMode.uasset" 568
"../../../Engine/Plugins/FX/Niagara/Content/Enums/ENiagara_ColorInitializationMode.uexp" 569
"../../../Engine/Plugins/FX/Niagara/Content/Enums/ENiagaraChannelCorrelation.uasset" 570
"../../../Engine/Plugins/FX/Niagara/Content/Enums/ENiagaraChannelCorrelation.uexp" 571
"../../../Engine/Plugins/FX/Niagara/Content/Enums/Transforms/ENiagara_ScaleMode.uasset" 572
"../../../Engine/Plugins/FX/Niagara/Content/Enums/Transforms/ENiagara_ScaleMode.uexp" 573
"../../../Engine/Plugins/FX/Niagara/Content/Enums/Angles/ENiagara_AngleInput.uasset" 574
"../../../Engine/Plugins/FX/Niagara/Content/Enums/Angles/ENiagara_AngleInput.uexp" 575
"../../../Engine/Plugins/FX/Niagara/Content/Enums/Utility/ENiagara_VelocityMode.uasset" 576
"../../../Engine/Plugins/FX/Niagara/Content/Enums/Utility/ENiagara_VelocityMode.uexp" 577
"../../../Engine/Plugins/FX/Niagara/Content/Enums/Transforms/ENiagara_RotationMode.uasset" 578
"../../../Engine/Plugins/FX/Niagara/Content/Enums/Transforms/ENiagara_RotationMode.uexp" 579
"../../../Engine/Plugins/FX/Niagara/Content/Enums/ENiagaraEmitterLifeCycleMode.uasset" 580
"../../../Engine/Plugins/FX/Niagara/Content/Enums/ENiagaraEmitterLifeCycleMode.uexp" 581
"../../../Engine/Plugins/FX/Niagara/Content/Enums/ENiagara_InfiniteLoopDuration.uasset" 582
"../../../Engine/Plugins/FX/Niagara/Content/Enums/ENiagara_InfiniteLoopDuration.uexp" 583
"../../../Engine/Plugins/FX/Niagara/Content/Enums/ENiagara_EmitterStateOptions.uasset" 584
"../../../Engine/Plugins/FX/Niagara/Content/Enums/ENiagara_EmitterStateOptions.uexp" 585
"../../../Engine/Plugins/FX/Niagara/Content/Enums/ENiagaraInactiveMode.uasset" 586
"../../../Engine/Plugins/FX/Niagara/Content/Enums/ENiagaraInactiveMode.uexp" 587
"../../../Engine/Plugins/FX/Niagara/Content/Enums/ENiagaraExecutionStateManagement.uasset" 588
"../../../Engine/Plugins/FX/Niagara/Content/Enums/ENiagaraExecutionStateManagement.uexp" 589
"../../../Engine/Plugins/FX/Niagara/Content/Enums/ENiagaraEmitterScalabilityMode_Limited.uasset" 590
"../../../Engine/Plugins/FX/Niagara/Content/Enums/ENiagaraEmitterScalabilityMode_Limited.uexp" 591
"../../../Engine/Plugins/FX/Niagara/Content/Enums/Location/ENiagara_ConeMode.uasset" 592
"../../../Engine/Plugins/FX/Niagara/Content/Enums/Location/ENiagara_ConeMode.uexp" 593
"C:/Users/hugog/OneDrive/Documents/Unreal Projects/TheMadScientist/Content/TheMadScientist/Art/T_GB_Palette.ubulk" 594
"C:/Users/hugog/OneDrive/Documents/Unreal Projects/TheMadScientist/Content/TheMadScientist/Art/T_GB_Palette.uasset" 595
"C:/Users/hugog/OneDrive/Documents/Unreal Projects/TheMadScientist/Content/TheMadScientist/Art/T_GB_Palette.uexp" 596
"C:/Users/hugog/OneDrive/Documents/Unreal Projects/TheMadScientist/Content/TheMadScientist/MaterialLibrary/M_RandomPaletteColor.uasset" 597
"C:/Users/hugog/OneDrive/Documents/Unreal Projects/TheMadScientist/Content/TheMadScientist/MaterialLibrary/M_RandomPaletteColor.uexp" 598
"../../../Engine/Plugins/FX/Niagara/Content/Enums/ENiagaraSystemInactiveMode.uasset" 599
"../../../Engine/Plugins/FX/Niagara/Content/Enums/ENiagaraSystemInactiveMode.uexp" 600
"../../../Engine/Plugins/FX/Niagara/Content/Enums/ENiagara_AttributeSamplingApplyOutput.uasset" 601
"../../../Engine/Plugins/FX/Niagara/Content/Enums/ENiagara_AttributeSamplingApplyOutput.uexp" 602
"../../../Engine/Plugins/FX/Niagara/Content/Enums/Transforms/ENiagara_OffsetMode.uasset" 603
"../../../Engine/Plugins/FX/Niagara/Content/Enums/Transforms/ENiagara_OffsetMode.uexp" 604
"../../../Engine/Plugins/FX/Niagara/Content/Enums/Location/ENiagara_BoxPlaneMode.uasset" 605
"../../../Engine/Plugins/FX/Niagara/Content/Enums/Location/ENiagara_BoxPlaneMode.uexp" 606
"../../../Engine/Plugins/FX/Niagara/Content/Enums/Transforms/ENiagara_TransformOrder.uasset" 607
"../../../Engine/Plugins/FX/Niagara/Content/Enums/Transforms/ENiagara_TransformOrder.uexp" 608
"../../../Engine/Plugins/FX/Niagara/Content/Enums/Location/ENiagaraRingDiscMode.uasset" 609
"../../../Engine/Plugins/FX/Niagara/Content/Enums/Location/ENiagaraRingDiscMode.uexp" 610
"../../../Engine/Plugins/FX/Niagara/Content/Enums/ENiagaraShapeTorusMode.uasset" 611
"../../../Engine/Plugins/FX/Niagara/Content/Enums/ENiagaraShapeTorusMode.uexp" 612
"../../../Engine/Plugins/FX/Niagara/Content/Enums/ENiagaraExpansionMode.uasset" 613
"../../../Engine/Plugins/FX/Niagara/Content/Enums/ENiagaraExpansionMode.uexp" 614
"../../../Engine/Plugins/FX/Niagara/Content/Enums/Transforms/ENiagara_TransformType.uasset" 615
"../../../Engine/Plugins/FX/Niagara/Content/Enums/Transforms/ENiagara_TransformType.uexp" 616
"../../../Engine/Plugins/FX/Niagara/Content/Icons/Modules/T_Icon_Particle_InfiniteLife.uasset" 617
"../../../Engine/Plugins/FX/Niagara/Content/Icons/Modules/T_Icon_Particle_InfiniteLife.uexp" 618
"C:/Users/hugog/OneDrive/Documents/Unreal Projects/TheMadScientist/Content/TheMadScientist/Core/Niagara_System/NS_Explosion.uasset" 619
"C:/Users/hugog/OneDrive/Documents/Unreal Projects/TheMadScientist/Content/TheMadScientist/Core/Niagara_System/NS_Explosion.uexp" 620
"../../../Engine/Content/EditorBlueprintResources/StandardMacros.uasset" 621
"../../../Engine/Content/EditorBlueprintResources/StandardMacros.uexp" 622
"C:/Users/hugog/OneDrive/Documents/Unreal Projects/TheMadScientist/Content/TheMadScientist/Audio/A_Explode.ubulk" 623
"C:/Users/hugog/OneDrive/Documents/Unreal Projects/TheMadScientist/Content/TheMadScientist/Audio/A_Explode.uasset" 624
"C:/Users/hugog/OneDrive/Documents/Unreal Projects/TheMadScientist/Content/TheMadScientist/Audio/A_Explode.uexp" 625
"C:/Users/hugog/OneDrive/Documents/Unreal Projects/TheMadScientist/Content/TheMadScientist/Core/Block/BP_PowerBlocks.uasset" 626
"C:/Users/hugog/OneDrive/Documents/Unreal Projects/TheMadScientist/Content/TheMadScientist/Core/Block/BP_PowerBlocks.uexp" 627
"C:/Users/hugog/OneDrive/Documents/Unreal Projects/TheMadScientist/Content/TheMadScientist/Core/Inpus/INP_Jump.uasset" 628
"C:/Users/hugog/OneDrive/Documents/Unreal Projects/TheMadScientist/Content/TheMadScientist/Core/Inpus/INP_Jump.uexp" 629
"C:/Users/hugog/OneDrive/Documents/Unreal Projects/TheMadScientist/Content/TheMadScientist/Art/Character/T_Idle.uasset" 630
"C:/Users/hugog/OneDrive/Documents/Unreal Projects/TheMadScientist/Content/TheMadScientist/Art/Character/T_Idle.uexp" 631
"C:/Users/hugog/OneDrive/Documents/Unreal Projects/TheMadScientist/Content/TheMadScientist/Art/Character/T_Idle_Sprite_0.uasset" 632
"C:/Users/hugog/OneDrive/Documents/Unreal Projects/TheMadScientist/Content/TheMadScientist/Art/Character/T_Idle_Sprite_0.uexp" 633
"C:/Users/hugog/OneDrive/Documents/Unreal Projects/TheMadScientist/Content/TheMadScientist/Art/Character/T_Idle_Sprite_1.uasset" 634
"C:/Users/hugog/OneDrive/Documents/Unreal Projects/TheMadScientist/Content/TheMadScientist/Art/Character/T_Idle_Sprite_1.uexp" 635
"C:/Users/hugog/OneDrive/Documents/Unreal Projects/TheMadScientist/Content/TheMadScientist/Art/Character/T_Idle_Sprite_2.uasset" 636
"C:/Users/hugog/OneDrive/Documents/Unreal Projects/TheMadScientist/Content/TheMadScientist/Art/Character/T_Idle_Sprite_2.uexp" 637
"C:/Users/hugog/OneDrive/Documents/Unreal Projects/TheMadScientist/Content/TheMadScientist/Art/Character/T_Idle_Sprite_3.uasset" 638
"C:/Users/hugog/OneDrive/Documents/Unreal Projects/TheMadScientist/Content/TheMadScientist/Art/Character/T_Idle_Sprite_3.uexp" 639
"C:/Users/hugog/OneDrive/Documents/Unreal Projects/TheMadScientist/Content/TheMadScientist/Art/Character/T_Idle_Sprite_4.uasset" 640
"C:/Users/hugog/OneDrive/Documents/Unreal Projects/TheMadScientist/Content/TheMadScientist/Art/Character/T_Idle_Sprite_4.uexp" 641
"C:/Users/hugog/OneDrive/Documents/Unreal Projects/TheMadScientist/Content/TheMadScientist/Art/Character/T_Idle_Sprite_5.uasset" 642
"C:/Users/hugog/OneDrive/Documents/Unreal Projects/TheMadScientist/Content/TheMadScientist/Art/Character/T_Idle_Sprite_5.uexp" 643
"C:/Users/hugog/OneDrive/Documents/Unreal Projects/TheMadScientist/Content/TheMadScientist/Art/Character/T_Idle_Sprite_6.uasset" 644
"C:/Users/hugog/OneDrive/Documents/Unreal Projects/TheMadScientist/Content/TheMadScientist/Art/Character/T_Idle_Sprite_6.uexp" 645
"C:/Users/hugog/OneDrive/Documents/Unreal Projects/TheMadScientist/Content/TheMadScientist/Art/Character/T_Idle_Sprite_7.uasset" 646
"C:/Users/hugog/OneDrive/Documents/Unreal Projects/TheMadScientist/Content/TheMadScientist/Art/Character/T_Idle_Sprite_7.uexp" 647
"C:/Users/hugog/OneDrive/Documents/Unreal Projects/TheMadScientist/Content/TheMadScientist/Art/Character/PFB_Idle.uasset" 648
"C:/Users/hugog/OneDrive/Documents/Unreal Projects/TheMadScientist/Content/TheMadScientist/Art/Character/PFB_Idle.uexp" 649
"C:/Users/hugog/OneDrive/Documents/Unreal Projects/TheMadScientist/Content/TheMadScientist/Core/Inpus/INP_MoveAround.uasset" 650
"C:/Users/hugog/OneDrive/Documents/Unreal Projects/TheMadScientist/Content/TheMadScientist/Core/Inpus/INP_MoveAround.uexp" 651
"C:/Users/hugog/OneDrive/Documents/Unreal Projects/TheMadScientist/Content/TheMadScientist/Audio/A_Shoot.ubulk" 652
"C:/Users/hugog/OneDrive/Documents/Unreal Projects/TheMadScientist/Content/TheMadScientist/Audio/A_Shoot.uasset" 653
"C:/Users/hugog/OneDrive/Documents/Unreal Projects/TheMadScientist/Content/TheMadScientist/Audio/A_Shoot.uexp" 654
"C:/Users/hugog/OneDrive/Documents/Unreal Projects/TheMadScientist/Content/TheMadScientist/Core/Inpus/INP_Crouch.uasset" 655
"C:/Users/hugog/OneDrive/Documents/Unreal Projects/TheMadScientist/Content/TheMadScientist/Core/Inpus/INP_Crouch.uexp" 656
"C:/Users/hugog/OneDrive/Documents/Unreal Projects/TheMadScientist/Content/TheMadScientist/Art/Character/T_CrouchIdle.uasset" 657
"C:/Users/hugog/OneDrive/Documents/Unreal Projects/TheMadScientist/Content/TheMadScientist/Art/Character/T_CrouchIdle.uexp" 658
"C:/Users/hugog/OneDrive/Documents/Unreal Projects/TheMadScientist/Content/TheMadScientist/Art/Character/T_CrouchIdle_Sprite.uasset" 659
"C:/Users/hugog/OneDrive/Documents/Unreal Projects/TheMadScientist/Content/TheMadScientist/Art/Character/T_CrouchIdle_Sprite.uexp" 660
"C:/Users/hugog/OneDrive/Documents/Unreal Projects/TheMadScientist/Content/TheMadScientist/Art/Character/PFB_CrouchIdle.uasset" 661
"C:/Users/hugog/OneDrive/Documents/Unreal Projects/TheMadScientist/Content/TheMadScientist/Art/Character/PFB_CrouchIdle.uexp" 662
"../../../Engine/Plugins/2D/Paper2D/Content/TranslucentUnlitSpriteMaterial.uasset" 663
"../../../Engine/Plugins/2D/Paper2D/Content/TranslucentUnlitSpriteMaterial.uexp" 664
"C:/Users/hugog/OneDrive/Documents/Unreal Projects/TheMadScientist/Content/TheMadScientist/Art/Character/T_Dive.uasset" 665
"C:/Users/hugog/OneDrive/Documents/Unreal Projects/TheMadScientist/Content/TheMadScientist/Art/Character/T_Dive.uexp" 666
"C:/Users/hugog/OneDrive/Documents/Unreal Projects/TheMadScientist/Content/TheMadScientist/Art/Character/T_Dive_Sprite.uasset" 667
"C:/Users/hugog/OneDrive/Documents/Unreal Projects/TheMadScientist/Content/TheMadScientist/Art/Character/T_Dive_Sprite.uexp" 668
"C:/Users/hugog/OneDrive/Documents/Unreal Projects/TheMadScientist/Content/TheMadScientist/Art/Character/PFB_Dive.uasset" 669
"C:/Users/hugog/OneDrive/Documents/Unreal Projects/TheMadScientist/Content/TheMadScientist/Art/Character/PFB_Dive.uexp" 670
"C:/Users/hugog/OneDrive/Documents/Unreal Projects/TheMadScientist/Content/TheMadScientist/Audio/A_Jump.ubulk" 671
"C:/Users/hugog/OneDrive/Documents/Unreal Projects/TheMadScientist/Content/TheMadScientist/Audio/A_Jump.uasset" 672
"C:/Users/hugog/OneDrive/Documents/Unreal Projects/TheMadScientist/Content/TheMadScientist/Audio/A_Jump.uexp" 673
"C:/Users/hugog/OneDrive/Documents/Unreal Projects/TheMadScientist/Content/TheMadScientist/Core/BPI_Damageable.uasset" 674
"C:/Users/hugog/OneDrive/Documents/Unreal Projects/TheMadScientist/Content/TheMadScientist/Core/BPI_Damageable.uexp" 675
"C:/Users/hugog/OneDrive/Documents/Unreal Projects/TheMadScientist/Content/TheMadScientist/Art/Character/T_Jump.uasset" 676
"C:/Users/hugog/OneDrive/Documents/Unreal Projects/TheMadScientist/Content/TheMadScientist/Art/Character/T_Jump.uexp" 677
"C:/Users/hugog/OneDrive/Documents/Unreal Projects/TheMadScientist/Content/TheMadScientist/Art/Character/T_Jump_Sprite.uasset" 678
"C:/Users/hugog/OneDrive/Documents/Unreal Projects/TheMadScientist/Content/TheMadScientist/Art/Character/T_Jump_Sprite.uexp" 679
"C:/Users/hugog/OneDrive/Documents/Unreal Projects/TheMadScientist/Content/TheMadScientist/Art/Character/PFB_Jump.uasset" 680
"C:/Users/hugog/OneDrive/Documents/Unreal Projects/TheMadScientist/Content/TheMadScientist/Art/Character/PFB_Jump.uexp" 681
"C:/Users/hugog/OneDrive/Documents/Unreal Projects/TheMadScientist/Content/TheMadScientist/Core/Inpus/INP_FireProjectile.uasset" 682
"C:/Users/hugog/OneDrive/Documents/Unreal Projects/TheMadScientist/Content/TheMadScientist/Core/Inpus/INP_FireProjectile.uexp" 683
"C:/Users/hugog/OneDrive/Documents/Unreal Projects/TheMadScientist/Content/TheMadScientist/Core/Inpus/IMC_Default.uasset" 684
"C:/Users/hugog/OneDrive/Documents/Unreal Projects/TheMadScientist/Content/TheMadScientist/Core/Inpus/IMC_Default.uexp" 685
"C:/Users/hugog/OneDrive/Documents/Unreal Projects/TheMadScientist/Content/TheMadScientist/Art/Font_GameOver.uexp" 686
"C:/Users/hugog/OneDrive/Documents/Unreal Projects/TheMadScientist/Content/TheMadScientist/Art/Font_GameOver.uasset" 687
"C:/Users/hugog/OneDrive/Documents/Unreal Projects/TheMadScientist/Content/TheMadScientist/Art/Font_GameOver.ufont" 688
"C:/Users/hugog/OneDrive/Documents/Unreal Projects/TheMadScientist/Content/TheMadScientist/Art/Font_GameOver_Font.uasset" 689
"C:/Users/hugog/OneDrive/Documents/Unreal Projects/TheMadScientist/Content/TheMadScientist/Art/Font_GameOver_Font.uexp" 690
"C:/Users/hugog/OneDrive/Documents/Unreal Projects/TheMadScientist/Content/TheMadScientist/UI/WBP_Game_Over.uasset" 691
"C:/Users/hugog/OneDrive/Documents/Unreal Projects/TheMadScientist/Content/TheMadScientist/UI/WBP_Game_Over.uexp" 692
"../../../Engine/Content/BasicShapes/Sphere.ubulk" 693
"../../../Engine/Content/BasicShapes/Sphere.uasset" 694
"../../../Engine/Content/BasicShapes/Sphere.uexp" 695
"../../../Engine/Plugins/FX/Niagara/Content/Enums/SpriteRenderer/ENiagara_ScaleSpriteSize.uasset" 696
"../../../Engine/Plugins/FX/Niagara/Content/Enums/SpriteRenderer/ENiagara_ScaleSpriteSize.uexp" 697
"C:/Users/hugog/OneDrive/Documents/Unreal Projects/TheMadScientist/Content/TheMadScientist/Core/Niagara_System/NS_Projectile.uasset" 698
"C:/Users/hugog/OneDrive/Documents/Unreal Projects/TheMadScientist/Content/TheMadScientist/Core/Niagara_System/NS_Projectile.uexp" 699
"C:/Users/hugog/OneDrive/Documents/Unreal Projects/TheMadScientist/Content/TheMadScientist/Audio/A_Projectile_Hit.ubulk" 700
"C:/Users/hugog/OneDrive/Documents/Unreal Projects/TheMadScientist/Content/TheMadScientist/Audio/A_Projectile_Hit.uasset" 701
"C:/Users/hugog/OneDrive/Documents/Unreal Projects/TheMadScientist/Content/TheMadScientist/Audio/A_Projectile_Hit.uexp" 702
"C:/Users/hugog/OneDrive/Documents/Unreal Projects/TheMadScientist/Content/TheMadScientist/MaterialLibrary/M_LighterGreen.uasset" 703
"C:/Users/hugog/OneDrive/Documents/Unreal Projects/TheMadScientist/Content/TheMadScientist/MaterialLibrary/M_LighterGreen.uexp" 704
"C:/Users/hugog/OneDrive/Documents/Unreal Projects/TheMadScientist/Content/TheMadScientist/Core/BP_Projectile.uasset" 705
"C:/Users/hugog/OneDrive/Documents/Unreal Projects/TheMadScientist/Content/TheMadScientist/Core/BP_Projectile.uexp" 706
"C:/Users/hugog/OneDrive/Documents/Unreal Projects/TheMadScientist/Content/TheMadScientist/Core/BPI_diveable.uasset" 707
"C:/Users/hugog/OneDrive/Documents/Unreal Projects/TheMadScientist/Content/TheMadScientist/Core/BPI_diveable.uexp" 708
"C:/Users/hugog/OneDrive/Documents/Unreal Projects/TheMadScientist/Content/TheMadScientist/Art/Character/Walk.uasset" 709
"C:/Users/hugog/OneDrive/Documents/Unreal Projects/TheMadScientist/Content/TheMadScientist/Art/Character/Walk.uexp" 710
"C:/Users/hugog/OneDrive/Documents/Unreal Projects/TheMadScientist/Content/TheMadScientist/Art/Character/Walk_Sprite_0.uasset" 711
"C:/Users/hugog/OneDrive/Documents/Unreal Projects/TheMadScientist/Content/TheMadScientist/Art/Character/Walk_Sprite_0.uexp" 712
"C:/Users/hugog/OneDrive/Documents/Unreal Projects/TheMadScientist/Content/TheMadScientist/Art/Character/Walk_Sprite_1.uasset" 713
"C:/Users/hugog/OneDrive/Documents/Unreal Projects/TheMadScientist/Content/TheMadScientist/Art/Character/Walk_Sprite_1.uexp" 714
"C:/Users/hugog/OneDrive/Documents/Unreal Projects/TheMadScientist/Content/TheMadScientist/Art/Character/Walk_Sprite_2.uasset" 715
"C:/Users/hugog/OneDrive/Documents/Unreal Projects/TheMadScientist/Content/TheMadScientist/Art/Character/Walk_Sprite_2.uexp" 716
"C:/Users/hugog/OneDrive/Documents/Unreal Projects/TheMadScientist/Content/TheMadScientist/Art/Character/PFB_Walk.uasset" 717
"C:/Users/hugog/OneDrive/Documents/Unreal Projects/TheMadScientist/Content/TheMadScientist/Art/Character/PFB_Walk.uexp" 718
"C:/Users/hugog/OneDrive/Documents/Unreal Projects/TheMadScientist/Content/TheMadScientist/Art/Character/T_CrouchWalk.uasset" 719
"C:/Users/hugog/OneDrive/Documents/Unreal Projects/TheMadScientist/Content/TheMadScientist/Art/Character/T_CrouchWalk.uexp" 720
"C:/Users/hugog/OneDrive/Documents/Unreal Projects/TheMadScientist/Content/TheMadScientist/Art/Character/T_CrouchWalk_Sprite_0.uasset" 721
"C:/Users/hugog/OneDrive/Documents/Unreal Projects/TheMadScientist/Content/TheMadScientist/Art/Character/T_CrouchWalk_Sprite_0.uexp" 722
"C:/Users/hugog/OneDrive/Documents/Unreal Projects/TheMadScientist/Content/TheMadScientist/Art/Character/T_CrouchWalk_Sprite_1.uasset" 723
"C:/Users/hugog/OneDrive/Documents/Unreal Projects/TheMadScientist/Content/TheMadScientist/Art/Character/T_CrouchWalk_Sprite_1.uexp" 724
"C:/Users/hugog/OneDrive/Documents/Unreal Projects/TheMadScientist/Content/TheMadScientist/Art/Character/T_CrouchWalk_Sprite_2.uasset" 725
"C:/Users/hugog/OneDrive/Documents/Unreal Projects/TheMadScientist/Content/TheMadScientist/Art/Character/T_CrouchWalk_Sprite_2.uexp" 726
"C:/Users/hugog/OneDrive/Documents/Unreal Projects/TheMadScientist/Content/TheMadScientist/Art/Character/PFB_CrouchWalk.uasset" 727
"C:/Users/hugog/OneDrive/Documents/Unreal Projects/TheMadScientist/Content/TheMadScientist/Art/Character/PFB_CrouchWalk.uexp" 728
"C:/Users/hugog/OneDrive/Documents/Unreal Projects/TheMadScientist/Content/TheMadScientist/Core/BP_Scientist.uasset" 729
"C:/Users/hugog/OneDrive/Documents/Unreal Projects/TheMadScientist/Content/TheMadScientist/Core/BP_Scientist.uexp" 730
"C:/Users/hugog/OneDrive/Documents/Unreal Projects/TheMadScientist/Content/TheMadScientist/Core/BP_GameMode.uasset" 731
"C:/Users/hugog/OneDrive/Documents/Unreal Projects/TheMadScientist/Content/TheMadScientist/Core/BP_GameMode.uexp" 732
"C:/Users/hugog/OneDrive/Documents/Unreal Projects/TheMadScientist/Content/TheMadScientist/Core/AIC_Enemy.uasset" 733
"C:/Users/hugog/OneDrive/Documents/Unreal Projects/TheMadScientist/Content/TheMadScientist/Core/AIC_Enemy.uexp" 734
"C:/Users/hugog/OneDrive/Documents/Unreal Projects/TheMadScientist/Content/TheMadScientist/Art/Character/Untitled_01-08-2025_03-31-14.uasset" 735
"C:/Users/hugog/OneDrive/Documents/Unreal Projects/TheMadScientist/Content/TheMadScientist/Art/Character/Untitled_01-08-2025_03-31-14.uexp" 736
"C:/Users/hugog/OneDrive/Documents/Unreal Projects/TheMadScientist/Content/TheMadScientist/Art/Character/Untitled_01-08-2025_03-31-14_Sprite_0.uasset" 737
"C:/Users/hugog/OneDrive/Documents/Unreal Projects/TheMadScientist/Content/TheMadScientist/Art/Character/Untitled_01-08-2025_03-31-14_Sprite_0.uexp" 738
"C:/Users/hugog/OneDrive/Documents/Unreal Projects/TheMadScientist/Content/TheMadScientist/Art/Character/Untitled_01-08-2025_03-31-14_Sprite_1.uasset" 739
"C:/Users/hugog/OneDrive/Documents/Unreal Projects/TheMadScientist/Content/TheMadScientist/Art/Character/Untitled_01-08-2025_03-31-14_Sprite_1.uexp" 740
"C:/Users/hugog/OneDrive/Documents/Unreal Projects/TheMadScientist/Content/TheMadScientist/Art/Character/Untitled_01-08-2025_03-31-14_Sprite_2.uasset" 741
"C:/Users/hugog/OneDrive/Documents/Unreal Projects/TheMadScientist/Content/TheMadScientist/Art/Character/Untitled_01-08-2025_03-31-14_Sprite_2.uexp" 742
"C:/Users/hugog/OneDrive/Documents/Unreal Projects/TheMadScientist/Content/TheMadScientist/Art/Character/Ennemy.uasset" 743
"C:/Users/hugog/OneDrive/Documents/Unreal Projects/TheMadScientist/Content/TheMadScientist/Art/Character/Ennemy.uexp" 744
"C:/Users/hugog/OneDrive/Documents/Unreal Projects/TheMadScientist/Content/TheMadScientist/Core/BP_Enemy1.uasset" 745
"C:/Users/hugog/OneDrive/Documents/Unreal Projects/TheMadScientist/Content/TheMadScientist/Core/BP_Enemy1.uexp" 746
"C:/Users/hugog/OneDrive/Documents/Unreal Projects/TheMadScientist/Content/TheMadScientist/Core/Block/BP_Block_Master.uasset" 747
"C:/Users/hugog/OneDrive/Documents/Unreal Projects/TheMadScientist/Content/TheMadScientist/Core/Block/BP_Block_Master.uexp" 748
"C:/Users/hugog/OneDrive/Documents/Unreal Projects/TheMadScientist/Content/TheMadScientist/Audio/A_Shift.ubulk" 749
"C:/Users/hugog/OneDrive/Documents/Unreal Projects/TheMadScientist/Content/TheMadScientist/Audio/A_Shift.uasset" 750
"C:/Users/hugog/OneDrive/Documents/Unreal Projects/TheMadScientist/Content/TheMadScientist/Audio/A_Shift.uexp" 751
"C:/Users/hugog/OneDrive/Documents/Unreal Projects/TheMadScientist/Content/TheMadScientist/Art/Interactables/ShiftBlock/T_ShiftBlock_Left.uasset" 752
"C:/Users/hugog/OneDrive/Documents/Unreal Projects/TheMadScientist/Content/TheMadScientist/Art/Interactables/ShiftBlock/T_ShiftBlock_Left.uexp" 753
"C:/Users/hugog/OneDrive/Documents/Unreal Projects/TheMadScientist/Content/TheMadScientist/Core/Block/BP_Block_Shift.uasset" 754
"C:/Users/hugog/OneDrive/Documents/Unreal Projects/TheMadScientist/Content/TheMadScientist/Core/Block/BP_Block_Shift.uexp" 755
"C:/Users/hugog/OneDrive/Documents/Unreal Projects/TheMadScientist/Content/TheMadScientist/Art/LevelProps/T_LevelBlock_1.uasset" 756
"C:/Users/hugog/OneDrive/Documents/Unreal Projects/TheMadScientist/Content/TheMadScientist/Art/LevelProps/T_LevelBlock_1.uexp" 757
"C:/Users/hugog/OneDrive/Documents/Unreal Projects/TheMadScientist/Content/TheMadScientist/Art/LevelProps/T_LevelBlock_2.uasset" 758
"C:/Users/hugog/OneDrive/Documents/Unreal Projects/TheMadScientist/Content/TheMadScientist/Art/LevelProps/T_LevelBlock_2.uexp" 759
"C:/Users/hugog/OneDrive/Documents/Unreal Projects/TheMadScientist/Content/TheMadScientist/Core/Block/BP_Block_Level.uasset" 760
"C:/Users/hugog/OneDrive/Documents/Unreal Projects/TheMadScientist/Content/TheMadScientist/Core/Block/BP_Block_Level.uexp" 761
"C:/Users/hugog/OneDrive/Documents/Unreal Projects/TheMadScientist/Content/TheMadScientist/Art/Interactables/Crate/T_Crate_Idle.uasset" 762
"C:/Users/hugog/OneDrive/Documents/Unreal Projects/TheMadScientist/Content/TheMadScientist/Art/Interactables/Crate/T_Crate_Idle.uexp" 763
"C:/Users/hugog/OneDrive/Documents/Unreal Projects/TheMadScientist/Content/TheMadScientist/Art/Interactables/Crate/T_Crate_Cracked.uasset" 764
"C:/Users/hugog/OneDrive/Documents/Unreal Projects/TheMadScientist/Content/TheMadScientist/Art/Interactables/Crate/T_Crate_Cracked.uexp" 765
"C:/Users/hugog/OneDrive/Documents/Unreal Projects/TheMadScientist/Content/TheMadScientist/Core/Block/BP_block_Crate.uasset" 766
"C:/Users/hugog/OneDrive/Documents/Unreal Projects/TheMadScientist/Content/TheMadScientist/Core/Block/BP_block_Crate.uexp" 767
"../../../Engine/Content/MobileResources/HUD/VirtualJoystick_Background.uasset" 768
"../../../Engine/Content/MobileResources/HUD/VirtualJoystick_Background.uexp" 769
"../../../Engine/Content/MobileResources/HUD/VirtualJoystick_Thumb.uasset" 770
"../../../Engine/Content/MobileResources/HUD/VirtualJoystick_Thumb.uexp" 771
"../../../Engine/Content/MobileResources/HUD/DefaultVirtualJoysticks.uasset" 772
"../../../Engine/Content/MobileResources/HUD/DefaultVirtualJoysticks.uexp" 773
"../../../Engine/Content/EngineSky/VolumetricClouds/CloudWeatherTexture.uasset" 774
"../../../Engine/Content/EngineSky/VolumetricClouds/CloudWeatherTexture.uexp" 775
"../../../Engine/Content/Functions/Engine_MaterialFunctions02/Utility/MakeFloat2.uasset" 776
"../../../Engine/Content/Functions/Engine_MaterialFunctions02/Utility/MakeFloat2.uexp" 777
"../../../Engine/Content/EngineSky/VolumetricClouds/CloudGradientTexture.uasset" 778
"../../../Engine/Content/EngineSky/VolumetricClouds/CloudGradientTexture.uexp" 779
"../../../Engine/Content/EngineSky/VolumetricClouds/T_NoiseShape64.ubulk" 780
"../../../Engine/Content/EngineSky/VolumetricClouds/T_NoiseShape64.uasset" 781
"../../../Engine/Content/EngineSky/VolumetricClouds/T_NoiseShape64.uexp" 782
"../../../Engine/Content/EngineSky/VolumetricClouds/T_VolumeNoiseShape64.uasset" 783
"../../../Engine/Content/EngineSky/VolumetricClouds/T_VolumeNoiseShape64.uexp" 784
"../../../Engine/Content/EngineSky/VolumetricClouds/T_NoiseErosion.ubulk" 785
"../../../Engine/Content/EngineSky/VolumetricClouds/T_NoiseErosion.uasset" 786
"../../../Engine/Content/EngineSky/VolumetricClouds/T_NoiseErosion.uexp" 787
"../../../Engine/Content/EngineSky/VolumetricClouds/T_VolumeNoiseErosion32.uasset" 788
"../../../Engine/Content/EngineSky/VolumetricClouds/T_VolumeNoiseErosion32.uexp" 789
"../../../Engine/Content/EngineSky/VolumetricClouds/m_SimpleVolumetricCloud.uasset" 790
"../../../Engine/Content/EngineSky/VolumetricClouds/m_SimpleVolumetricCloud.uexp" 791
"../../../Engine/Content/EngineSky/VolumetricClouds/m_SimpleVolumetricCloud_Inst.uasset" 792
"../../../Engine/Content/EngineSky/VolumetricClouds/m_SimpleVolumetricCloud_Inst.uexp" 793
"../../../Engine/Content/EngineResources/FilmGrains/Marcie_Grain_v3_128_M2_000.uasset" 794
"../../../Engine/Content/EngineResources/FilmGrains/Marcie_Grain_v3_128_M2_000.uexp" 795
"../../../Engine/Content/EditorResources/SequenceRecorder/RecordingIndicator.uasset" 796
"../../../Engine/Content/EditorResources/SequenceRecorder/RecordingIndicator.uexp" 797
"../../../Engine/Content/EditorResources/SequenceRecorder/Countdown.uasset" 798
"../../../Engine/Content/EditorResources/SequenceRecorder/Countdown.uexp" 799
"../../../Engine/Content/Functions/Engine_MaterialFunctions01/Shading/PowerToRoughness.uasset" 800
"../../../Engine/Content/Functions/Engine_MaterialFunctions01/Shading/PowerToRoughness.uexp" 801
"../../../Engine/Content/Functions/Engine_MaterialFunctions01/Shading/ConvertFromDiffSpec.uasset" 802
"../../../Engine/Content/Functions/Engine_MaterialFunctions01/Shading/ConvertFromDiffSpec.uexp" 803
"C:/Users/hugog/OneDrive/Documents/Unreal Projects/TheMadScientist/Content/TheMadScientist/Art/Interactables/ShiftBlock/T_ShiftBlock_Right.uasset" 804
"C:/Users/hugog/OneDrive/Documents/Unreal Projects/TheMadScientist/Content/TheMadScientist/Art/Interactables/ShiftBlock/T_ShiftBlock_Right.uexp" 805
"../../../Engine/Content/Maps/Entry_BuiltData.uasset" 806
"../../../Engine/Content/Maps/Entry_BuiltData.uexp" 807
"../../../Engine/Content/Maps/Entry.uexp" 808
"../../../Engine/Content/Maps/Entry.umap" 809
"C:/Users/hugog/OneDrive/Documents/Unreal Projects/TheMadScientist/Content/TheMadScientist/Audio/A_BG_Music.ubulk" 810
"C:/Users/hugog/OneDrive/Documents/Unreal Projects/TheMadScientist/Content/TheMadScientist/Audio/A_BG_Music.uasset" 811
"C:/Users/hugog/OneDrive/Documents/Unreal Projects/TheMadScientist/Content/TheMadScientist/Audio/A_BG_Music.uexp" 812
"C:/Users/hugog/OneDrive/Documents/Unreal Projects/TheMadScientist/Content/TheMadScientist/Audio/A_Powerup.ubulk" 813
"C:/Users/hugog/OneDrive/Documents/Unreal Projects/TheMadScientist/Content/TheMadScientist/Audio/A_Powerup.uasset" 814
"C:/Users/hugog/OneDrive/Documents/Unreal Projects/TheMadScientist/Content/TheMadScientist/Audio/A_Powerup.uexp" 815
"C:/Users/hugog/OneDrive/Documents/Unreal Projects/TheMadScientist/Content/TheMadScientist/Art/Interactables/Potion/T_Potion.uasset" 816
"C:/Users/hugog/OneDrive/Documents/Unreal Projects/TheMadScientist/Content/TheMadScientist/Art/Interactables/Potion/T_Potion.uexp" 817
"C:/Users/hugog/OneDrive/Documents/Unreal Projects/TheMadScientist/Content/TheMadScientist/Art/Interactables/Potion/T_Potion_Sprite_0.uasset" 818
"C:/Users/hugog/OneDrive/Documents/Unreal Projects/TheMadScientist/Content/TheMadScientist/Art/Interactables/Potion/T_Potion_Sprite_0.uexp" 819
"C:/Users/hugog/OneDrive/Documents/Unreal Projects/TheMadScientist/Content/TheMadScientist/Art/Interactables/Potion/T_Potion_Sprite_1.uasset" 820
"C:/Users/hugog/OneDrive/Documents/Unreal Projects/TheMadScientist/Content/TheMadScientist/Art/Interactables/Potion/T_Potion_Sprite_1.uexp" 821
"C:/Users/hugog/OneDrive/Documents/Unreal Projects/TheMadScientist/Content/TheMadScientist/Art/Interactables/Potion/T_Potion_Sprite_2.uasset" 822
"C:/Users/hugog/OneDrive/Documents/Unreal Projects/TheMadScientist/Content/TheMadScientist/Art/Interactables/Potion/T_Potion_Sprite_2.uexp" 823
"C:/Users/hugog/OneDrive/Documents/Unreal Projects/TheMadScientist/Content/TheMadScientist/Art/Interactables/Potion/T_Potion_Sprite_3.uasset" 824
"C:/Users/hugog/OneDrive/Documents/Unreal Projects/TheMadScientist/Content/TheMadScientist/Art/Interactables/Potion/T_Potion_Sprite_3.uexp" 825
"C:/Users/hugog/OneDrive/Documents/Unreal Projects/TheMadScientist/Content/TheMadScientist/Art/Interactables/Potion/T_Potion_Sprite_4.uasset" 826
"C:/Users/hugog/OneDrive/Documents/Unreal Projects/TheMadScientist/Content/TheMadScientist/Art/Interactables/Potion/T_Potion_Sprite_4.uexp" 827
"C:/Users/hugog/OneDrive/Documents/Unreal Projects/TheMadScientist/Content/TheMadScientist/Art/Interactables/Potion/T_Potion_Sprite_5.uasset" 828
"C:/Users/hugog/OneDrive/Documents/Unreal Projects/TheMadScientist/Content/TheMadScientist/Art/Interactables/Potion/T_Potion_Sprite_5.uexp" 829
"C:/Users/hugog/OneDrive/Documents/Unreal Projects/TheMadScientist/Content/TheMadScientist/Art/Interactables/Potion/T_Potion_Sprite_6.uasset" 830
"C:/Users/hugog/OneDrive/Documents/Unreal Projects/TheMadScientist/Content/TheMadScientist/Art/Interactables/Potion/T_Potion_Sprite_6.uexp" 831
"C:/Users/hugog/OneDrive/Documents/Unreal Projects/TheMadScientist/Content/TheMadScientist/Art/Interactables/Potion/T_Potion_Sprite_7.uasset" 832
"C:/Users/hugog/OneDrive/Documents/Unreal Projects/TheMadScientist/Content/TheMadScientist/Art/Interactables/Potion/T_Potion_Sprite_7.uexp" 833
"C:/Users/hugog/OneDrive/Documents/Unreal Projects/TheMadScientist/Content/TheMadScientist/Art/Interactables/Potion/T_Potion_Sprite_8.uasset" 834
"C:/Users/hugog/OneDrive/Documents/Unreal Projects/TheMadScientist/Content/TheMadScientist/Art/Interactables/Potion/T_Potion_Sprite_8.uexp" 835
"C:/Users/hugog/OneDrive/Documents/Unreal Projects/TheMadScientist/Content/TheMadScientist/Art/Interactables/Potion/T_Potion_Sprite_9.uasset" 836
"C:/Users/hugog/OneDrive/Documents/Unreal Projects/TheMadScientist/Content/TheMadScientist/Art/Interactables/Potion/T_Potion_Sprite_9.uexp" 837
"C:/Users/hugog/OneDrive/Documents/Unreal Projects/TheMadScientist/Content/TheMadScientist/Art/Interactables/Potion/T_Potion_Sprite_10.uasset" 838
"C:/Users/hugog/OneDrive/Documents/Unreal Projects/TheMadScientist/Content/TheMadScientist/Art/Interactables/Potion/T_Potion_Sprite_10.uexp" 839
"C:/Users/hugog/OneDrive/Documents/Unreal Projects/TheMadScientist/Content/TheMadScientist/Art/Interactables/Potion/T_Potion_Sprite_11.uasset" 840
"C:/Users/hugog/OneDrive/Documents/Unreal Projects/TheMadScientist/Content/TheMadScientist/Art/Interactables/Potion/T_Potion_Sprite_11.uexp" 841
"C:/Users/hugog/OneDrive/Documents/Unreal Projects/TheMadScientist/Content/TheMadScientist/Art/Interactables/Potion/PFB_Potion.uasset" 842
"C:/Users/hugog/OneDrive/Documents/Unreal Projects/TheMadScientist/Content/TheMadScientist/Art/Interactables/Potion/PFB_Potion.uexp" 843
"C:/Users/hugog/OneDrive/Documents/Unreal Projects/TheMadScientist/Content/TheMadScientist/Core/BP_Potion.uasset" 844
"C:/Users/hugog/OneDrive/Documents/Unreal Projects/TheMadScientist/Content/TheMadScientist/Core/BP_Potion.uexp" 845
"C:/Users/hugog/OneDrive/Documents/Unreal Projects/TheMadScientist/Content/TheMadScientist/Art/Interactables/PowButton/T_PowButton.uasset" 846
"C:/Users/hugog/OneDrive/Documents/Unreal Projects/TheMadScientist/Content/TheMadScientist/Art/Interactables/PowButton/T_PowButton.uexp" 847
"C:/Users/hugog/OneDrive/Documents/Unreal Projects/TheMadScientist/Content/TheMadScientist/Art/Interactables/PowButton/SPR_PowButton_Pressed.uasset" 848
"C:/Users/hugog/OneDrive/Documents/Unreal Projects/TheMadScientist/Content/TheMadScientist/Art/Interactables/PowButton/SPR_PowButton_Pressed.uexp" 849
"C:/Users/hugog/OneDrive/Documents/Unreal Projects/TheMadScientist/Content/TheMadScientist/Art/Interactables/PowButton/SPR_PowButton_Idle.uasset" 850
"C:/Users/hugog/OneDrive/Documents/Unreal Projects/TheMadScientist/Content/TheMadScientist/Art/Interactables/PowButton/SPR_PowButton_Idle.uexp" 851
"C:/Users/hugog/OneDrive/Documents/Unreal Projects/TheMadScientist/Content/TheMadScientist/Core/BP_PowerButton.uasset" 852
"C:/Users/hugog/OneDrive/Documents/Unreal Projects/TheMadScientist/Content/TheMadScientist/Core/BP_PowerButton.uexp" 853
"C:/Users/hugog/OneDrive/Documents/Unreal Projects/TheMadScientist/Content/TheMadScientist/UI/WBP_InGameHowTo.uasset" 854
"C:/Users/hugog/OneDrive/Documents/Unreal Projects/TheMadScientist/Content/TheMadScientist/UI/WBP_InGameHowTo.uexp" 855
"C:/Users/hugog/OneDrive/Documents/Unreal Projects/TheMadScientist/Content/TheMadScientist/UI/BP_InGameHowTo.uasset" 856
"C:/Users/hugog/OneDrive/Documents/Unreal Projects/TheMadScientist/Content/TheMadScientist/UI/BP_InGameHowTo.uexp" 857
"C:/Users/hugog/OneDrive/Documents/Unreal Projects/TheMadScientist/Content/TheMadScientist/UI/WPB_Menu_Endgame_Lvl2.uasset" 858
"C:/Users/hugog/OneDrive/Documents/Unreal Projects/TheMadScientist/Content/TheMadScientist/UI/WPB_Menu_Endgame_Lvl2.uexp" 859
"C:/Users/hugog/OneDrive/Documents/Unreal Projects/TheMadScientist/Content/TheMadScientist/MaterialLibrary/M_DarkGreen.uasset" 860
"C:/Users/hugog/OneDrive/Documents/Unreal Projects/TheMadScientist/Content/TheMadScientist/MaterialLibrary/M_DarkGreen.uexp" 861
"C:/Users/hugog/OneDrive/Documents/Unreal Projects/TheMadScientist/Content/TheMadScientist/Core/BP_GoalDoor_Lvl2.uasset" 862
"C:/Users/hugog/OneDrive/Documents/Unreal Projects/TheMadScientist/Content/TheMadScientist/Core/BP_GoalDoor_Lvl2.uexp" 863
"C:/Users/hugog/OneDrive/Documents/Unreal Projects/TheMadScientist/Content/TheMadScientist/MaterialLibrary/M_DarkerGreen.uasset" 864
"C:/Users/hugog/OneDrive/Documents/Unreal Projects/TheMadScientist/Content/TheMadScientist/MaterialLibrary/M_DarkerGreen.uexp" 865
"C:/Users/hugog/OneDrive/Documents/Unreal Projects/TheMadScientist/Content/TheMadScientist/maps/MaybeLevel2.uexp" 866
"C:/Users/hugog/OneDrive/Documents/Unreal Projects/TheMadScientist/Content/TheMadScientist/maps/MaybeLevel2.umap" 867
"C:/Users/hugog/OneDrive/Documents/Unreal Projects/TheMadScientist/Content/TheMadScientist/UI/WBP_GameTitle.uasset" 868
"C:/Users/hugog/OneDrive/Documents/Unreal Projects/TheMadScientist/Content/TheMadScientist/UI/WBP_GameTitle.uexp" 869
"C:/Users/hugog/OneDrive/Documents/Unreal Projects/TheMadScientist/Content/TheMadScientist/UI/BP_GameTitle.uasset" 870
"C:/Users/hugog/OneDrive/Documents/Unreal Projects/TheMadScientist/Content/TheMadScientist/UI/BP_GameTitle.uexp" 871
"C:/Users/hugog/OneDrive/Documents/Unreal Projects/TheMadScientist/Content/TheMadScientist/UI/WBP_Menu_EndGame_Lvl1.uasset" 872
"C:/Users/hugog/OneDrive/Documents/Unreal Projects/TheMadScientist/Content/TheMadScientist/UI/WBP_Menu_EndGame_Lvl1.uexp" 873
"C:/Users/hugog/OneDrive/Documents/Unreal Projects/TheMadScientist/Content/TheMadScientist/Core/BP_GoalDoor.uasset" 874
"C:/Users/hugog/OneDrive/Documents/Unreal Projects/TheMadScientist/Content/TheMadScientist/Core/BP_GoalDoor.uexp" 875
"C:/Users/hugog/OneDrive/Documents/Unreal Projects/TheMadScientist/Content/TheMadScientist/Core/BP_WarpZone.uasset" 876
"C:/Users/hugog/OneDrive/Documents/Unreal Projects/TheMadScientist/Content/TheMadScientist/Core/BP_WarpZone.uexp" 877
"C:/Users/hugog/OneDrive/Documents/Unreal Projects/TheMadScientist/Content/TheMadScientist/maps/MaybeLevel1.uexp" 878
"C:/Users/hugog/OneDrive/Documents/Unreal Projects/TheMadScientist/Content/TheMadScientist/maps/MaybeLevel1.umap" 879
